{"C:\\Users\\sutha\\Prabh Musik-Frontend\\prabh_musik\\backend\\src\\app.js": {"path":"C:\\Users\\sutha\\Prabh Musik-Frontend\\prabh_musik\\backend\\src\\app.js","statementMap":{"0":{"start":{"line":62,"column":16},"end":{"line":62,"column":34}},"1":{"start":{"line":63,"column":13},"end":{"line":63,"column":28}},"2":{"start":{"line":64,"column":15},"end":{"line":64,"column":32}},"3":{"start":{"line":65,"column":15},"end":{"line":65,"column":32}},"4":{"start":{"line":66,"column":21},"end":{"line":66,"column":45}},"5":{"start":{"line":68,"column":11},"end":{"line":68,"column":33}},"6":{"start":{"line":69,"column":0},"end":{"line":69,"column":30}},"7":{"start":{"line":71,"column":20},"end":{"line":71,"column":59}},"8":{"start":{"line":72,"column":22},"end":{"line":72,"column":65}},"9":{"start":{"line":73,"column":20},"end":{"line":73,"column":59}},"10":{"start":{"line":74,"column":21},"end":{"line":74,"column":62}},"11":{"start":{"line":75,"column":25},"end":{"line":75,"column":74}},"12":{"start":{"line":76,"column":24},"end":{"line":76,"column":71}},"13":{"start":{"line":77,"column":19},"end":{"line":77,"column":56}},"14":{"start":{"line":78,"column":29},"end":{"line":78,"column":82}},"15":{"start":{"line":80,"column":28},"end":{"line":80,"column":72}},"16":{"start":{"line":81,"column":21},"end":{"line":81,"column":50}},"17":{"start":{"line":83,"column":12},"end":{"line":83,"column":21}},"18":{"start":{"line":86,"column":22},"end":{"line":86,"column":45}},"19":{"start":{"line":87,"column":0},"end":{"line":95,"column":1}},"20":{"start":{"line":88,"column":2},"end":{"line":94,"column":3}},"21":{"start":{"line":89,"column":4},"end":{"line":89,"column":53}},"22":{"start":{"line":90,"column":9},"end":{"line":94,"column":3}},"23":{"start":{"line":91,"column":4},"end":{"line":91,"column":50}},"24":{"start":{"line":93,"column":4},"end":{"line":93,"column":42}},"25":{"start":{"line":98,"column":0},"end":{"line":98,"column":29}},"26":{"start":{"line":101,"column":0},"end":{"line":101,"column":41}},"27":{"start":{"line":102,"column":0},"end":{"line":102,"column":24}},"28":{"start":{"line":103,"column":0},"end":{"line":103,"column":16}},"29":{"start":{"line":104,"column":0},"end":{"line":108,"column":2}},"30":{"start":{"line":109,"column":0},"end":{"line":109,"column":23}},"31":{"start":{"line":111,"column":0},"end":{"line":111,"column":10}},"32":{"start":{"line":113,"column":0},"end":{"line":121,"column":3}},"33":{"start":{"line":114,"column":2},"end":{"line":120,"column":5}},"34":{"start":{"line":123,"column":0},"end":{"line":123,"column":33}},"35":{"start":{"line":124,"column":0},"end":{"line":124,"column":39}},"36":{"start":{"line":125,"column":0},"end":{"line":125,"column":35}},"37":{"start":{"line":126,"column":0},"end":{"line":126,"column":35}},"38":{"start":{"line":127,"column":0},"end":{"line":127,"column":37}},"39":{"start":{"line":128,"column":0},"end":{"line":128,"column":45}},"40":{"start":{"line":129,"column":0},"end":{"line":129,"column":43}},"41":{"start":{"line":130,"column":0},"end":{"line":130,"column":66}},"42":{"start":{"line":133,"column":0},"end":{"line":133,"column":22}},"43":{"start":{"line":135,"column":0},"end":{"line":135,"column":21}}},"fnMap":{"0":{"name":"(anonymous_0)","decl":{"start":{"line":113,"column":23},"end":{"line":113,"column":24}},"loc":{"start":{"line":113,"column":37},"end":{"line":121,"column":1}},"line":113}},"branchMap":{"0":{"loc":{"start":{"line":87,"column":0},"end":{"line":95,"column":1}},"type":"if","locations":[{"start":{"line":87,"column":0},"end":{"line":95,"column":1}},{"start":{},"end":{}}],"line":87},"1":{"loc":{"start":{"line":88,"column":2},"end":{"line":94,"column":3}},"type":"if","locations":[{"start":{"line":88,"column":2},"end":{"line":94,"column":3}},{"start":{"line":90,"column":9},"end":{"line":94,"column":3}}],"line":88},"2":{"loc":{"start":{"line":88,"column":6},"end":{"line":88,"column":59}},"type":"binary-expr","locations":[{"start":{"line":88,"column":6},"end":{"line":88,"column":30}},{"start":{"line":88,"column":34},"end":{"line":88,"column":59}}],"line":88},"3":{"loc":{"start":{"line":90,"column":9},"end":{"line":94,"column":3}},"type":"if","locations":[{"start":{"line":90,"column":9},"end":{"line":94,"column":3}},{"start":{"line":92,"column":9},"end":{"line":94,"column":3}}],"line":90}},"s":{"0":2,"1":2,"2":2,"3":2,"4":2,"5":2,"6":2,"7":2,"8":2,"9":2,"10":2,"11":2,"12":2,"13":2,"14":2,"15":2,"16":2,"17":2,"18":2,"19":2,"20":0,"21":0,"22":0,"23":0,"24":0,"25":2,"26":2,"27":2,"28":2,"29":2,"30":2,"31":2,"32":2,"33":0,"34":2,"35":2,"36":2,"37":2,"38":2,"39":2,"40":2,"41":2,"42":2,"43":2},"f":{"0":0},"b":{"0":[0,2],"1":[0,0],"2":[0,0],"3":[0,0]},"_coverageSchema":"1a1c01bbd47fc00a2c39e90264f33305004495a9","hash":"53020b5d78e7f4cc0942d37ffe38c577ac42c3bd"}
,"C:\\Users\\sutha\\Prabh Musik-Frontend\\prabh_musik\\backend\\src\\config\\db.js": {"path":"C:\\Users\\sutha\\Prabh Musik-Frontend\\prabh_musik\\backend\\src\\config\\db.js","statementMap":{"0":{"start":{"line":1,"column":16},"end":{"line":1,"column":44}},"1":{"start":{"line":2,"column":11},"end":{"line":2,"column":24}},"2":{"start":{"line":3,"column":13},"end":{"line":3,"column":28}},"3":{"start":{"line":5,"column":15},"end":{"line":5,"column":94}},"4":{"start":{"line":6,"column":19},"end":{"line":6,"column":77}},"5":{"start":{"line":7,"column":17},"end":{"line":7,"column":73}},"6":{"start":{"line":10,"column":11},"end":{"line":22,"column":2}},"7":{"start":{"line":11,"column":2},"end":{"line":21,"column":3}},"8":{"start":{"line":12,"column":4},"end":{"line":12,"column":45}},"9":{"start":{"line":14,"column":4},"end":{"line":20,"column":7}},"10":{"start":{"line":15,"column":6},"end":{"line":19,"column":7}},"11":{"start":{"line":16,"column":8},"end":{"line":16,"column":70}},"12":{"start":{"line":18,"column":8},"end":{"line":18,"column":59}},"13":{"start":{"line":25,"column":2},"end":{"line":91,"column":3}},"14":{"start":{"line":26,"column":19},"end":{"line":26,"column":40}},"15":{"start":{"line":27,"column":19},"end":{"line":27,"column":54}},"16":{"start":{"line":30,"column":6},"end":{"line":30,"column":53}},"17":{"start":{"line":31,"column":6},"end":{"line":53,"column":9}},"18":{"start":{"line":32,"column":8},"end":{"line":35,"column":9}},"19":{"start":{"line":33,"column":10},"end":{"line":33,"column":47}},"20":{"start":{"line":34,"column":10},"end":{"line":34,"column":17}},"21":{"start":{"line":36,"column":8},"end":{"line":36,"column":61}},"22":{"start":{"line":37,"column":8},"end":{"line":52,"column":9}},"23":{"start":{"line":38,"column":10},"end":{"line":49,"column":11}},"24":{"start":{"line":39,"column":25},"end":{"line":39,"column":58}},"25":{"start":{"line":40,"column":12},"end":{"line":48,"column":13}},"26":{"start":{"line":41,"column":14},"end":{"line":47,"column":17}},"27":{"start":{"line":42,"column":16},"end":{"line":46,"column":17}},"28":{"start":{"line":43,"column":18},"end":{"line":43,"column":72}},"29":{"start":{"line":45,"column":18},"end":{"line":45,"column":76}},"30":{"start":{"line":51,"column":10},"end":{"line":51,"column":70}},"31":{"start":{"line":56,"column":4},"end":{"line":59,"column":5}},"32":{"start":{"line":57,"column":6},"end":{"line":57,"column":27}},"33":{"start":{"line":58,"column":6},"end":{"line":58,"column":13}},"34":{"start":{"line":62,"column":4},"end":{"line":88,"column":6}},"35":{"start":{"line":65,"column":8},"end":{"line":68,"column":9}},"36":{"start":{"line":66,"column":10},"end":{"line":66,"column":80}},"37":{"start":{"line":67,"column":10},"end":{"line":67,"column":17}},"38":{"start":{"line":69,"column":8},"end":{"line":86,"column":9}},"39":{"start":{"line":70,"column":10},"end":{"line":70,"column":102}},"40":{"start":{"line":71,"column":10},"end":{"line":71,"column":31}},"41":{"start":{"line":73,"column":10},"end":{"line":73,"column":87}},"42":{"start":{"line":75,"column":10},"end":{"line":85,"column":13}},"43":{"start":{"line":76,"column":12},"end":{"line":84,"column":13}},"44":{"start":{"line":77,"column":14},"end":{"line":81,"column":15}},"45":{"start":{"line":78,"column":16},"end":{"line":78,"column":90}},"46":{"start":{"line":80,"column":16},"end":{"line":80,"column":112}},"47":{"start":{"line":83,"column":14},"end":{"line":83,"column":102}},"48":{"start":{"line":90,"column":4},"end":{"line":90,"column":74}},"49":{"start":{"line":94,"column":0},"end":{"line":94,"column":30}}},"fnMap":{"0":{"name":"(anonymous_0)","decl":{"start":{"line":10,"column":40},"end":{"line":10,"column":41}},"loc":{"start":{"line":10,"column":49},"end":{"line":22,"column":1}},"line":10},"1":{"name":"(anonymous_1)","decl":{"start":{"line":14,"column":40},"end":{"line":14,"column":41}},"loc":{"start":{"line":14,"column":51},"end":{"line":20,"column":5}},"line":14},"2":{"name":"init","decl":{"start":{"line":24,"column":9},"end":{"line":24,"column":13}},"loc":{"start":{"line":24,"column":16},"end":{"line":92,"column":1}},"line":24},"3":{"name":"applySchemaAndSeed","decl":{"start":{"line":29,"column":13},"end":{"line":29,"column":31}},"loc":{"start":{"line":29,"column":34},"end":{"line":54,"column":5}},"line":29},"4":{"name":"(anonymous_4)","decl":{"start":{"line":31,"column":22},"end":{"line":31,"column":23}},"loc":{"start":{"line":31,"column":31},"end":{"line":53,"column":7}},"line":31},"5":{"name":"(anonymous_5)","decl":{"start":{"line":41,"column":28},"end":{"line":41,"column":29}},"loc":{"start":{"line":41,"column":38},"end":{"line":47,"column":15}},"line":41},"6":{"name":"(anonymous_6)","decl":{"start":{"line":64,"column":6},"end":{"line":64,"column":7}},"loc":{"start":{"line":64,"column":20},"end":{"line":87,"column":7}},"line":64},"7":{"name":"(anonymous_7)","decl":{"start":{"line":75,"column":78},"end":{"line":75,"column":79}},"loc":{"start":{"line":75,"column":92},"end":{"line":85,"column":11}},"line":75}},"branchMap":{"0":{"loc":{"start":{"line":5,"column":15},"end":{"line":5,"column":94}},"type":"binary-expr","locations":[{"start":{"line":5,"column":15},"end":{"line":5,"column":34}},{"start":{"line":5,"column":38},"end":{"line":5,"column":94}}],"line":5},"1":{"loc":{"start":{"line":11,"column":2},"end":{"line":21,"column":3}},"type":"if","locations":[{"start":{"line":11,"column":2},"end":{"line":21,"column":3}},{"start":{"line":13,"column":9},"end":{"line":21,"column":3}}],"line":11},"2":{"loc":{"start":{"line":15,"column":6},"end":{"line":19,"column":7}},"type":"if","locations":[{"start":{"line":15,"column":6},"end":{"line":19,"column":7}},{"start":{"line":17,"column":13},"end":{"line":19,"column":7}}],"line":15},"3":{"loc":{"start":{"line":32,"column":8},"end":{"line":35,"column":9}},"type":"if","locations":[{"start":{"line":32,"column":8},"end":{"line":35,"column":9}},{"start":{},"end":{}}],"line":32},"4":{"loc":{"start":{"line":38,"column":10},"end":{"line":49,"column":11}},"type":"if","locations":[{"start":{"line":38,"column":10},"end":{"line":49,"column":11}},{"start":{},"end":{}}],"line":38},"5":{"loc":{"start":{"line":40,"column":12},"end":{"line":48,"column":13}},"type":"if","locations":[{"start":{"line":40,"column":12},"end":{"line":48,"column":13}},{"start":{},"end":{}}],"line":40},"6":{"loc":{"start":{"line":40,"column":16},"end":{"line":40,"column":35}},"type":"binary-expr","locations":[{"start":{"line":40,"column":16},"end":{"line":40,"column":20}},{"start":{"line":40,"column":24},"end":{"line":40,"column":35}}],"line":40},"7":{"loc":{"start":{"line":42,"column":16},"end":{"line":46,"column":17}},"type":"if","locations":[{"start":{"line":42,"column":16},"end":{"line":46,"column":17}},{"start":{"line":44,"column":23},"end":{"line":46,"column":17}}],"line":42},"8":{"loc":{"start":{"line":43,"column":50},"end":{"line":43,"column":70}},"type":"binary-expr","locations":[{"start":{"line":43,"column":50},"end":{"line":43,"column":62}},{"start":{"line":43,"column":66},"end":{"line":43,"column":70}}],"line":43},"9":{"loc":{"start":{"line":51,"column":54},"end":{"line":51,"column":68}},"type":"binary-expr","locations":[{"start":{"line":51,"column":54},"end":{"line":51,"column":63}},{"start":{"line":51,"column":67},"end":{"line":51,"column":68}}],"line":51},"10":{"loc":{"start":{"line":56,"column":4},"end":{"line":59,"column":5}},"type":"if","locations":[{"start":{"line":56,"column":4},"end":{"line":59,"column":5}},{"start":{},"end":{}}],"line":56},"11":{"loc":{"start":{"line":65,"column":8},"end":{"line":68,"column":9}},"type":"if","locations":[{"start":{"line":65,"column":8},"end":{"line":68,"column":9}},{"start":{},"end":{}}],"line":65},"12":{"loc":{"start":{"line":66,"column":60},"end":{"line":66,"column":78}},"type":"binary-expr","locations":[{"start":{"line":66,"column":60},"end":{"line":66,"column":71}},{"start":{"line":66,"column":75},"end":{"line":66,"column":78}}],"line":66},"13":{"loc":{"start":{"line":69,"column":8},"end":{"line":86,"column":9}},"type":"if","locations":[{"start":{"line":69,"column":8},"end":{"line":86,"column":9}},{"start":{"line":72,"column":15},"end":{"line":86,"column":9}}],"line":69},"14":{"loc":{"start":{"line":76,"column":12},"end":{"line":84,"column":13}},"type":"if","locations":[{"start":{"line":76,"column":12},"end":{"line":84,"column":13}},{"start":{"line":82,"column":19},"end":{"line":84,"column":13}}],"line":76},"15":{"loc":{"start":{"line":77,"column":14},"end":{"line":81,"column":15}},"type":"if","locations":[{"start":{"line":77,"column":14},"end":{"line":81,"column":15}},{"start":{"line":79,"column":21},"end":{"line":81,"column":15}}],"line":77},"16":{"loc":{"start":{"line":90,"column":54},"end":{"line":90,"column":72}},"type":"binary-expr","locations":[{"start":{"line":90,"column":54},"end":{"line":90,"column":65}},{"start":{"line":90,"column":69},"end":{"line":90,"column":72}}],"line":90}},"s":{"0":3,"1":3,"2":3,"3":3,"4":3,"5":3,"6":3,"7":3,"8":0,"9":3,"10":3,"11":0,"12":3,"13":2,"14":2,"15":2,"16":2,"17":2,"18":2,"19":0,"20":0,"21":2,"22":2,"23":2,"24":2,"25":2,"26":2,"27":2,"28":0,"29":2,"30":0,"31":2,"32":0,"33":0,"34":2,"35":2,"36":0,"37":0,"38":2,"39":2,"40":2,"41":0,"42":0,"43":0,"44":0,"45":0,"46":0,"47":0,"48":0,"49":3},"f":{"0":3,"1":3,"2":2,"3":2,"4":2,"5":2,"6":2,"7":0},"b":{"0":[3,0],"1":[0,3],"2":[0,3],"3":[0,2],"4":[2,0],"5":[2,0],"6":[2,2],"7":[0,2],"8":[0,0],"9":[0,0],"10":[0,2],"11":[0,2],"12":[0,0],"13":[2,0],"14":[0,0],"15":[0,0],"16":[0,0]},"_coverageSchema":"1a1c01bbd47fc00a2c39e90264f33305004495a9","hash":"6ebdee3d3cc0d1a6d52a9d610501f668737bc8fc"}
,"C:\\Users\\sutha\\Prabh Musik-Frontend\\prabh_musik\\backend\\src\\config\\download.config.js": {"path":"C:\\Users\\sutha\\Prabh Musik-Frontend\\prabh_musik\\backend\\src\\config\\download.config.js","statementMap":{"0":{"start":{"line":1,"column":0},"end":{"line":8,"column":2}}},"fnMap":{},"branchMap":{},"s":{"0":2},"f":{},"b":{},"_coverageSchema":"1a1c01bbd47fc00a2c39e90264f33305004495a9","hash":"f2c50741a10d3abeea1ac38cb1a471269df50d29"}
,"C:\\Users\\sutha\\Prabh Musik-Frontend\\prabh_musik\\backend\\src\\config\\env.js": {"path":"C:\\Users\\sutha\\Prabh Musik-Frontend\\prabh_musik\\backend\\src\\config\\env.js","statementMap":{"0":{"start":{"line":6,"column":12},"end":{"line":39,"column":1}},"1":{"start":{"line":41,"column":0},"end":{"line":41,"column":21}}},"fnMap":{},"branchMap":{"0":{"loc":{"start":{"line":8,"column":17},"end":{"line":8,"column":43}},"type":"binary-expr","locations":[{"start":{"line":8,"column":17},"end":{"line":8,"column":33}},{"start":{"line":8,"column":37},"end":{"line":8,"column":43}}],"line":8},"1":{"loc":{"start":{"line":11,"column":14},"end":{"line":11,"column":45}},"type":"binary-expr","locations":[{"start":{"line":11,"column":14},"end":{"line":11,"column":36}},{"start":{"line":11,"column":40},"end":{"line":11,"column":45}}],"line":11},"2":{"loc":{"start":{"line":14,"column":21},"end":{"line":14,"column":103}},"type":"binary-expr","locations":[{"start":{"line":14,"column":21},"end":{"line":14,"column":50}},{"start":{"line":14,"column":54},"end":{"line":14,"column":103}}],"line":14},"3":{"loc":{"start":{"line":17,"column":22},"end":{"line":17,"column":106}},"type":"binary-expr","locations":[{"start":{"line":17,"column":22},"end":{"line":17,"column":52}},{"start":{"line":17,"column":56},"end":{"line":17,"column":106}}],"line":17},"4":{"loc":{"start":{"line":20,"column":23},"end":{"line":20,"column":63}},"type":"binary-expr","locations":[{"start":{"line":20,"column":23},"end":{"line":20,"column":54}},{"start":{"line":20,"column":58},"end":{"line":20,"column":63}}],"line":20},"5":{"loc":{"start":{"line":23,"column":24},"end":{"line":23,"column":65}},"type":"binary-expr","locations":[{"start":{"line":23,"column":24},"end":{"line":23,"column":56}},{"start":{"line":23,"column":60},"end":{"line":23,"column":65}}],"line":23},"6":{"loc":{"start":{"line":26,"column":40},"end":{"line":26,"column":88}},"type":"binary-expr","locations":[{"start":{"line":26,"column":40},"end":{"line":26,"column":79}},{"start":{"line":26,"column":83},"end":{"line":26,"column":88}}],"line":26},"7":{"loc":{"start":{"line":29,"column":32},"end":{"line":29,"column":71}},"type":"binary-expr","locations":[{"start":{"line":29,"column":32},"end":{"line":29,"column":63}},{"start":{"line":29,"column":67},"end":{"line":29,"column":71}}],"line":29},"8":{"loc":{"start":{"line":32,"column":17},"end":{"line":32,"column":94}},"type":"binary-expr","locations":[{"start":{"line":32,"column":17},"end":{"line":32,"column":53}},{"start":{"line":32,"column":57},"end":{"line":32,"column":94}}],"line":32},"9":{"loc":{"start":{"line":35,"column":17},"end":{"line":35,"column":55}},"type":"binary-expr","locations":[{"start":{"line":35,"column":17},"end":{"line":35,"column":42}},{"start":{"line":35,"column":46},"end":{"line":35,"column":55}}],"line":35},"10":{"loc":{"start":{"line":38,"column":20},"end":{"line":38,"column":57}},"type":"binary-expr","locations":[{"start":{"line":38,"column":20},"end":{"line":38,"column":48}},{"start":{"line":38,"column":52},"end":{"line":38,"column":57}}],"line":38}},"s":{"0":3,"1":3},"f":{},"b":{"0":[3,3],"1":[3,3],"2":[3,0],"3":[3,0],"4":[3,3],"5":[3,3],"6":[3,0],"7":[3,0],"8":[3,3],"9":[3,3],"10":[3,3]},"_coverageSchema":"1a1c01bbd47fc00a2c39e90264f33305004495a9","hash":"ec69bdbc9b0db84855781c65ab64a0afb08a363a"}
,"C:\\Users\\sutha\\Prabh Musik-Frontend\\prabh_musik\\backend\\src\\config\\errorCodes.js": {"path":"C:\\Users\\sutha\\Prabh Musik-Frontend\\prabh_musik\\backend\\src\\config\\errorCodes.js","statementMap":{"0":{"start":{"line":5,"column":20},"end":{"line":20,"column":1}},"1":{"start":{"line":22,"column":0},"end":{"line":22,"column":29}}},"fnMap":{},"branchMap":{},"s":{"0":3,"1":3},"f":{},"b":{},"_coverageSchema":"1a1c01bbd47fc00a2c39e90264f33305004495a9","hash":"b137861c9666dacf7b1ad05c5374ca44d641b2ad"}
,"C:\\Users\\sutha\\Prabh Musik-Frontend\\prabh_musik\\backend\\src\\config\\r2.js": {"path":"C:\\Users\\sutha\\Prabh Musik-Frontend\\prabh_musik\\backend\\src\\config\\r2.js","statementMap":{"0":{"start":{"line":2,"column":21},"end":{"line":2,"column":50}},"1":{"start":{"line":4,"column":11},"end":{"line":12,"column":2}},"2":{"start":{"line":14,"column":0},"end":{"line":14,"column":20}}},"fnMap":{},"branchMap":{},"s":{"0":2,"1":2,"2":2},"f":{},"b":{},"_coverageSchema":"1a1c01bbd47fc00a2c39e90264f33305004495a9","hash":"852210c7ba3217e85d572120de09abb5bc97f145"}
,"C:\\Users\\sutha\\Prabh Musik-Frontend\\prabh_musik\\backend\\src\\config\\revocationReasons.js": {"path":"C:\\Users\\sutha\\Prabh Musik-Frontend\\prabh_musik\\backend\\src\\config\\revocationReasons.js","statementMap":{"0":{"start":{"line":5,"column":27},"end":{"line":11,"column":1}},"1":{"start":{"line":13,"column":0},"end":{"line":13,"column":36}}},"fnMap":{},"branchMap":{},"s":{"0":3,"1":3},"f":{},"b":{},"_coverageSchema":"1a1c01bbd47fc00a2c39e90264f33305004495a9","hash":"990cb6387013c72c44a67ed6ce8c5b39b8fa5001"}
,"C:\\Users\\sutha\\Prabh Musik-Frontend\\prabh_musik\\backend\\src\\config\\transaction.js": {"path":"C:\\Users\\sutha\\Prabh Musik-Frontend\\prabh_musik\\backend\\src\\config\\transaction.js","statementMap":{"0":{"start":{"line":6,"column":15},"end":{"line":6,"column":30}},"1":{"start":{"line":16,"column":27},"end":{"line":38,"column":1}},"2":{"start":{"line":17,"column":2},"end":{"line":37,"column":5}},"3":{"start":{"line":18,"column":4},"end":{"line":36,"column":7}},"4":{"start":{"line":19,"column":6},"end":{"line":35,"column":9}},"5":{"start":{"line":20,"column":8},"end":{"line":20,"column":36}},"6":{"start":{"line":20,"column":17},"end":{"line":20,"column":36}},"7":{"start":{"line":21,"column":8},"end":{"line":34,"column":9}},"8":{"start":{"line":22,"column":25},"end":{"line":22,"column":43}},"9":{"start":{"line":23,"column":10},"end":{"line":30,"column":13}},"10":{"start":{"line":24,"column":12},"end":{"line":29,"column":13}},"11":{"start":{"line":25,"column":14},"end":{"line":25,"column":33}},"12":{"start":{"line":26,"column":14},"end":{"line":26,"column":32}},"13":{"start":{"line":28,"column":14},"end":{"line":28,"column":30}},"14":{"start":{"line":32,"column":10},"end":{"line":32,"column":29}},"15":{"start":{"line":33,"column":10},"end":{"line":33,"column":24}},"16":{"start":{"line":40,"column":0},"end":{"line":42,"column":2}}},"fnMap":{"0":{"name":"(anonymous_0)","decl":{"start":{"line":16,"column":27},"end":{"line":16,"column":28}},"loc":{"start":{"line":16,"column":47},"end":{"line":38,"column":1}},"line":16},"1":{"name":"(anonymous_1)","decl":{"start":{"line":17,"column":21},"end":{"line":17,"column":22}},"loc":{"start":{"line":17,"column":42},"end":{"line":37,"column":3}},"line":17},"2":{"name":"(anonymous_2)","decl":{"start":{"line":18,"column":17},"end":{"line":18,"column":18}},"loc":{"start":{"line":18,"column":23},"end":{"line":36,"column":5}},"line":18},"3":{"name":"(anonymous_3)","decl":{"start":{"line":19,"column":34},"end":{"line":19,"column":35}},"loc":{"start":{"line":19,"column":49},"end":{"line":35,"column":7}},"line":19},"4":{"name":"(anonymous_4)","decl":{"start":{"line":23,"column":27},"end":{"line":23,"column":28}},"loc":{"start":{"line":23,"column":42},"end":{"line":30,"column":11}},"line":23}},"branchMap":{"0":{"loc":{"start":{"line":20,"column":8},"end":{"line":20,"column":36}},"type":"if","locations":[{"start":{"line":20,"column":8},"end":{"line":20,"column":36}},{"start":{},"end":{}}],"line":20},"1":{"loc":{"start":{"line":24,"column":12},"end":{"line":29,"column":13}},"type":"if","locations":[{"start":{"line":24,"column":12},"end":{"line":29,"column":13}},{"start":{"line":27,"column":19},"end":{"line":29,"column":13}}],"line":24}},"s":{"0":3,"1":3,"2":65,"3":65,"4":65,"5":65,"6":0,"7":65,"8":65,"9":62,"10":62,"11":0,"12":0,"13":62,"14":3,"15":3,"16":3},"f":{"0":65,"1":65,"2":65,"3":65,"4":62},"b":{"0":[0,65],"1":[0,62]},"_coverageSchema":"1a1c01bbd47fc00a2c39e90264f33305004495a9","hash":"12532478ea4ccbd2dceae2fda3e6d50a5ffdbb75"}
,"C:\\Users\\sutha\\Prabh Musik-Frontend\\prabh_musik\\backend\\src\\errors\\AppError.js": {"path":"C:\\Users\\sutha\\Prabh Musik-Frontend\\prabh_musik\\backend\\src\\errors\\AppError.js","statementMap":{"0":{"start":{"line":11,"column":4},"end":{"line":11,"column":19}},"1":{"start":{"line":12,"column":4},"end":{"line":12,"column":33}},"2":{"start":{"line":13,"column":4},"end":{"line":13,"column":29}},"3":{"start":{"line":14,"column":4},"end":{"line":14,"column":30}},"4":{"start":{"line":16,"column":4},"end":{"line":16,"column":52}},"5":{"start":{"line":20,"column":0},"end":{"line":20,"column":26}}},"fnMap":{"0":{"name":"(anonymous_0)","decl":{"start":{"line":10,"column":2},"end":{"line":10,"column":3}},"loc":{"start":{"line":10,"column":41},"end":{"line":17,"column":3}},"line":10}},"branchMap":{"0":{"loc":{"start":{"line":10,"column":23},"end":{"line":10,"column":39}},"type":"default-arg","locations":[{"start":{"line":10,"column":36},"end":{"line":10,"column":39}}],"line":10}},"s":{"0":24,"1":24,"2":24,"3":24,"4":24,"5":4},"f":{"0":24},"b":{"0":[0]},"_coverageSchema":"1a1c01bbd47fc00a2c39e90264f33305004495a9","hash":"d84853b3b5cfb741c1728669cb855865d00cc156"}
,"C:\\Users\\sutha\\Prabh Musik-Frontend\\prabh_musik\\backend\\src\\errors\\ConflictError.js": {"path":"C:\\Users\\sutha\\Prabh Musik-Frontend\\prabh_musik\\backend\\src\\errors\\ConflictError.js","statementMap":{"0":{"start":{"line":6,"column":17},"end":{"line":6,"column":38}},"1":{"start":{"line":13,"column":4},"end":{"line":13,"column":24}},"2":{"start":{"line":14,"column":4},"end":{"line":14,"column":32}},"3":{"start":{"line":15,"column":4},"end":{"line":15,"column":39}},"4":{"start":{"line":19,"column":0},"end":{"line":19,"column":31}}},"fnMap":{"0":{"name":"(anonymous_0)","decl":{"start":{"line":12,"column":2},"end":{"line":12,"column":3}},"loc":{"start":{"line":12,"column":23},"end":{"line":16,"column":3}},"line":12}},"branchMap":{},"s":{"0":4,"1":5,"2":5,"3":5,"4":4},"f":{"0":5},"b":{},"_coverageSchema":"1a1c01bbd47fc00a2c39e90264f33305004495a9","hash":"c60d64f91e571632eaa4ec1024738399b4bd3a27"}
,"C:\\Users\\sutha\\Prabh Musik-Frontend\\prabh_musik\\backend\\src\\errors\\RepositoryError.js": {"path":"C:\\Users\\sutha\\Prabh Musik-Frontend\\prabh_musik\\backend\\src\\errors\\RepositoryError.js","statementMap":{"0":{"start":{"line":12,"column":4},"end":{"line":12,"column":19}},"1":{"start":{"line":13,"column":4},"end":{"line":13,"column":34}},"2":{"start":{"line":14,"column":4},"end":{"line":14,"column":39}},"3":{"start":{"line":17,"column":4},"end":{"line":19,"column":5}},"4":{"start":{"line":18,"column":6},"end":{"line":18,"column":53}},"5":{"start":{"line":23,"column":0},"end":{"line":23,"column":33}}},"fnMap":{"0":{"name":"(anonymous_0)","decl":{"start":{"line":11,"column":2},"end":{"line":11,"column":3}},"loc":{"start":{"line":11,"column":45},"end":{"line":20,"column":3}},"line":11}},"branchMap":{"0":{"loc":{"start":{"line":11,"column":23},"end":{"line":11,"column":43}},"type":"default-arg","locations":[{"start":{"line":11,"column":39},"end":{"line":11,"column":43}}],"line":11},"1":{"loc":{"start":{"line":17,"column":4},"end":{"line":19,"column":5}},"type":"if","locations":[{"start":{"line":17,"column":4},"end":{"line":19,"column":5}},{"start":{},"end":{}}],"line":17}},"s":{"0":1,"1":1,"2":1,"3":1,"4":1,"5":3},"f":{"0":1},"b":{"0":[0],"1":[1,0]},"_coverageSchema":"1a1c01bbd47fc00a2c39e90264f33305004495a9","hash":"c2d18771fd487730ba8ddd9d8960e50a9a21c886"}
,"C:\\Users\\sutha\\Prabh Musik-Frontend\\prabh_musik\\backend\\src\\middleware\\auth.middleware.js": {"path":"C:\\Users\\sutha\\Prabh Musik-Frontend\\prabh_musik\\backend\\src\\middleware\\auth.middleware.js","statementMap":{"0":{"start":{"line":6,"column":17},"end":{"line":6,"column":46}},"1":{"start":{"line":7,"column":16},"end":{"line":7,"column":39}},"2":{"start":{"line":8,"column":20},"end":{"line":8,"column":51}},"3":{"start":{"line":19,"column":23},"end":{"line":46,"column":1}},"4":{"start":{"line":20,"column":21},"end":{"line":20,"column":46}},"5":{"start":{"line":21,"column":2},"end":{"line":25,"column":3}},"6":{"start":{"line":22,"column":16},"end":{"line":22,"column":80}},"7":{"start":{"line":23,"column":4},"end":{"line":23,"column":45}},"8":{"start":{"line":24,"column":4},"end":{"line":24,"column":21}},"9":{"start":{"line":27,"column":16},"end":{"line":27,"column":40}},"10":{"start":{"line":28,"column":2},"end":{"line":45,"column":3}},"11":{"start":{"line":29,"column":20},"end":{"line":29,"column":52}},"12":{"start":{"line":30,"column":4},"end":{"line":34,"column":5}},"13":{"start":{"line":31,"column":18},"end":{"line":31,"column":82}},"14":{"start":{"line":32,"column":6},"end":{"line":32,"column":47}},"15":{"start":{"line":33,"column":6},"end":{"line":33,"column":23}},"16":{"start":{"line":35,"column":4},"end":{"line":39,"column":6}},"17":{"start":{"line":40,"column":4},"end":{"line":40,"column":11}},"18":{"start":{"line":42,"column":16},"end":{"line":42,"column":80}},"19":{"start":{"line":43,"column":4},"end":{"line":43,"column":45}},"20":{"start":{"line":44,"column":4},"end":{"line":44,"column":21}},"21":{"start":{"line":48,"column":0},"end":{"line":48,"column":32}}},"fnMap":{"0":{"name":"(anonymous_0)","decl":{"start":{"line":19,"column":23},"end":{"line":19,"column":24}},"loc":{"start":{"line":19,"column":43},"end":{"line":46,"column":1}},"line":19}},"branchMap":{"0":{"loc":{"start":{"line":21,"column":2},"end":{"line":25,"column":3}},"type":"if","locations":[{"start":{"line":21,"column":2},"end":{"line":25,"column":3}},{"start":{},"end":{}}],"line":21},"1":{"loc":{"start":{"line":21,"column":6},"end":{"line":21,"column":54}},"type":"binary-expr","locations":[{"start":{"line":21,"column":6},"end":{"line":21,"column":17}},{"start":{"line":21,"column":21},"end":{"line":21,"column":54}}],"line":21},"2":{"loc":{"start":{"line":30,"column":4},"end":{"line":34,"column":5}},"type":"if","locations":[{"start":{"line":30,"column":4},"end":{"line":34,"column":5}},{"start":{},"end":{}}],"line":30},"3":{"loc":{"start":{"line":30,"column":8},"end":{"line":30,"column":32}},"type":"binary-expr","locations":[{"start":{"line":30,"column":8},"end":{"line":30,"column":16}},{"start":{"line":30,"column":20},"end":{"line":30,"column":32}}],"line":30}},"s":{"0":2,"1":2,"2":2,"3":2,"4":7,"5":7,"6":1,"7":1,"8":1,"9":6,"10":6,"11":6,"12":4,"13":0,"14":0,"15":0,"16":4,"17":4,"18":2,"19":2,"20":2,"21":2},"f":{"0":7},"b":{"0":[1,6],"1":[7,6],"2":[0,4],"3":[4,4]},"_coverageSchema":"1a1c01bbd47fc00a2c39e90264f33305004495a9","hash":"2c73811812da969f37c7d93bc07fa297256917bd"}
,"C:\\Users\\sutha\\Prabh Musik-Frontend\\prabh_musik\\backend\\src\\middleware\\error.js": {"path":"C:\\Users\\sutha\\Prabh Musik-Frontend\\prabh_musik\\backend\\src\\middleware\\error.js","statementMap":{"0":{"start":{"line":6,"column":15},"end":{"line":6,"column":41}},"1":{"start":{"line":7,"column":20},"end":{"line":7,"column":51}},"2":{"start":{"line":18,"column":21},"end":{"line":70,"column":1}},"3":{"start":{"line":19,"column":23},"end":{"line":19,"column":60}},"4":{"start":{"line":20,"column":20},"end":{"line":20,"column":34}},"5":{"start":{"line":22,"column":19},"end":{"line":22,"column":54}},"6":{"start":{"line":23,"column":18},"end":{"line":23,"column":68}},"7":{"start":{"line":24,"column":16},"end":{"line":24,"column":54}},"8":{"start":{"line":25,"column":16},"end":{"line":25,"column":35}},"9":{"start":{"line":27,"column":24},"end":{"line":27,"column":50}},"10":{"start":{"line":29,"column":2},"end":{"line":54,"column":3}},"11":{"start":{"line":31,"column":4},"end":{"line":31,"column":21}},"12":{"start":{"line":32,"column":4},"end":{"line":32,"column":50}},"13":{"start":{"line":35,"column":4},"end":{"line":40,"column":7}},"14":{"start":{"line":42,"column":4},"end":{"line":42,"column":46}},"15":{"start":{"line":43,"column":4},"end":{"line":43,"column":19}},"16":{"start":{"line":46,"column":4},"end":{"line":53,"column":7}},"17":{"start":{"line":56,"column":26},"end":{"line":62,"column":3}},"18":{"start":{"line":65,"column":2},"end":{"line":67,"column":3}},"19":{"start":{"line":66,"column":4},"end":{"line":66,"column":38}},"20":{"start":{"line":69,"column":2},"end":{"line":69,"column":47}},"21":{"start":{"line":72,"column":0},"end":{"line":72,"column":30}}},"fnMap":{"0":{"name":"(anonymous_0)","decl":{"start":{"line":18,"column":21},"end":{"line":18,"column":22}},"loc":{"start":{"line":18,"column":46},"end":{"line":70,"column":1}},"line":18}},"branchMap":{"0":{"loc":{"start":{"line":20,"column":20},"end":{"line":20,"column":34}},"type":"binary-expr","locations":[{"start":{"line":20,"column":20},"end":{"line":20,"column":26}},{"start":{"line":20,"column":30},"end":{"line":20,"column":34}}],"line":20},"1":{"loc":{"start":{"line":22,"column":19},"end":{"line":22,"column":54}},"type":"binary-expr","locations":[{"start":{"line":22,"column":19},"end":{"line":22,"column":33}},{"start":{"line":22,"column":37},"end":{"line":22,"column":47}},{"start":{"line":22,"column":51},"end":{"line":22,"column":54}}],"line":22},"2":{"loc":{"start":{"line":23,"column":18},"end":{"line":23,"column":68}},"type":"binary-expr","locations":[{"start":{"line":23,"column":18},"end":{"line":23,"column":31}},{"start":{"line":23,"column":35},"end":{"line":23,"column":68}}],"line":23},"3":{"loc":{"start":{"line":24,"column":16},"end":{"line":24,"column":54}},"type":"binary-expr","locations":[{"start":{"line":24,"column":16},"end":{"line":24,"column":27}},{"start":{"line":24,"column":31},"end":{"line":24,"column":54}}],"line":24},"4":{"loc":{"start":{"line":25,"column":16},"end":{"line":25,"column":35}},"type":"binary-expr","locations":[{"start":{"line":25,"column":16},"end":{"line":25,"column":27}},{"start":{"line":25,"column":31},"end":{"line":25,"column":35}}],"line":25},"5":{"loc":{"start":{"line":29,"column":2},"end":{"line":54,"column":3}},"type":"if","locations":[{"start":{"line":29,"column":2},"end":{"line":54,"column":3}},{"start":{"line":44,"column":9},"end":{"line":54,"column":3}}],"line":29},"6":{"loc":{"start":{"line":65,"column":2},"end":{"line":67,"column":3}},"type":"if","locations":[{"start":{"line":65,"column":2},"end":{"line":67,"column":3}},{"start":{},"end":{}}],"line":65},"7":{"loc":{"start":{"line":65,"column":6},"end":{"line":65,"column":37}},"type":"binary-expr","locations":[{"start":{"line":65,"column":6},"end":{"line":65,"column":19}},{"start":{"line":65,"column":23},"end":{"line":65,"column":37}}],"line":65}},"s":{"0":2,"1":2,"2":2,"3":25,"4":25,"5":25,"6":25,"7":25,"8":25,"9":25,"10":25,"11":4,"12":4,"13":4,"14":4,"15":4,"16":21,"17":25,"18":25,"19":3,"20":25,"21":2},"f":{"0":25},"b":{"0":[25,0],"1":[25,4,4],"2":[25,4],"3":[25,0],"4":[25,25],"5":[4,21],"6":[3,22],"7":[25,24]},"_coverageSchema":"1a1c01bbd47fc00a2c39e90264f33305004495a9","hash":"08a8459a3601318cb018aed46141258342a9f5bc"}
,"C:\\Users\\sutha\\Prabh Musik-Frontend\\prabh_musik\\backend\\src\\middleware\\rateLimit.middleware.js": {"path":"C:\\Users\\sutha\\Prabh Musik-Frontend\\prabh_musik\\backend\\src\\middleware\\rateLimit.middleware.js","statementMap":{"0":{"start":{"line":6,"column":20},"end":{"line":6,"column":51}},"1":{"start":{"line":20,"column":4},"end":{"line":20,"column":79}},"2":{"start":{"line":30,"column":4},"end":{"line":30,"column":12}},"3":{"start":{"line":31,"column":4},"end":{"line":31,"column":26}},"4":{"start":{"line":35,"column":16},"end":{"line":35,"column":26}},"5":{"start":{"line":36,"column":19},"end":{"line":36,"column":37}},"6":{"start":{"line":38,"column":4},"end":{"line":52,"column":5}},"7":{"start":{"line":39,"column":24},"end":{"line":39,"column":38}},"8":{"start":{"line":40,"column":6},"end":{"line":43,"column":9}},"9":{"start":{"line":46,"column":6},"end":{"line":46,"column":56}},"10":{"start":{"line":46,"column":23},"end":{"line":46,"column":44}},"11":{"start":{"line":48,"column":6},"end":{"line":51,"column":8}},"12":{"start":{"line":55,"column":4},"end":{"line":55,"column":80}},"13":{"start":{"line":55,"column":57},"end":{"line":55,"column":78}},"14":{"start":{"line":56,"column":4},"end":{"line":56,"column":32}},"15":{"start":{"line":58,"column":4},"end":{"line":61,"column":6}},"16":{"start":{"line":76,"column":18},"end":{"line":115,"column":1}},"17":{"start":{"line":77,"column":19},"end":{"line":77,"column":53}},"18":{"start":{"line":78,"column":14},"end":{"line":78,"column":30}},"19":{"start":{"line":79,"column":18},"end":{"line":79,"column":81}},"20":{"start":{"line":80,"column":20},"end":{"line":80,"column":70}},"21":{"start":{"line":81,"column":16},"end":{"line":81,"column":52}},"22":{"start":{"line":83,"column":2},"end":{"line":114,"column":4}},"23":{"start":{"line":84,"column":13},"end":{"line":84,"column":68}},"24":{"start":{"line":85,"column":4},"end":{"line":87,"column":5}},"25":{"start":{"line":86,"column":6},"end":{"line":86,"column":35}},"26":{"start":{"line":89,"column":4},"end":{"line":113,"column":5}},"27":{"start":{"line":90,"column":37},"end":{"line":90,"column":72}},"28":{"start":{"line":91,"column":24},"end":{"line":91,"column":50}},"29":{"start":{"line":92,"column":32},"end":{"line":92,"column":85}},"30":{"start":{"line":95,"column":6},"end":{"line":95,"column":46}},"31":{"start":{"line":96,"column":6},"end":{"line":96,"column":56}},"32":{"start":{"line":98,"column":6},"end":{"line":108,"column":7}},"33":{"start":{"line":99,"column":8},"end":{"line":99,"column":56}},"34":{"start":{"line":100,"column":8},"end":{"line":107,"column":11}},"35":{"start":{"line":110,"column":6},"end":{"line":110,"column":13}},"36":{"start":{"line":112,"column":6},"end":{"line":112,"column":16}},"37":{"start":{"line":117,"column":0},"end":{"line":121,"column":2}}},"fnMap":{"0":{"name":"(anonymous_0)","decl":{"start":{"line":19,"column":2},"end":{"line":19,"column":3}},"loc":{"start":{"line":19,"column":33},"end":{"line":21,"column":3}},"line":19},"1":{"name":"(anonymous_1)","decl":{"start":{"line":29,"column":2},"end":{"line":29,"column":3}},"loc":{"start":{"line":29,"column":16},"end":{"line":32,"column":3}},"line":29},"2":{"name":"(anonymous_2)","decl":{"start":{"line":34,"column":2},"end":{"line":34,"column":3}},"loc":{"start":{"line":34,"column":33},"end":{"line":62,"column":3}},"line":34},"3":{"name":"(anonymous_3)","decl":{"start":{"line":46,"column":17},"end":{"line":46,"column":18}},"loc":{"start":{"line":46,"column":23},"end":{"line":46,"column":44}},"line":46},"4":{"name":"(anonymous_4)","decl":{"start":{"line":55,"column":49},"end":{"line":55,"column":50}},"loc":{"start":{"line":55,"column":57},"end":{"line":55,"column":78}},"line":55},"5":{"name":"(anonymous_5)","decl":{"start":{"line":76,"column":18},"end":{"line":76,"column":19}},"loc":{"start":{"line":76,"column":36},"end":{"line":115,"column":1}},"line":76},"6":{"name":"(anonymous_6)","decl":{"start":{"line":83,"column":9},"end":{"line":83,"column":10}},"loc":{"start":{"line":83,"column":35},"end":{"line":114,"column":3}},"line":83}},"branchMap":{"0":{"loc":{"start":{"line":38,"column":4},"end":{"line":52,"column":5}},"type":"if","locations":[{"start":{"line":38,"column":4},"end":{"line":52,"column":5}},{"start":{},"end":{}}],"line":38},"1":{"loc":{"start":{"line":76,"column":19},"end":{"line":76,"column":31}},"type":"default-arg","locations":[{"start":{"line":76,"column":29},"end":{"line":76,"column":31}}],"line":76},"2":{"loc":{"start":{"line":77,"column":19},"end":{"line":77,"column":53}},"type":"binary-expr","locations":[{"start":{"line":77,"column":19},"end":{"line":77,"column":35}},{"start":{"line":77,"column":39},"end":{"line":77,"column":53}}],"line":77},"3":{"loc":{"start":{"line":78,"column":14},"end":{"line":78,"column":30}},"type":"binary-expr","locations":[{"start":{"line":78,"column":14},"end":{"line":78,"column":25}},{"start":{"line":78,"column":29},"end":{"line":78,"column":30}}],"line":78},"4":{"loc":{"start":{"line":79,"column":18},"end":{"line":79,"column":81}},"type":"binary-expr","locations":[{"start":{"line":79,"column":18},"end":{"line":79,"column":33}},{"start":{"line":79,"column":37},"end":{"line":79,"column":81}}],"line":79},"5":{"loc":{"start":{"line":80,"column":20},"end":{"line":80,"column":70}},"type":"binary-expr","locations":[{"start":{"line":80,"column":20},"end":{"line":80,"column":37}},{"start":{"line":80,"column":41},"end":{"line":80,"column":70}}],"line":80},"6":{"loc":{"start":{"line":81,"column":16},"end":{"line":81,"column":52}},"type":"binary-expr","locations":[{"start":{"line":81,"column":16},"end":{"line":81,"column":29}},{"start":{"line":81,"column":33},"end":{"line":81,"column":52}}],"line":81},"7":{"loc":{"start":{"line":84,"column":13},"end":{"line":84,"column":68}},"type":"binary-expr","locations":[{"start":{"line":84,"column":13},"end":{"line":84,"column":43}},{"start":{"line":84,"column":47},"end":{"line":84,"column":53}},{"start":{"line":84,"column":57},"end":{"line":84,"column":68}}],"line":84},"8":{"loc":{"start":{"line":85,"column":4},"end":{"line":87,"column":5}},"type":"if","locations":[{"start":{"line":85,"column":4},"end":{"line":87,"column":5}},{"start":{},"end":{}}],"line":85},"9":{"loc":{"start":{"line":85,"column":8},"end":{"line":85,"column":36}},"type":"binary-expr","locations":[{"start":{"line":85,"column":8},"end":{"line":85,"column":10}},{"start":{"line":85,"column":14},"end":{"line":85,"column":36}}],"line":85},"10":{"loc":{"start":{"line":98,"column":6},"end":{"line":108,"column":7}},"type":"if","locations":[{"start":{"line":98,"column":6},"end":{"line":108,"column":7}},{"start":{},"end":{}}],"line":98}},"s":{"0":2,"1":0,"2":4,"3":4,"4":59,"5":59,"6":59,"7":33,"8":33,"9":33,"10":0,"11":33,"12":26,"13":94,"14":26,"15":26,"16":2,"17":4,"18":4,"19":4,"20":4,"21":4,"22":4,"23":59,"24":59,"25":59,"26":59,"27":59,"28":59,"29":59,"30":59,"31":59,"32":59,"33":2,"34":2,"35":57,"36":0,"37":2},"f":{"0":0,"1":4,"2":59,"3":0,"4":94,"5":4,"6":59},"b":{"0":[33,26],"1":[0],"2":[4,0],"3":[4,0],"4":[4,0],"5":[4,4],"6":[4,4],"7":[59,10,0],"8":[59,0],"9":[59,59],"10":[2,57]},"_coverageSchema":"1a1c01bbd47fc00a2c39e90264f33305004495a9","hash":"a2546f1dbcb7dc9ee9e4fdf290614eb397864c6c"}
,"C:\\Users\\sutha\\Prabh Musik-Frontend\\prabh_musik\\backend\\src\\middleware\\requestId.middleware.js": {"path":"C:\\Users\\sutha\\Prabh Musik-Frontend\\prabh_musik\\backend\\src\\middleware\\requestId.middleware.js","statementMap":{"0":{"start":{"line":1,"column":15},"end":{"line":1,"column":32}},"1":{"start":{"line":2,"column":26},"end":{"line":2,"column":52}},"2":{"start":{"line":12,"column":28},"end":{"line":35,"column":1}},"3":{"start":{"line":14,"column":20},"end":{"line":14,"column":105}},"4":{"start":{"line":17,"column":2},"end":{"line":17,"column":21}},"5":{"start":{"line":20,"column":2},"end":{"line":20,"column":43}},"6":{"start":{"line":23,"column":23},"end":{"line":23,"column":31}},"7":{"start":{"line":24,"column":2},"end":{"line":29,"column":4}},"8":{"start":{"line":25,"column":4},"end":{"line":27,"column":5}},"9":{"start":{"line":26,"column":6},"end":{"line":26,"column":33}},"10":{"start":{"line":28,"column":4},"end":{"line":28,"column":41}},"11":{"start":{"line":32,"column":2},"end":{"line":34,"column":5}},"12":{"start":{"line":33,"column":4},"end":{"line":33,"column":11}},"13":{"start":{"line":37,"column":0},"end":{"line":37,"column":37}}},"fnMap":{"0":{"name":"(anonymous_0)","decl":{"start":{"line":12,"column":28},"end":{"line":12,"column":29}},"loc":{"start":{"line":12,"column":48},"end":{"line":35,"column":1}},"line":12},"1":{"name":"(anonymous_1)","decl":{"start":{"line":24,"column":13},"end":{"line":24,"column":14}},"loc":{"start":{"line":24,"column":29},"end":{"line":29,"column":3}},"line":24},"2":{"name":"(anonymous_2)","decl":{"start":{"line":32,"column":35},"end":{"line":32,"column":36}},"loc":{"start":{"line":32,"column":41},"end":{"line":34,"column":3}},"line":32}},"branchMap":{"0":{"loc":{"start":{"line":14,"column":20},"end":{"line":14,"column":105}},"type":"binary-expr","locations":[{"start":{"line":14,"column":20},"end":{"line":14,"column":47}},{"start":{"line":14,"column":51},"end":{"line":14,"column":82}},{"start":{"line":14,"column":86},"end":{"line":14,"column":105}}],"line":14},"1":{"loc":{"start":{"line":25,"column":4},"end":{"line":27,"column":5}},"type":"if","locations":[{"start":{"line":25,"column":4},"end":{"line":27,"column":5}},{"start":{},"end":{}}],"line":25},"2":{"loc":{"start":{"line":25,"column":8},"end":{"line":25,"column":66}},"type":"binary-expr","locations":[{"start":{"line":25,"column":8},"end":{"line":25,"column":12}},{"start":{"line":25,"column":16},"end":{"line":25,"column":40}},{"start":{"line":25,"column":44},"end":{"line":25,"column":66}}],"line":25}},"s":{"0":2,"1":2,"2":2,"3":92,"4":92,"5":92,"6":92,"7":92,"8":92,"9":32,"10":92,"11":92,"12":92,"13":2},"f":{"0":92,"1":92,"2":92},"b":{"0":[92,91,91],"1":[32,60],"2":[92,92,92]},"_coverageSchema":"1a1c01bbd47fc00a2c39e90264f33305004495a9","hash":"8fc3ccdaeecea885c1a38c0d21c8acf585eef888"}
,"C:\\Users\\sutha\\Prabh Musik-Frontend\\prabh_musik\\backend\\src\\modules\\auth\\auth.controller.js": {"path":"C:\\Users\\sutha\\Prabh Musik-Frontend\\prabh_musik\\backend\\src\\modules\\auth\\auth.controller.js","statementMap":{"0":{"start":{"line":1,"column":16},"end":{"line":1,"column":41}},"1":{"start":{"line":2,"column":19},"end":{"line":2,"column":48}},"2":{"start":{"line":11,"column":15},"end":{"line":44,"column":1}},"3":{"start":{"line":13,"column":11},"end":{"line":13,"column":59}},"4":{"start":{"line":14,"column":2},"end":{"line":16,"column":3}},"5":{"start":{"line":15,"column":4},"end":{"line":15,"column":33}},"6":{"start":{"line":18,"column":24},"end":{"line":21,"column":3}},"7":{"start":{"line":24,"column":27},"end":{"line":28,"column":3}},"8":{"start":{"line":30,"column":17},"end":{"line":30,"column":70}},"9":{"start":{"line":33,"column":2},"end":{"line":33,"column":56}},"10":{"start":{"line":35,"column":2},"end":{"line":43,"column":5}},"11":{"start":{"line":49,"column":14},"end":{"line":82,"column":1}},"12":{"start":{"line":51,"column":11},"end":{"line":51,"column":59}},"13":{"start":{"line":52,"column":2},"end":{"line":54,"column":3}},"14":{"start":{"line":53,"column":4},"end":{"line":53,"column":33}},"15":{"start":{"line":56,"column":24},"end":{"line":60,"column":3}},"16":{"start":{"line":63,"column":27},"end":{"line":66,"column":3}},"17":{"start":{"line":68,"column":17},"end":{"line":68,"column":69}},"18":{"start":{"line":71,"column":2},"end":{"line":71,"column":56}},"19":{"start":{"line":73,"column":2},"end":{"line":81,"column":5}},"20":{"start":{"line":87,"column":15},"end":{"line":103,"column":1}},"21":{"start":{"line":88,"column":16},"end":{"line":88,"column":61}},"22":{"start":{"line":90,"column":24},"end":{"line":92,"column":3}},"23":{"start":{"line":94,"column":2},"end":{"line":94,"column":45}},"24":{"start":{"line":97,"column":2},"end":{"line":97,"column":37}},"25":{"start":{"line":99,"column":2},"end":{"line":102,"column":5}},"26":{"start":{"line":108,"column":21},"end":{"line":137,"column":1}},"27":{"start":{"line":109,"column":16},"end":{"line":109,"column":40}},"28":{"start":{"line":112,"column":11},"end":{"line":112,"column":59}},"29":{"start":{"line":113,"column":2},"end":{"line":115,"column":3}},"30":{"start":{"line":114,"column":4},"end":{"line":114,"column":33}},"31":{"start":{"line":117,"column":24},"end":{"line":121,"column":3}},"32":{"start":{"line":123,"column":17},"end":{"line":123,"column":65}},"33":{"start":{"line":126,"column":2},"end":{"line":126,"column":56}},"34":{"start":{"line":128,"column":2},"end":{"line":136,"column":5}},"35":{"start":{"line":142,"column":14},"end":{"line":154,"column":1}},"36":{"start":{"line":143,"column":17},"end":{"line":143,"column":46}},"37":{"start":{"line":145,"column":17},"end":{"line":145,"column":44}},"38":{"start":{"line":147,"column":2},"end":{"line":153,"column":5}},"39":{"start":{"line":159,"column":23},"end":{"line":161,"column":1}},"40":{"start":{"line":160,"column":2},"end":{"line":160,"column":71}},"41":{"start":{"line":166,"column":22},"end":{"line":168,"column":1}},"42":{"start":{"line":167,"column":2},"end":{"line":167,"column":71}},"43":{"start":{"line":173,"column":20},"end":{"line":175,"column":1}},"44":{"start":{"line":174,"column":2},"end":{"line":174,"column":71}},"45":{"start":{"line":180,"column":27},"end":{"line":182,"column":1}},"46":{"start":{"line":181,"column":2},"end":{"line":181,"column":71}},"47":{"start":{"line":187,"column":20},"end":{"line":189,"column":1}},"48":{"start":{"line":188,"column":2},"end":{"line":188,"column":71}},"49":{"start":{"line":194,"column":19},"end":{"line":196,"column":1}},"50":{"start":{"line":195,"column":2},"end":{"line":195,"column":71}},"51":{"start":{"line":198,"column":0},"end":{"line":210,"column":2}}},"fnMap":{"0":{"name":"(anonymous_0)","decl":{"start":{"line":11,"column":15},"end":{"line":11,"column":16}},"loc":{"start":{"line":11,"column":35},"end":{"line":44,"column":1}},"line":11},"1":{"name":"(anonymous_1)","decl":{"start":{"line":49,"column":14},"end":{"line":49,"column":15}},"loc":{"start":{"line":49,"column":34},"end":{"line":82,"column":1}},"line":49},"2":{"name":"(anonymous_2)","decl":{"start":{"line":87,"column":15},"end":{"line":87,"column":16}},"loc":{"start":{"line":87,"column":35},"end":{"line":103,"column":1}},"line":87},"3":{"name":"(anonymous_3)","decl":{"start":{"line":108,"column":21},"end":{"line":108,"column":22}},"loc":{"start":{"line":108,"column":41},"end":{"line":137,"column":1}},"line":108},"4":{"name":"(anonymous_4)","decl":{"start":{"line":142,"column":14},"end":{"line":142,"column":15}},"loc":{"start":{"line":142,"column":34},"end":{"line":154,"column":1}},"line":142},"5":{"name":"(anonymous_5)","decl":{"start":{"line":159,"column":23},"end":{"line":159,"column":24}},"loc":{"start":{"line":159,"column":43},"end":{"line":161,"column":1}},"line":159},"6":{"name":"(anonymous_6)","decl":{"start":{"line":166,"column":22},"end":{"line":166,"column":23}},"loc":{"start":{"line":166,"column":42},"end":{"line":168,"column":1}},"line":166},"7":{"name":"(anonymous_7)","decl":{"start":{"line":173,"column":20},"end":{"line":173,"column":21}},"loc":{"start":{"line":173,"column":40},"end":{"line":175,"column":1}},"line":173},"8":{"name":"(anonymous_8)","decl":{"start":{"line":180,"column":27},"end":{"line":180,"column":28}},"loc":{"start":{"line":180,"column":47},"end":{"line":182,"column":1}},"line":180},"9":{"name":"(anonymous_9)","decl":{"start":{"line":187,"column":20},"end":{"line":187,"column":21}},"loc":{"start":{"line":187,"column":40},"end":{"line":189,"column":1}},"line":187},"10":{"name":"(anonymous_10)","decl":{"start":{"line":194,"column":19},"end":{"line":194,"column":20}},"loc":{"start":{"line":194,"column":39},"end":{"line":196,"column":1}},"line":194}},"branchMap":{"0":{"loc":{"start":{"line":13,"column":11},"end":{"line":13,"column":59}},"type":"binary-expr","locations":[{"start":{"line":13,"column":11},"end":{"line":13,"column":41}},{"start":{"line":13,"column":45},"end":{"line":13,"column":51}},{"start":{"line":13,"column":55},"end":{"line":13,"column":59}}],"line":13},"1":{"loc":{"start":{"line":14,"column":2},"end":{"line":16,"column":3}},"type":"if","locations":[{"start":{"line":14,"column":2},"end":{"line":16,"column":3}},{"start":{},"end":{}}],"line":14},"2":{"loc":{"start":{"line":14,"column":6},"end":{"line":14,"column":34}},"type":"binary-expr","locations":[{"start":{"line":14,"column":6},"end":{"line":14,"column":8}},{"start":{"line":14,"column":12},"end":{"line":14,"column":34}}],"line":14},"3":{"loc":{"start":{"line":20,"column":15},"end":{"line":20,"column":48}},"type":"binary-expr","locations":[{"start":{"line":20,"column":15},"end":{"line":20,"column":40}},{"start":{"line":20,"column":44},"end":{"line":20,"column":48}}],"line":20},"4":{"loc":{"start":{"line":51,"column":11},"end":{"line":51,"column":59}},"type":"binary-expr","locations":[{"start":{"line":51,"column":11},"end":{"line":51,"column":41}},{"start":{"line":51,"column":45},"end":{"line":51,"column":51}},{"start":{"line":51,"column":55},"end":{"line":51,"column":59}}],"line":51},"5":{"loc":{"start":{"line":52,"column":2},"end":{"line":54,"column":3}},"type":"if","locations":[{"start":{"line":52,"column":2},"end":{"line":54,"column":3}},{"start":{},"end":{}}],"line":52},"6":{"loc":{"start":{"line":52,"column":6},"end":{"line":52,"column":34}},"type":"binary-expr","locations":[{"start":{"line":52,"column":6},"end":{"line":52,"column":8}},{"start":{"line":52,"column":12},"end":{"line":52,"column":34}}],"line":52},"7":{"loc":{"start":{"line":58,"column":15},"end":{"line":58,"column":48}},"type":"binary-expr","locations":[{"start":{"line":58,"column":15},"end":{"line":58,"column":40}},{"start":{"line":58,"column":44},"end":{"line":58,"column":48}}],"line":58},"8":{"loc":{"start":{"line":88,"column":16},"end":{"line":88,"column":61}},"type":"cond-expr","locations":[{"start":{"line":88,"column":30},"end":{"line":88,"column":54}},{"start":{"line":88,"column":57},"end":{"line":88,"column":61}}],"line":88},"9":{"loc":{"start":{"line":112,"column":11},"end":{"line":112,"column":59}},"type":"binary-expr","locations":[{"start":{"line":112,"column":11},"end":{"line":112,"column":41}},{"start":{"line":112,"column":45},"end":{"line":112,"column":51}},{"start":{"line":112,"column":55},"end":{"line":112,"column":59}}],"line":112},"10":{"loc":{"start":{"line":113,"column":2},"end":{"line":115,"column":3}},"type":"if","locations":[{"start":{"line":113,"column":2},"end":{"line":115,"column":3}},{"start":{},"end":{}}],"line":113},"11":{"loc":{"start":{"line":113,"column":6},"end":{"line":113,"column":34}},"type":"binary-expr","locations":[{"start":{"line":113,"column":6},"end":{"line":113,"column":8}},{"start":{"line":113,"column":12},"end":{"line":113,"column":34}}],"line":113},"12":{"loc":{"start":{"line":119,"column":15},"end":{"line":119,"column":48}},"type":"binary-expr","locations":[{"start":{"line":119,"column":15},"end":{"line":119,"column":40}},{"start":{"line":119,"column":44},"end":{"line":119,"column":48}}],"line":119},"13":{"loc":{"start":{"line":143,"column":17},"end":{"line":143,"column":46}},"type":"cond-expr","locations":[{"start":{"line":143,"column":28},"end":{"line":143,"column":39}},{"start":{"line":143,"column":42},"end":{"line":143,"column":46}}],"line":143}},"s":{"0":3,"1":3,"2":3,"3":19,"4":19,"5":19,"6":19,"7":19,"8":19,"9":14,"10":13,"11":3,"12":39,"13":39,"14":39,"15":39,"16":39,"17":39,"18":33,"19":32,"20":3,"21":8,"22":8,"23":8,"24":8,"25":8,"26":3,"27":17,"28":17,"29":17,"30":17,"31":17,"32":17,"33":8,"34":8,"35":3,"36":4,"37":4,"38":1,"39":3,"40":0,"41":3,"42":0,"43":3,"44":0,"45":3,"46":0,"47":3,"48":0,"49":3,"50":0,"51":3},"f":{"0":19,"1":39,"2":8,"3":17,"4":4,"5":0,"6":0,"7":0,"8":0,"9":0,"10":0},"b":{"0":[19,3,0],"1":[19,0],"2":[19,19],"3":[19,0],"4":[39,5,0],"5":[39,0],"6":[39,39],"7":[39,0],"8":[8,0],"9":[17,0,0],"10":[17,0],"11":[17,17],"12":[17,0],"13":[4,0]},"_coverageSchema":"1a1c01bbd47fc00a2c39e90264f33305004495a9","hash":"0ab45f5fa48f20b43b2b9f818101d2b9efa7d8e6"}
,"C:\\Users\\sutha\\Prabh Musik-Frontend\\prabh_musik\\backend\\src\\modules\\auth\\auth.repository.js": {"path":"C:\\Users\\sutha\\Prabh Musik-Frontend\\prabh_musik\\backend\\src\\modules\\auth\\auth.repository.js","statementMap":{"0":{"start":{"line":14,"column":15},"end":{"line":14,"column":41}},"1":{"start":{"line":15,"column":15},"end":{"line":15,"column":32}},"2":{"start":{"line":16,"column":24},"end":{"line":16,"column":63}},"3":{"start":{"line":27,"column":25},"end":{"line":61,"column":1}},"4":{"start":{"line":28,"column":2},"end":{"line":30,"column":3}},"5":{"start":{"line":29,"column":4},"end":{"line":29,"column":92}},"6":{"start":{"line":31,"column":2},"end":{"line":33,"column":3}},"7":{"start":{"line":32,"column":4},"end":{"line":32,"column":62}},"8":{"start":{"line":35,"column":14},"end":{"line":43,"column":3}},"9":{"start":{"line":44,"column":17},"end":{"line":50,"column":3}},"10":{"start":{"line":52,"column":2},"end":{"line":60,"column":5}},"11":{"start":{"line":53,"column":4},"end":{"line":59,"column":7}},"12":{"start":{"line":54,"column":6},"end":{"line":58,"column":7}},"13":{"start":{"line":55,"column":8},"end":{"line":55,"column":95}},"14":{"start":{"line":57,"column":8},"end":{"line":57,"column":37}},"15":{"start":{"line":72,"column":22},"end":{"line":110,"column":1}},"16":{"start":{"line":73,"column":2},"end":{"line":75,"column":3}},"17":{"start":{"line":74,"column":4},"end":{"line":74,"column":92}},"18":{"start":{"line":76,"column":2},"end":{"line":78,"column":3}},"19":{"start":{"line":77,"column":4},"end":{"line":77,"column":59}},"20":{"start":{"line":80,"column":14},"end":{"line":90,"column":3}},"21":{"start":{"line":91,"column":17},"end":{"line":99,"column":3}},"22":{"start":{"line":101,"column":2},"end":{"line":109,"column":5}},"23":{"start":{"line":102,"column":4},"end":{"line":108,"column":7}},"24":{"start":{"line":103,"column":6},"end":{"line":107,"column":7}},"25":{"start":{"line":104,"column":8},"end":{"line":104,"column":92}},"26":{"start":{"line":106,"column":8},"end":{"line":106,"column":36}},"27":{"start":{"line":116,"column":33},"end":{"line":135,"column":1}},"28":{"start":{"line":117,"column":2},"end":{"line":119,"column":3}},"29":{"start":{"line":118,"column":4},"end":{"line":118,"column":92}},"30":{"start":{"line":121,"column":14},"end":{"line":125,"column":3}},"31":{"start":{"line":126,"column":2},"end":{"line":134,"column":5}},"32":{"start":{"line":127,"column":4},"end":{"line":133,"column":7}},"33":{"start":{"line":128,"column":6},"end":{"line":132,"column":7}},"34":{"start":{"line":129,"column":8},"end":{"line":129,"column":104}},"35":{"start":{"line":131,"column":8},"end":{"line":131,"column":34}},"36":{"start":{"line":144,"column":31},"end":{"line":160,"column":1}},"37":{"start":{"line":145,"column":15},"end":{"line":145,"column":23}},"38":{"start":{"line":146,"column":14},"end":{"line":150,"column":3}},"39":{"start":{"line":151,"column":2},"end":{"line":159,"column":5}},"40":{"start":{"line":152,"column":4},"end":{"line":158,"column":7}},"41":{"start":{"line":153,"column":6},"end":{"line":157,"column":7}},"42":{"start":{"line":154,"column":8},"end":{"line":154,"column":99}},"43":{"start":{"line":156,"column":8},"end":{"line":156,"column":21}},"44":{"start":{"line":169,"column":30},"end":{"line":186,"column":1}},"45":{"start":{"line":170,"column":15},"end":{"line":170,"column":23}},"46":{"start":{"line":171,"column":14},"end":{"line":176,"column":3}},"47":{"start":{"line":177,"column":2},"end":{"line":185,"column":5}},"48":{"start":{"line":178,"column":4},"end":{"line":184,"column":7}},"49":{"start":{"line":179,"column":6},"end":{"line":183,"column":7}},"50":{"start":{"line":180,"column":8},"end":{"line":180,"column":97}},"51":{"start":{"line":182,"column":8},"end":{"line":182,"column":21}},"52":{"start":{"line":191,"column":27},"end":{"line":231,"column":1}},"53":{"start":{"line":192,"column":15},"end":{"line":192,"column":23}},"54":{"start":{"line":193,"column":20},"end":{"line":193,"column":75}},"55":{"start":{"line":194,"column":14},"end":{"line":208,"column":3}},"56":{"start":{"line":209,"column":2},"end":{"line":230,"column":5}},"57":{"start":{"line":210,"column":4},"end":{"line":229,"column":7}},"58":{"start":{"line":211,"column":6},"end":{"line":228,"column":7}},"59":{"start":{"line":212,"column":8},"end":{"line":212,"column":93}},"60":{"start":{"line":213,"column":13},"end":{"line":228,"column":7}},"61":{"start":{"line":214,"column":8},"end":{"line":214,"column":22}},"62":{"start":{"line":216,"column":8},"end":{"line":227,"column":11}},"63":{"start":{"line":237,"column":22},"end":{"line":256,"column":1}},"64":{"start":{"line":238,"column":2},"end":{"line":240,"column":3}},"65":{"start":{"line":239,"column":4},"end":{"line":239,"column":92}},"66":{"start":{"line":241,"column":20},"end":{"line":241,"column":75}},"67":{"start":{"line":242,"column":14},"end":{"line":246,"column":3}},"68":{"start":{"line":247,"column":2},"end":{"line":255,"column":5}},"69":{"start":{"line":248,"column":4},"end":{"line":254,"column":7}},"70":{"start":{"line":249,"column":6},"end":{"line":253,"column":7}},"71":{"start":{"line":250,"column":8},"end":{"line":250,"column":85}},"72":{"start":{"line":252,"column":8},"end":{"line":252,"column":34}},"73":{"start":{"line":262,"column":30},"end":{"line":281,"column":1}},"74":{"start":{"line":263,"column":2},"end":{"line":265,"column":3}},"75":{"start":{"line":264,"column":4},"end":{"line":264,"column":92}},"76":{"start":{"line":266,"column":20},"end":{"line":266,"column":75}},"77":{"start":{"line":267,"column":14},"end":{"line":271,"column":3}},"78":{"start":{"line":272,"column":2},"end":{"line":280,"column":5}},"79":{"start":{"line":273,"column":4},"end":{"line":279,"column":7}},"80":{"start":{"line":274,"column":6},"end":{"line":278,"column":7}},"81":{"start":{"line":275,"column":8},"end":{"line":275,"column":94}},"82":{"start":{"line":277,"column":8},"end":{"line":277,"column":34}},"83":{"start":{"line":287,"column":30},"end":{"line":304,"column":1}},"84":{"start":{"line":288,"column":2},"end":{"line":290,"column":3}},"85":{"start":{"line":289,"column":4},"end":{"line":289,"column":92}},"86":{"start":{"line":291,"column":14},"end":{"line":294,"column":3}},"87":{"start":{"line":295,"column":2},"end":{"line":303,"column":5}},"88":{"start":{"line":296,"column":4},"end":{"line":302,"column":7}},"89":{"start":{"line":297,"column":6},"end":{"line":301,"column":7}},"90":{"start":{"line":298,"column":8},"end":{"line":298,"column":94}},"91":{"start":{"line":300,"column":8},"end":{"line":300,"column":30}},"92":{"start":{"line":313,"column":31},"end":{"line":354,"column":1}},"93":{"start":{"line":314,"column":15},"end":{"line":314,"column":23}},"94":{"start":{"line":315,"column":14},"end":{"line":331,"column":3}},"95":{"start":{"line":332,"column":2},"end":{"line":353,"column":5}},"96":{"start":{"line":333,"column":4},"end":{"line":352,"column":7}},"97":{"start":{"line":334,"column":6},"end":{"line":351,"column":7}},"98":{"start":{"line":335,"column":8},"end":{"line":335,"column":98}},"99":{"start":{"line":336,"column":13},"end":{"line":351,"column":7}},"100":{"start":{"line":337,"column":8},"end":{"line":337,"column":22}},"101":{"start":{"line":339,"column":8},"end":{"line":350,"column":11}},"102":{"start":{"line":365,"column":27},"end":{"line":383,"column":1}},"103":{"start":{"line":366,"column":2},"end":{"line":368,"column":3}},"104":{"start":{"line":367,"column":4},"end":{"line":367,"column":92}},"105":{"start":{"line":369,"column":14},"end":{"line":373,"column":3}},"106":{"start":{"line":374,"column":2},"end":{"line":382,"column":5}},"107":{"start":{"line":375,"column":4},"end":{"line":381,"column":7}},"108":{"start":{"line":376,"column":6},"end":{"line":380,"column":7}},"109":{"start":{"line":377,"column":8},"end":{"line":377,"column":91}},"110":{"start":{"line":379,"column":8},"end":{"line":379,"column":34}},"111":{"start":{"line":394,"column":33},"end":{"line":414,"column":1}},"112":{"start":{"line":395,"column":2},"end":{"line":397,"column":3}},"113":{"start":{"line":396,"column":4},"end":{"line":396,"column":92}},"114":{"start":{"line":398,"column":14},"end":{"line":404,"column":3}},"115":{"start":{"line":405,"column":2},"end":{"line":413,"column":5}},"116":{"start":{"line":406,"column":4},"end":{"line":412,"column":7}},"117":{"start":{"line":407,"column":6},"end":{"line":411,"column":7}},"118":{"start":{"line":408,"column":8},"end":{"line":408,"column":99}},"119":{"start":{"line":410,"column":8},"end":{"line":410,"column":34}},"120":{"start":{"line":420,"column":33},"end":{"line":443,"column":1}},"121":{"start":{"line":421,"column":2},"end":{"line":423,"column":3}},"122":{"start":{"line":422,"column":4},"end":{"line":422,"column":92}},"123":{"start":{"line":424,"column":13},"end":{"line":424,"column":32}},"124":{"start":{"line":425,"column":20},"end":{"line":425,"column":75}},"125":{"start":{"line":426,"column":14},"end":{"line":433,"column":3}},"126":{"start":{"line":434,"column":2},"end":{"line":442,"column":5}},"127":{"start":{"line":435,"column":4},"end":{"line":441,"column":7}},"128":{"start":{"line":436,"column":6},"end":{"line":440,"column":7}},"129":{"start":{"line":437,"column":8},"end":{"line":437,"column":98}},"130":{"start":{"line":439,"column":8},"end":{"line":439,"column":50}},"131":{"start":{"line":445,"column":31},"end":{"line":477,"column":1}},"132":{"start":{"line":446,"column":15},"end":{"line":446,"column":23}},"133":{"start":{"line":447,"column":20},"end":{"line":447,"column":75}},"134":{"start":{"line":448,"column":14},"end":{"line":458,"column":3}},"135":{"start":{"line":459,"column":2},"end":{"line":476,"column":5}},"136":{"start":{"line":460,"column":4},"end":{"line":475,"column":7}},"137":{"start":{"line":461,"column":6},"end":{"line":474,"column":7}},"138":{"start":{"line":462,"column":8},"end":{"line":462,"column":97}},"139":{"start":{"line":463,"column":13},"end":{"line":474,"column":7}},"140":{"start":{"line":464,"column":8},"end":{"line":464,"column":22}},"141":{"start":{"line":466,"column":8},"end":{"line":473,"column":11}},"142":{"start":{"line":479,"column":30},"end":{"line":498,"column":1}},"143":{"start":{"line":480,"column":2},"end":{"line":482,"column":3}},"144":{"start":{"line":481,"column":4},"end":{"line":481,"column":92}},"145":{"start":{"line":483,"column":20},"end":{"line":483,"column":75}},"146":{"start":{"line":484,"column":14},"end":{"line":488,"column":3}},"147":{"start":{"line":489,"column":2},"end":{"line":497,"column":5}},"148":{"start":{"line":490,"column":4},"end":{"line":496,"column":7}},"149":{"start":{"line":491,"column":6},"end":{"line":495,"column":7}},"150":{"start":{"line":492,"column":8},"end":{"line":492,"column":104}},"151":{"start":{"line":494,"column":8},"end":{"line":494,"column":34}},"152":{"start":{"line":504,"column":37},"end":{"line":527,"column":1}},"153":{"start":{"line":505,"column":2},"end":{"line":507,"column":3}},"154":{"start":{"line":506,"column":4},"end":{"line":506,"column":92}},"155":{"start":{"line":508,"column":13},"end":{"line":508,"column":32}},"156":{"start":{"line":509,"column":20},"end":{"line":509,"column":75}},"157":{"start":{"line":510,"column":14},"end":{"line":517,"column":3}},"158":{"start":{"line":518,"column":2},"end":{"line":526,"column":5}},"159":{"start":{"line":519,"column":4},"end":{"line":525,"column":7}},"160":{"start":{"line":520,"column":6},"end":{"line":524,"column":7}},"161":{"start":{"line":521,"column":8},"end":{"line":521,"column":102}},"162":{"start":{"line":523,"column":8},"end":{"line":523,"column":50}},"163":{"start":{"line":529,"column":35},"end":{"line":561,"column":1}},"164":{"start":{"line":530,"column":15},"end":{"line":530,"column":23}},"165":{"start":{"line":531,"column":20},"end":{"line":531,"column":75}},"166":{"start":{"line":532,"column":14},"end":{"line":542,"column":3}},"167":{"start":{"line":543,"column":2},"end":{"line":560,"column":5}},"168":{"start":{"line":544,"column":4},"end":{"line":559,"column":7}},"169":{"start":{"line":545,"column":6},"end":{"line":558,"column":7}},"170":{"start":{"line":546,"column":8},"end":{"line":546,"column":101}},"171":{"start":{"line":547,"column":13},"end":{"line":558,"column":7}},"172":{"start":{"line":548,"column":8},"end":{"line":548,"column":22}},"173":{"start":{"line":550,"column":8},"end":{"line":557,"column":11}},"174":{"start":{"line":563,"column":34},"end":{"line":582,"column":1}},"175":{"start":{"line":564,"column":2},"end":{"line":566,"column":3}},"176":{"start":{"line":565,"column":4},"end":{"line":565,"column":92}},"177":{"start":{"line":567,"column":20},"end":{"line":567,"column":75}},"178":{"start":{"line":568,"column":14},"end":{"line":572,"column":3}},"179":{"start":{"line":573,"column":2},"end":{"line":581,"column":5}},"180":{"start":{"line":574,"column":4},"end":{"line":580,"column":7}},"181":{"start":{"line":575,"column":6},"end":{"line":579,"column":7}},"182":{"start":{"line":576,"column":8},"end":{"line":576,"column":108}},"183":{"start":{"line":578,"column":8},"end":{"line":578,"column":34}},"184":{"start":{"line":584,"column":0},"end":{"line":603,"column":2}}},"fnMap":{"0":{"name":"(anonymous_0)","decl":{"start":{"line":27,"column":25},"end":{"line":27,"column":26}},"loc":{"start":{"line":27,"column":51},"end":{"line":61,"column":1}},"line":27},"1":{"name":"(anonymous_1)","decl":{"start":{"line":52,"column":21},"end":{"line":52,"column":22}},"loc":{"start":{"line":52,"column":42},"end":{"line":60,"column":3}},"line":52},"2":{"name":"(anonymous_2)","decl":{"start":{"line":53,"column":24},"end":{"line":53,"column":25}},"loc":{"start":{"line":53,"column":39},"end":{"line":59,"column":5}},"line":53},"3":{"name":"(anonymous_3)","decl":{"start":{"line":72,"column":22},"end":{"line":72,"column":23}},"loc":{"start":{"line":72,"column":45},"end":{"line":110,"column":1}},"line":72},"4":{"name":"(anonymous_4)","decl":{"start":{"line":101,"column":21},"end":{"line":101,"column":22}},"loc":{"start":{"line":101,"column":42},"end":{"line":109,"column":3}},"line":101},"5":{"name":"(anonymous_5)","decl":{"start":{"line":102,"column":24},"end":{"line":102,"column":25}},"loc":{"start":{"line":102,"column":39},"end":{"line":108,"column":5}},"line":102},"6":{"name":"(anonymous_6)","decl":{"start":{"line":116,"column":33},"end":{"line":116,"column":34}},"loc":{"start":{"line":116,"column":71},"end":{"line":135,"column":1}},"line":116},"7":{"name":"(anonymous_7)","decl":{"start":{"line":126,"column":21},"end":{"line":126,"column":22}},"loc":{"start":{"line":126,"column":42},"end":{"line":134,"column":3}},"line":126},"8":{"name":"(anonymous_8)","decl":{"start":{"line":127,"column":42},"end":{"line":127,"column":43}},"loc":{"start":{"line":127,"column":57},"end":{"line":133,"column":5}},"line":127},"9":{"name":"(anonymous_9)","decl":{"start":{"line":144,"column":31},"end":{"line":144,"column":32}},"loc":{"start":{"line":144,"column":60},"end":{"line":160,"column":1}},"line":144},"10":{"name":"(anonymous_10)","decl":{"start":{"line":151,"column":21},"end":{"line":151,"column":22}},"loc":{"start":{"line":151,"column":42},"end":{"line":159,"column":3}},"line":151},"11":{"name":"(anonymous_11)","decl":{"start":{"line":152,"column":28},"end":{"line":152,"column":29}},"loc":{"start":{"line":152,"column":42},"end":{"line":158,"column":5}},"line":152},"12":{"name":"(anonymous_12)","decl":{"start":{"line":169,"column":30},"end":{"line":169,"column":31}},"loc":{"start":{"line":169,"column":58},"end":{"line":186,"column":1}},"line":169},"13":{"name":"(anonymous_13)","decl":{"start":{"line":177,"column":21},"end":{"line":177,"column":22}},"loc":{"start":{"line":177,"column":42},"end":{"line":185,"column":3}},"line":177},"14":{"name":"(anonymous_14)","decl":{"start":{"line":178,"column":27},"end":{"line":178,"column":28}},"loc":{"start":{"line":178,"column":41},"end":{"line":184,"column":5}},"line":178},"15":{"name":"(anonymous_15)","decl":{"start":{"line":191,"column":27},"end":{"line":191,"column":28}},"loc":{"start":{"line":191,"column":55},"end":{"line":231,"column":1}},"line":191},"16":{"name":"(anonymous_16)","decl":{"start":{"line":209,"column":21},"end":{"line":209,"column":22}},"loc":{"start":{"line":209,"column":42},"end":{"line":230,"column":3}},"line":209},"17":{"name":"(anonymous_17)","decl":{"start":{"line":210,"column":31},"end":{"line":210,"column":32}},"loc":{"start":{"line":210,"column":49},"end":{"line":229,"column":5}},"line":210},"18":{"name":"(anonymous_18)","decl":{"start":{"line":237,"column":22},"end":{"line":237,"column":23}},"loc":{"start":{"line":237,"column":43},"end":{"line":256,"column":1}},"line":237},"19":{"name":"(anonymous_19)","decl":{"start":{"line":247,"column":21},"end":{"line":247,"column":22}},"loc":{"start":{"line":247,"column":42},"end":{"line":255,"column":3}},"line":247},"20":{"name":"(anonymous_20)","decl":{"start":{"line":248,"column":29},"end":{"line":248,"column":30}},"loc":{"start":{"line":248,"column":44},"end":{"line":254,"column":5}},"line":248},"21":{"name":"(anonymous_21)","decl":{"start":{"line":262,"column":30},"end":{"line":262,"column":31}},"loc":{"start":{"line":262,"column":51},"end":{"line":281,"column":1}},"line":262},"22":{"name":"(anonymous_22)","decl":{"start":{"line":272,"column":21},"end":{"line":272,"column":22}},"loc":{"start":{"line":272,"column":42},"end":{"line":280,"column":3}},"line":272},"23":{"name":"(anonymous_23)","decl":{"start":{"line":273,"column":29},"end":{"line":273,"column":30}},"loc":{"start":{"line":273,"column":44},"end":{"line":279,"column":5}},"line":273},"24":{"name":"(anonymous_24)","decl":{"start":{"line":287,"column":30},"end":{"line":287,"column":31}},"loc":{"start":{"line":287,"column":44},"end":{"line":304,"column":1}},"line":287},"25":{"name":"(anonymous_25)","decl":{"start":{"line":295,"column":21},"end":{"line":295,"column":22}},"loc":{"start":{"line":295,"column":42},"end":{"line":303,"column":3}},"line":295},"26":{"name":"(anonymous_26)","decl":{"start":{"line":296,"column":20},"end":{"line":296,"column":21}},"loc":{"start":{"line":296,"column":35},"end":{"line":302,"column":5}},"line":296},"27":{"name":"(anonymous_27)","decl":{"start":{"line":313,"column":31},"end":{"line":313,"column":32}},"loc":{"start":{"line":313,"column":63},"end":{"line":354,"column":1}},"line":313},"28":{"name":"(anonymous_28)","decl":{"start":{"line":332,"column":21},"end":{"line":332,"column":22}},"loc":{"start":{"line":332,"column":42},"end":{"line":353,"column":3}},"line":332},"29":{"name":"(anonymous_29)","decl":{"start":{"line":333,"column":31},"end":{"line":333,"column":32}},"loc":{"start":{"line":333,"column":49},"end":{"line":352,"column":5}},"line":333},"30":{"name":"(anonymous_30)","decl":{"start":{"line":365,"column":27},"end":{"line":365,"column":28}},"loc":{"start":{"line":365,"column":68},"end":{"line":383,"column":1}},"line":365},"31":{"name":"(anonymous_31)","decl":{"start":{"line":374,"column":21},"end":{"line":374,"column":22}},"loc":{"start":{"line":374,"column":42},"end":{"line":382,"column":3}},"line":374},"32":{"name":"(anonymous_32)","decl":{"start":{"line":375,"column":45},"end":{"line":375,"column":46}},"loc":{"start":{"line":375,"column":60},"end":{"line":381,"column":5}},"line":375},"33":{"name":"(anonymous_33)","decl":{"start":{"line":394,"column":33},"end":{"line":394,"column":34}},"loc":{"start":{"line":394,"column":73},"end":{"line":414,"column":1}},"line":394},"34":{"name":"(anonymous_34)","decl":{"start":{"line":405,"column":21},"end":{"line":405,"column":22}},"loc":{"start":{"line":405,"column":42},"end":{"line":413,"column":3}},"line":405},"35":{"name":"(anonymous_35)","decl":{"start":{"line":406,"column":37},"end":{"line":406,"column":38}},"loc":{"start":{"line":406,"column":52},"end":{"line":412,"column":5}},"line":406},"36":{"name":"(anonymous_36)","decl":{"start":{"line":420,"column":33},"end":{"line":420,"column":34}},"loc":{"start":{"line":420,"column":73},"end":{"line":443,"column":1}},"line":420},"37":{"name":"(anonymous_37)","decl":{"start":{"line":434,"column":21},"end":{"line":434,"column":22}},"loc":{"start":{"line":434,"column":42},"end":{"line":442,"column":3}},"line":434},"38":{"name":"(anonymous_38)","decl":{"start":{"line":435,"column":52},"end":{"line":435,"column":53}},"loc":{"start":{"line":435,"column":67},"end":{"line":441,"column":5}},"line":435},"39":{"name":"(anonymous_39)","decl":{"start":{"line":445,"column":31},"end":{"line":445,"column":32}},"loc":{"start":{"line":445,"column":59},"end":{"line":477,"column":1}},"line":445},"40":{"name":"(anonymous_40)","decl":{"start":{"line":459,"column":21},"end":{"line":459,"column":22}},"loc":{"start":{"line":459,"column":42},"end":{"line":476,"column":3}},"line":459},"41":{"name":"(anonymous_41)","decl":{"start":{"line":460,"column":31},"end":{"line":460,"column":32}},"loc":{"start":{"line":460,"column":45},"end":{"line":475,"column":5}},"line":460},"42":{"name":"(anonymous_42)","decl":{"start":{"line":479,"column":30},"end":{"line":479,"column":31}},"loc":{"start":{"line":479,"column":51},"end":{"line":498,"column":1}},"line":479},"43":{"name":"(anonymous_43)","decl":{"start":{"line":489,"column":21},"end":{"line":489,"column":22}},"loc":{"start":{"line":489,"column":42},"end":{"line":497,"column":3}},"line":489},"44":{"name":"(anonymous_44)","decl":{"start":{"line":490,"column":29},"end":{"line":490,"column":30}},"loc":{"start":{"line":490,"column":44},"end":{"line":496,"column":5}},"line":490},"45":{"name":"(anonymous_45)","decl":{"start":{"line":504,"column":37},"end":{"line":504,"column":38}},"loc":{"start":{"line":504,"column":77},"end":{"line":527,"column":1}},"line":504},"46":{"name":"(anonymous_46)","decl":{"start":{"line":518,"column":21},"end":{"line":518,"column":22}},"loc":{"start":{"line":518,"column":42},"end":{"line":526,"column":3}},"line":518},"47":{"name":"(anonymous_47)","decl":{"start":{"line":519,"column":52},"end":{"line":519,"column":53}},"loc":{"start":{"line":519,"column":67},"end":{"line":525,"column":5}},"line":519},"48":{"name":"(anonymous_48)","decl":{"start":{"line":529,"column":35},"end":{"line":529,"column":36}},"loc":{"start":{"line":529,"column":63},"end":{"line":561,"column":1}},"line":529},"49":{"name":"(anonymous_49)","decl":{"start":{"line":543,"column":21},"end":{"line":543,"column":22}},"loc":{"start":{"line":543,"column":42},"end":{"line":560,"column":3}},"line":543},"50":{"name":"(anonymous_50)","decl":{"start":{"line":544,"column":31},"end":{"line":544,"column":32}},"loc":{"start":{"line":544,"column":45},"end":{"line":559,"column":5}},"line":544},"51":{"name":"(anonymous_51)","decl":{"start":{"line":563,"column":34},"end":{"line":563,"column":35}},"loc":{"start":{"line":563,"column":55},"end":{"line":582,"column":1}},"line":563},"52":{"name":"(anonymous_52)","decl":{"start":{"line":573,"column":21},"end":{"line":573,"column":22}},"loc":{"start":{"line":573,"column":42},"end":{"line":581,"column":3}},"line":573},"53":{"name":"(anonymous_53)","decl":{"start":{"line":574,"column":29},"end":{"line":574,"column":30}},"loc":{"start":{"line":574,"column":44},"end":{"line":580,"column":5}},"line":574}},"branchMap":{"0":{"loc":{"start":{"line":28,"column":2},"end":{"line":30,"column":3}},"type":"if","locations":[{"start":{"line":28,"column":2},"end":{"line":30,"column":3}},{"start":{},"end":{}}],"line":28},"1":{"loc":{"start":{"line":28,"column":6},"end":{"line":28,"column":41}},"type":"binary-expr","locations":[{"start":{"line":28,"column":6},"end":{"line":28,"column":9}},{"start":{"line":28,"column":13},"end":{"line":28,"column":41}}],"line":28},"2":{"loc":{"start":{"line":31,"column":2},"end":{"line":33,"column":3}},"type":"if","locations":[{"start":{"line":31,"column":2},"end":{"line":33,"column":3}},{"start":{},"end":{}}],"line":31},"3":{"loc":{"start":{"line":46,"column":4},"end":{"line":46,"column":34}},"type":"binary-expr","locations":[{"start":{"line":46,"column":4},"end":{"line":46,"column":23}},{"start":{"line":46,"column":27},"end":{"line":46,"column":34}}],"line":46},"4":{"loc":{"start":{"line":47,"column":4},"end":{"line":47,"column":34}},"type":"binary-expr","locations":[{"start":{"line":47,"column":4},"end":{"line":47,"column":26}},{"start":{"line":47,"column":30},"end":{"line":47,"column":34}}],"line":47},"5":{"loc":{"start":{"line":48,"column":4},"end":{"line":48,"column":37}},"type":"binary-expr","locations":[{"start":{"line":48,"column":4},"end":{"line":48,"column":29}},{"start":{"line":48,"column":33},"end":{"line":48,"column":37}}],"line":48},"6":{"loc":{"start":{"line":49,"column":4},"end":{"line":49,"column":36}},"type":"binary-expr","locations":[{"start":{"line":49,"column":4},"end":{"line":49,"column":28}},{"start":{"line":49,"column":32},"end":{"line":49,"column":36}}],"line":49},"7":{"loc":{"start":{"line":54,"column":6},"end":{"line":58,"column":7}},"type":"if","locations":[{"start":{"line":54,"column":6},"end":{"line":58,"column":7}},{"start":{"line":56,"column":13},"end":{"line":58,"column":7}}],"line":54},"8":{"loc":{"start":{"line":73,"column":2},"end":{"line":75,"column":3}},"type":"if","locations":[{"start":{"line":73,"column":2},"end":{"line":75,"column":3}},{"start":{},"end":{}}],"line":73},"9":{"loc":{"start":{"line":73,"column":6},"end":{"line":73,"column":41}},"type":"binary-expr","locations":[{"start":{"line":73,"column":6},"end":{"line":73,"column":9}},{"start":{"line":73,"column":13},"end":{"line":73,"column":41}}],"line":73},"10":{"loc":{"start":{"line":76,"column":2},"end":{"line":78,"column":3}},"type":"if","locations":[{"start":{"line":76,"column":2},"end":{"line":78,"column":3}},{"start":{},"end":{}}],"line":76},"11":{"loc":{"start":{"line":95,"column":4},"end":{"line":95,"column":31}},"type":"binary-expr","locations":[{"start":{"line":95,"column":4},"end":{"line":95,"column":23}},{"start":{"line":95,"column":27},"end":{"line":95,"column":31}}],"line":95},"12":{"loc":{"start":{"line":96,"column":4},"end":{"line":96,"column":22}},"type":"binary-expr","locations":[{"sta
[...]
,"C:\\Users\\sutha\\Prabh Musik-Frontend\\prabh_musik\\backend\\src\\utils\\cookie.js": {"path":"C:\\Users\\sutha\\Prabh Musik-Frontend\\prabh_musik\\backend\\src\\utils\\cookie.js","statementMap":{"0":{"start":{"line":6,"column":17},"end":{"line":6,"column":46}},"1":{"start":{"line":8,"column":32},"end":{"line":16,"column":1}},"2":{"start":{"line":9,"column":2},"end":{"line":15,"column":4}},"3":{"start":{"line":25,"column":25},"end":{"line":27,"column":1}},"4":{"start":{"line":26,"column":2},"end":{"line":26,"column":63}},"5":{"start":{"line":35,"column":27},"end":{"line":42,"column":1}},"6":{"start":{"line":36,"column":2},"end":{"line":41,"column":5}},"7":{"start":{"line":44,"column":0},"end":{"line":48,"column":2}}},"fnMap":{"0":{"name":"(anonymous_0)","decl":{"start":{"line":8,"column":32},"end":{"line":8,"column":33}},"loc":{"start":{"line":8,"column":38},"end":{"line":16,"column":1}},"line":8},"1":{"name":"(anonymous_1)","decl":{"start":{"line":25,"column":25},"end":{"line":25,"column":26}},"loc":{"start":{"line":25,"column":41},"end":{"line":27,"column":1}},"line":25},"2":{"name":"(anonymous_2)","decl":{"start":{"line":35,"column":27},"end":{"line":35,"column":28}},"loc":{"start":{"line":35,"column":36},"end":{"line":42,"column":1}},"line":35}},"branchMap":{"0":{"loc":{"start":{"line":11,"column":12},"end":{"line":11,"column":89}},"type":"binary-expr","locations":[{"start":{"line":11,"column":12},"end":{"line":11,"column":49}},{"start":{"line":11,"column":53},"end":{"line":11,"column":89}}],"line":11},"1":{"loc":{"start":{"line":39,"column":12},"end":{"line":39,"column":89}},"type":"binary-expr","locations":[{"start":{"line":39,"column":12},"end":{"line":39,"column":49}},{"start":{"line":39,"column":53},"end":{"line":39,"column":89}}],"line":39}},"s":{"0":2,"1":2,"2":0,"3":2,"4":0,"5":2,"6":8,"7":2},"f":{"0":0,"1":0,"2":8},"b":{"0":[0,0],"1":[8,8]},"_coverageSchema":"1a1c01bbd47fc00a2c39e90264f33305004495a9","hash":"c19947ee49f75bc530aaffaa8c162c75a64ed270"}
,"C:\\Users\\sutha\\Prabh Musik-Frontend\\prabh_musik\\backend\\src\\utils\\email.js": {"path":"C:\\Users\\sutha\\Prabh Musik-Frontend\\prabh_musik\\backend\\src\\utils\\email.js","statementMap":{"0":{"start":{"line":12,"column":23},"end":{"line":15,"column":1}},"1":{"start":{"line":13,"column":2},"end":{"line":13,"column":43}},"2":{"start":{"line":13,"column":33},"end":{"line":13,"column":43}},"3":{"start":{"line":14,"column":2},"end":{"line":14,"column":36}},"4":{"start":{"line":23,"column":21},"end":{"line":29,"column":1}},"5":{"start":{"line":24,"column":2},"end":{"line":24,"column":46}},"6":{"start":{"line":24,"column":33},"end":{"line":24,"column":46}},"7":{"start":{"line":25,"column":2},"end":{"line":25,"column":39}},"8":{"start":{"line":25,"column":26},"end":{"line":25,"column":39}},"9":{"start":{"line":27,"column":21},"end":{"line":27,"column":49}},"10":{"start":{"line":28,"column":2},"end":{"line":28,"column":32}},"11":{"start":{"line":31,"column":0},"end":{"line":34,"column":2}}},"fnMap":{"0":{"name":"(anonymous_0)","decl":{"start":{"line":12,"column":23},"end":{"line":12,"column":24}},"loc":{"start":{"line":12,"column":34},"end":{"line":15,"column":1}},"line":12},"1":{"name":"(anonymous_1)","decl":{"start":{"line":23,"column":21},"end":{"line":23,"column":22}},"loc":{"start":{"line":23,"column":32},"end":{"line":29,"column":1}},"line":23}},"branchMap":{"0":{"loc":{"start":{"line":13,"column":2},"end":{"line":13,"column":43}},"type":"if","locations":[{"start":{"line":13,"column":2},"end":{"line":13,"column":43}},{"start":{},"end":{}}],"line":13},"1":{"loc":{"start":{"line":24,"column":2},"end":{"line":24,"column":46}},"type":"if","locations":[{"start":{"line":24,"column":2},"end":{"line":24,"column":46}},{"start":{},"end":{}}],"line":24},"2":{"loc":{"start":{"line":25,"column":2},"end":{"line":25,"column":39}},"type":"if","locations":[{"start":{"line":25,"column":2},"end":{"line":25,"column":39}},{"start":{},"end":{}}],"line":25}},"s":{"0":3,"1":113,"2":0,"3":113,"4":3,"5":55,"6":0,"7":55,"8":0,"9":55,"10":55,"11":3},"f":{"0":113,"1":55},"b":{"0":[0,113],"1":[0,55],"2":[0,55]},"_coverageSchema":"1a1c01bbd47fc00a2c39e90264f33305004495a9","hash":"93dca7eb5b171049a35d2aa2f79d1c407cbc1e57"}
,"C:\\Users\\sutha\\Prabh Musik-Frontend\\prabh_musik\\backend\\src\\utils\\id.js": {"path":"C:\\Users\\sutha\\Prabh Musik-Frontend\\prabh_musik\\backend\\src\\utils\\id.js","statementMap":{"0":{"start":{"line":6,"column":15},"end":{"line":6,"column":32}},"1":{"start":{"line":12,"column":25},"end":{"line":14,"column":1}},"2":{"start":{"line":13,"column":2},"end":{"line":13,"column":29}},"3":{"start":{"line":20,"column":26},"end":{"line":22,"column":1}},"4":{"start":{"line":21,"column":2},"end":{"line":21,"column":29}},"5":{"start":{"line":24,"column":0},"end":{"line":27,"column":2}}},"fnMap":{"0":{"name":"(anonymous_0)","decl":{"start":{"line":12,"column":25},"end":{"line":12,"column":26}},"loc":{"start":{"line":12,"column":31},"end":{"line":14,"column":1}},"line":12},"1":{"name":"(anonymous_1)","decl":{"start":{"line":20,"column":26},"end":{"line":20,"column":27}},"loc":{"start":{"line":20,"column":32},"end":{"line":22,"column":1}},"line":20}},"branchMap":{},"s":{"0":3,"1":3,"2":16,"3":3,"4":109,"5":3},"f":{"0":16,"1":109},"b":{},"_coverageSchema":"1a1c01bbd47fc00a2c39e90264f33305004495a9","hash":"72b2aad22785b4d56c26cdce67f1b2e7853a6699"}
,"C:\\Users\\sutha\\Prabh Musik-Frontend\\prabh_musik\\backend\\src\\utils\\jwt.js": {"path":"C:\\Users\\sutha\\Prabh Musik-Frontend\\prabh_musik\\backend\\src\\utils\\jwt.js","statementMap":{"0":{"start":{"line":6,"column":12},"end":{"line":6,"column":35}},"1":{"start":{"line":14,"column":28},"end":{"line":22,"column":1}},"2":{"start":{"line":15,"column":17},"end":{"line":15,"column":46}},"3":{"start":{"line":16,"column":2},"end":{"line":18,"column":3}},"4":{"start":{"line":17,"column":4},"end":{"line":17,"column":85}},"5":{"start":{"line":19,"column":2},"end":{"line":21,"column":5}},"6":{"start":{"line":30,"column":26},"end":{"line":36,"column":1}},"7":{"start":{"line":31,"column":17},"end":{"line":31,"column":46}},"8":{"start":{"line":32,"column":2},"end":{"line":34,"column":3}},"9":{"start":{"line":33,"column":4},"end":{"line":33,"column":85}},"10":{"start":{"line":35,"column":2},"end":{"line":35,"column":35}},"11":{"start":{"line":44,"column":29},"end":{"line":52,"column":1}},"12":{"start":{"line":45,"column":17},"end":{"line":45,"column":47}},"13":{"start":{"line":46,"column":2},"end":{"line":48,"column":3}},"14":{"start":{"line":47,"column":4},"end":{"line":47,"column":86}},"15":{"start":{"line":49,"column":2},"end":{"line":51,"column":5}},"16":{"start":{"line":60,"column":27},"end":{"line":66,"column":1}},"17":{"start":{"line":61,"column":17},"end":{"line":61,"column":47}},"18":{"start":{"line":62,"column":2},"end":{"line":64,"column":3}},"19":{"start":{"line":63,"column":4},"end":{"line":63,"column":86}},"20":{"start":{"line":65,"column":2},"end":{"line":65,"column":35}},"21":{"start":{"line":74,"column":20},"end":{"line":76,"column":1}},"22":{"start":{"line":75,"column":2},"end":{"line":75,"column":27}},"23":{"start":{"line":78,"column":0},"end":{"line":84,"column":2}}},"fnMap":{"0":{"name":"(anonymous_0)","decl":{"start":{"line":14,"column":28},"end":{"line":14,"column":29}},"loc":{"start":{"line":14,"column":41},"end":{"line":22,"column":1}},"line":14},"1":{"name":"(anonymous_1)","decl":{"start":{"line":30,"column":26},"end":{"line":30,"column":27}},"loc":{"start":{"line":30,"column":37},"end":{"line":36,"column":1}},"line":30},"2":{"name":"(anonymous_2)","decl":{"start":{"line":44,"column":29},"end":{"line":44,"column":30}},"loc":{"start":{"line":44,"column":42},"end":{"line":52,"column":1}},"line":44},"3":{"name":"(anonymous_3)","decl":{"start":{"line":60,"column":27},"end":{"line":60,"column":28}},"loc":{"start":{"line":60,"column":38},"end":{"line":66,"column":1}},"line":60},"4":{"name":"(anonymous_4)","decl":{"start":{"line":74,"column":20},"end":{"line":74,"column":21}},"loc":{"start":{"line":74,"column":31},"end":{"line":76,"column":1}},"line":74}},"branchMap":{"0":{"loc":{"start":{"line":16,"column":2},"end":{"line":18,"column":3}},"type":"if","locations":[{"start":{"line":16,"column":2},"end":{"line":18,"column":3}},{"start":{},"end":{}}],"line":16},"1":{"loc":{"start":{"line":20,"column":15},"end":{"line":20,"column":55}},"type":"binary-expr","locations":[{"start":{"line":20,"column":15},"end":{"line":20,"column":46}},{"start":{"line":20,"column":50},"end":{"line":20,"column":55}}],"line":20},"2":{"loc":{"start":{"line":32,"column":2},"end":{"line":34,"column":3}},"type":"if","locations":[{"start":{"line":32,"column":2},"end":{"line":34,"column":3}},{"start":{},"end":{}}],"line":32},"3":{"loc":{"start":{"line":46,"column":2},"end":{"line":48,"column":3}},"type":"if","locations":[{"start":{"line":46,"column":2},"end":{"line":48,"column":3}},{"start":{},"end":{}}],"line":46},"4":{"loc":{"start":{"line":50,"column":15},"end":{"line":50,"column":56}},"type":"binary-expr","locations":[{"start":{"line":50,"column":15},"end":{"line":50,"column":47}},{"start":{"line":50,"column":51},"end":{"line":50,"column":56}}],"line":50},"5":{"loc":{"start":{"line":62,"column":2},"end":{"line":64,"column":3}},"type":"if","locations":[{"start":{"line":62,"column":2},"end":{"line":64,"column":3}},{"start":{},"end":{}}],"line":62}},"s":{"0":3,"1":3,"2":55,"3":55,"4":0,"5":55,"6":3,"7":6,"8":6,"9":0,"10":6,"11":3,"12":59,"13":59,"14":0,"15":59,"16":3,"17":24,"18":24,"19":0,"20":24,"21":3,"22":1,"23":3},"f":{"0":55,"1":6,"2":59,"3":24,"4":1},"b":{"0":[0,55],"1":[55,55],"2":[0,6],"3":[0,59],"4":[59,59],"5":[0,24]},"_coverageSchema":"1a1c01bbd47fc00a2c39e90264f33305004495a9","hash":"0fee16edede6dd395f58a266b0b8dee847c75594"}
,"C:\\Users\\sutha\\Prabh Musik-Frontend\\prabh_musik\\backend\\src\\utils\\logger.js": {"path":"C:\\Users\\sutha\\Prabh Musik-Frontend\\prabh_musik\\backend\\src\\utils\\logger.js","statementMap":{"0":{"start":{"line":6,"column":30},"end":{"line":6,"column":52}},"1":{"start":{"line":9,"column":22},"end":{"line":9,"column":45}},"2":{"start":{"line":17,"column":18},"end":{"line":44,"column":1}},"3":{"start":{"line":18,"column":16},"end":{"line":18,"column":46}},"4":{"start":{"line":19,"column":20},"end":{"line":19,"column":44}},"5":{"start":{"line":20,"column":20},"end":{"line":20,"column":43}},"6":{"start":{"line":22,"column":18},"end":{"line":25,"column":3}},"7":{"start":{"line":27,"column":2},"end":{"line":29,"column":3}},"8":{"start":{"line":28,"column":4},"end":{"line":28,"column":34}},"9":{"start":{"line":31,"column":2},"end":{"line":38,"column":3}},"10":{"start":{"line":33,"column":60},"end":{"line":33,"column":67}},"11":{"start":{"line":34,"column":4},"end":{"line":37,"column":6}},"12":{"start":{"line":40,"column":2},"end":{"line":43,"column":4}},"13":{"start":{"line":46,"column":15},"end":{"line":60,"column":1}},"14":{"start":{"line":50,"column":4},"end":{"line":50,"column":53}},"15":{"start":{"line":54,"column":4},"end":{"line":54,"column":54}},"16":{"start":{"line":58,"column":4},"end":{"line":58,"column":56}},"17":{"start":{"line":62,"column":0},"end":{"line":62,"column":24}}},"fnMap":{"0":{"name":"(anonymous_0)","decl":{"start":{"line":17,"column":18},"end":{"line":17,"column":19}},"loc":{"start":{"line":17,"column":38},"end":{"line":44,"column":1}},"line":17},"1":{"name":"(anonymous_1)","decl":{"start":{"line":49,"column":8},"end":{"line":49,"column":9}},"loc":{"start":{"line":49,"column":30},"end":{"line":51,"column":3}},"line":49},"2":{"name":"(anonymous_2)","decl":{"start":{"line":53,"column":8},"end":{"line":53,"column":9}},"loc":{"start":{"line":53,"column":30},"end":{"line":55,"column":3}},"line":53},"3":{"name":"(anonymous_3)","decl":{"start":{"line":57,"column":9},"end":{"line":57,"column":10}},"loc":{"start":{"line":57,"column":31},"end":{"line":59,"column":3}},"line":57}},"branchMap":{"0":{"loc":{"start":{"line":18,"column":16},"end":{"line":18,"column":46}},"type":"binary-expr","locations":[{"start":{"line":18,"column":16},"end":{"line":18,"column":40}},{"start":{"line":18,"column":44},"end":{"line":18,"column":46}}],"line":18},"1":{"loc":{"start":{"line":20,"column":20},"end":{"line":20,"column":43}},"type":"binary-expr","locations":[{"start":{"line":20,"column":20},"end":{"line":20,"column":35}},{"start":{"line":20,"column":39},"end":{"line":20,"column":43}}],"line":20},"2":{"loc":{"start":{"line":27,"column":2},"end":{"line":29,"column":3}},"type":"if","locations":[{"start":{"line":27,"column":2},"end":{"line":29,"column":3}},{"start":{},"end":{}}],"line":27},"3":{"loc":{"start":{"line":31,"column":2},"end":{"line":38,"column":3}},"type":"if","locations":[{"start":{"line":31,"column":2},"end":{"line":38,"column":3}},{"start":{},"end":{}}],"line":31},"4":{"loc":{"start":{"line":31,"column":6},"end":{"line":31,"column":44}},"type":"binary-expr","locations":[{"start":{"line":31,"column":6},"end":{"line":31,"column":13}},{"start":{"line":31,"column":17},"end":{"line":31,"column":44}}],"line":31}},"s":{"0":3,"1":3,"2":3,"3":92,"4":92,"5":92,"6":92,"7":92,"8":92,"9":92,"10":92,"11":92,"12":0,"13":3,"14":60,"15":28,"16":4,"17":3},"f":{"0":92,"1":60,"2":28,"3":4},"b":{"0":[92,0],"1":[92,0],"2":[92,0],"3":[92,0],"4":[92,92]},"_coverageSchema":"1a1c01bbd47fc00a2c39e90264f33305004495a9","hash":"0c045b84fd59362cf517e1366704dcb29c9e8b22"}
,"C:\\Users\\sutha\\Prabh Musik-Frontend\\prabh_musik\\backend\\src\\utils\\password.js": {"path":"C:\\Users\\sutha\\Prabh Musik-Frontend\\prabh_musik\\backend\\src\\utils\\password.js","statementMap":{"0":{"start":{"line":6,"column":15},"end":{"line":6,"column":32}},"1":{"start":{"line":14,"column":21},"end":{"line":16,"column":1}},"2":{"start":{"line":15,"column":2},"end":{"line":15,"column":35}},"3":{"start":{"line":25,"column":24},"end":{"line":27,"column":1}},"4":{"start":{"line":26,"column":2},"end":{"line":26,"column":50}},"5":{"start":{"line":29,"column":0},"end":{"line":32,"column":2}}},"fnMap":{"0":{"name":"(anonymous_0)","decl":{"start":{"line":14,"column":21},"end":{"line":14,"column":22}},"loc":{"start":{"line":14,"column":41},"end":{"line":16,"column":1}},"line":14},"1":{"name":"(anonymous_1)","decl":{"start":{"line":25,"column":24},"end":{"line":25,"column":25}},"loc":{"start":{"line":25,"column":60},"end":{"line":27,"column":1}},"line":25}},"branchMap":{},"s":{"0":3,"1":3,"2":16,"3":3,"4":36,"5":3},"f":{"0":16,"1":36},"b":{},"_coverageSchema":"1a1c01bbd47fc00a2c39e90264f33305004495a9","hash":"ba8be63f6cc380dde9301d8ae815f2b50094e809"}
,"C:\\Users\\sutha\\Prabh Musik-Frontend\\prabh_musik\\backend\\src\\utils\\passwordPolicy.js": {"path":"C:\\Users\\sutha\\Prabh Musik-Frontend\\prabh_musik\\backend\\src\\utils\\passwordPolicy.js","statementMap":{"0":{"start":{"line":18,"column":33},"end":{"line":28,"column":1}},"1":{"start":{"line":19,"column":2},"end":{"line":19,"column":49}},"2":{"start":{"line":19,"column":36},"end":{"line":19,"column":49}},"3":{"start":{"line":20,"column":2},"end":{"line":20,"column":65}},"4":{"start":{"line":20,"column":52},"end":{"line":20,"column":65}},"5":{"start":{"line":22,"column":23},"end":{"line":22,"column":45}},"6":{"start":{"line":23,"column":23},"end":{"line":23,"column":45}},"7":{"start":{"line":24,"column":20},"end":{"line":24,"column":42}},"8":{"start":{"line":25,"column":21},"end":{"line":25,"column":75}},"9":{"start":{"line":27,"column":2},"end":{"line":27,"column":65}},"10":{"start":{"line":30,"column":0},"end":{"line":32,"column":2}}},"fnMap":{"0":{"name":"(anonymous_0)","decl":{"start":{"line":18,"column":33},"end":{"line":18,"column":34}},"loc":{"start":{"line":18,"column":47},"end":{"line":28,"column":1}},"line":18}},"branchMap":{"0":{"loc":{"start":{"line":19,"column":2},"end":{"line":19,"column":49}},"type":"if","locations":[{"start":{"line":19,"column":2},"end":{"line":19,"column":49}},{"start":{},"end":{}}],"line":19},"1":{"loc":{"start":{"line":20,"column":2},"end":{"line":20,"column":65}},"type":"if","locations":[{"start":{"line":20,"column":2},"end":{"line":20,"column":65}},{"start":{},"end":{}}],"line":20},"2":{"loc":{"start":{"line":20,"column":6},"end":{"line":20,"column":50}},"type":"binary-expr","locations":[{"start":{"line":20,"column":6},"end":{"line":20,"column":25}},{"start":{"line":20,"column":29},"end":{"line":20,"column":50}}],"line":20},"3":{"loc":{"start":{"line":27,"column":9},"end":{"line":27,"column":64}},"type":"binary-expr","locations":[{"start":{"line":27,"column":9},"end":{"line":27,"column":21}},{"start":{"line":27,"column":25},"end":{"line":27,"column":37}},{"start":{"line":27,"column":41},"end":{"line":27,"column":50}},{"start":{"line":27,"column":54},"end":{"line":27,"column":64}}],"line":27}},"s":{"0":2,"1":15,"2":0,"3":15,"4":1,"5":14,"6":14,"7":14,"8":14,"9":14,"10":2},"f":{"0":15},"b":{"0":[0,15],"1":[1,14],"2":[15,14],"3":[14,14,14,14]},"_coverageSchema":"1a1c01bbd47fc00a2c39e90264f33305004495a9","hash":"47db3f7a560a8c20a63c99c81c188a6dceeb2834"}
,"C:\\Users\\sutha\\Prabh Musik-Frontend\\prabh_musik\\backend\\src\\utils\\token.js": {"path":"C:\\Users\\sutha\\Prabh Musik-Frontend\\prabh_musik\\backend\\src\\utils\\token.js","statementMap":{"0":{"start":{"line":6,"column":15},"end":{"line":6,"column":32}},"1":{"start":{"line":13,"column":18},"end":{"line":16,"column":1}},"2":{"start":{"line":14,"column":2},"end":{"line":14,"column":24}},"3":{"start":{"line":14,"column":14},"end":{"line":14,"column":24}},"4":{"start":{"line":15,"column":2},"end":{"line":15,"column":65}},"5":{"start":{"line":24,"column":21},"end":{"line":36,"column":1}},"6":{"start":{"line":25,"column":2},"end":{"line":25,"column":36}},"7":{"start":{"line":25,"column":23},"end":{"line":25,"column":36}},"8":{"start":{"line":27,"column":23},"end":{"line":27,"column":39}},"9":{"start":{"line":28,"column":21},"end":{"line":28,"column":45}},"10":{"start":{"line":29,"column":25},"end":{"line":29,"column":57}},"11":{"start":{"line":31,"column":2},"end":{"line":33,"column":3}},"12":{"start":{"line":32,"column":4},"end":{"line":32,"column":17}},"13":{"start":{"line":35,"column":2},"end":{"line":35,"column":60}},"14":{"start":{"line":38,"column":0},"end":{"line":41,"column":2}}},"fnMap":{"0":{"name":"(anonymous_0)","decl":{"start":{"line":13,"column":18},"end":{"line":13,"column":19}},"loc":{"start":{"line":13,"column":29},"end":{"line":16,"column":1}},"line":13},"1":{"name":"(anonymous_1)","decl":{"start":{"line":24,"column":21},"end":{"line":24,"column":22}},"loc":{"start":{"line":24,"column":38},"end":{"line":36,"column":1}},"line":24}},"branchMap":{"0":{"loc":{"start":{"line":14,"column":2},"end":{"line":14,"column":24}},"type":"if","locations":[{"start":{"line":14,"column":2},"end":{"line":14,"column":24}},{"start":{},"end":{}}],"line":14},"1":{"loc":{"start":{"line":25,"column":2},"end":{"line":25,"column":36}},"type":"if","locations":[{"start":{"line":25,"column":2},"end":{"line":25,"column":36}},{"start":{},"end":{}}],"line":25},"2":{"loc":{"start":{"line":25,"column":6},"end":{"line":25,"column":21}},"type":"binary-expr","locations":[{"start":{"line":25,"column":6},"end":{"line":25,"column":12}},{"start":{"line":25,"column":16},"end":{"line":25,"column":21}}],"line":25},"3":{"loc":{"start":{"line":31,"column":2},"end":{"line":33,"column":3}},"type":"if","locations":[{"start":{"line":31,"column":2},"end":{"line":33,"column":3}},{"start":{},"end":{}}],"line":31}},"s":{"0":3,"1":3,"2":70,"3":0,"4":70,"5":3,"6":0,"7":0,"8":0,"9":0,"10":0,"11":0,"12":0,"13":0,"14":3},"f":{"0":70,"1":0},"b":{"0":[0,70],"1":[0,0],"2":[0,0],"3":[0,0]},"_coverageSchema":"1a1c01bbd47fc00a2c39e90264f33305004495a9","hash":"94a5e3e4be8c247e4933264ab763b05af9b0ea07"}
}
