TN:
SF:src\app.js
FN:113,(anonymous_0)
FNF:1
FNH:0
FNDA:0,(anonymous_0)
DA:62,2
DA:63,2
DA:64,2
DA:65,2
DA:66,2
DA:68,2
DA:69,2
DA:71,2
DA:72,2
DA:73,2
DA:74,2
DA:75,2
DA:76,2
DA:77,2
DA:78,2
DA:80,2
DA:81,2
DA:83,2
DA:86,2
DA:87,2
DA:88,0
DA:89,0
DA:90,0
DA:91,0
DA:93,0
DA:98,2
DA:101,2
DA:102,2
DA:103,2
DA:104,2
DA:109,2
DA:111,2
DA:113,2
DA:114,0
DA:123,2
DA:124,2
DA:125,2
DA:126,2
DA:127,2
DA:128,2
DA:129,2
DA:130,2
DA:133,2
DA:135,2
LF:44
LH:38
BRDA:87,0,0,0
BRDA:87,0,1,2
BRDA:88,1,0,0
BRDA:88,1,1,0
BRDA:88,2,0,0
BRDA:88,2,1,0
BRDA:90,3,0,0
BRDA:90,3,1,0
BRF:8
BRH:1
end_of_record
TN:
SF:src\config\db.js
FN:10,(anonymous_0)
FN:14,(anonymous_1)
FN:24,init
FN:29,applySchemaAndSeed
FN:31,(anonymous_4)
FN:41,(anonymous_5)
FN:64,(anonymous_6)
FN:75,(anonymous_7)
FNF:8
FNH:7
FNDA:3,(anonymous_0)
FNDA:3,(anonymous_1)
FNDA:2,init
FNDA:2,applySchemaAndSeed
FNDA:2,(anonymous_4)
FNDA:2,(anonymous_5)
FNDA:2,(anonymous_6)
FNDA:0,(anonymous_7)
DA:1,3
DA:2,3
DA:3,3
DA:5,3
DA:6,3
DA:7,3
DA:10,3
DA:11,3
DA:12,0
DA:14,3
DA:15,3
DA:16,0
DA:18,3
DA:25,2
DA:26,2
DA:27,2
DA:30,2
DA:31,2
DA:32,2
DA:33,0
DA:34,0
DA:36,2
DA:37,2
DA:38,2
DA:39,2
DA:40,2
DA:41,2
DA:42,2
DA:43,0
DA:45,2
DA:51,0
DA:56,2
DA:57,0
DA:58,0
DA:62,2
DA:65,2
DA:66,0
DA:67,0
DA:69,2
DA:70,2
DA:71,2
DA:73,0
DA:75,0
DA:76,0
DA:77,0
DA:78,0
DA:80,0
DA:83,0
DA:90,0
DA:94,3
LF:50
LH:32
BRDA:5,0,0,3
BRDA:5,0,1,0
BRDA:11,1,0,0
BRDA:11,1,1,3
BRDA:15,2,0,0
BRDA:15,2,1,3
BRDA:32,3,0,0
BRDA:32,3,1,2
BRDA:38,4,0,2
BRDA:38,4,1,0
BRDA:40,5,0,2
BRDA:40,5,1,0
BRDA:40,6,0,2
BRDA:40,6,1,2
BRDA:42,7,0,0
BRDA:42,7,1,2
BRDA:43,8,0,0
BRDA:43,8,1,0
BRDA:51,9,0,0
BRDA:51,9,1,0
BRDA:56,10,0,0
BRDA:56,10,1,2
BRDA:65,11,0,0
BRDA:65,11,1,2
BRDA:66,12,0,0
BRDA:66,12,1,0
BRDA:69,13,0,2
BRDA:69,13,1,0
BRDA:76,14,0,0
BRDA:76,14,1,0
BRDA:77,15,0,0
BRDA:77,15,1,0
BRDA:90,16,0,0
BRDA:90,16,1,0
BRF:34
BRH:12
end_of_record
TN:
SF:src\config\download.config.js
FNF:0
FNH:0
DA:1,2
LF:1
LH:1
BRF:0
BRH:0
end_of_record
TN:
SF:src\config\env.js
FNF:0
FNH:0
DA:6,3
DA:41,3
LF:2
LH:2
BRDA:8,0,0,3
BRDA:8,0,1,3
BRDA:11,1,0,3
BRDA:11,1,1,3
BRDA:14,2,0,3
BRDA:14,2,1,0
BRDA:17,3,0,3
BRDA:17,3,1,0
BRDA:20,4,0,3
BRDA:20,4,1,3
BRDA:23,5,0,3
BRDA:23,5,1,3
BRDA:26,6,0,3
BRDA:26,6,1,0
BRDA:29,7,0,3
BRDA:29,7,1,0
BRDA:32,8,0,3
BRDA:32,8,1,3
BRDA:35,9,0,3
BRDA:35,9,1,3
BRDA:38,10,0,3
BRDA:38,10,1,3
BRF:22
BRH:18
end_of_record
TN:
SF:src\config\errorCodes.js
FNF:0
FNH:0
DA:5,3
DA:22,3
LF:2
LH:2
BRF:0
BRH:0
end_of_record
TN:
SF:src\config\r2.js
FNF:0
FNH:0
DA:2,2
DA:4,2
DA:14,2
LF:3
LH:3
BRF:0
BRH:0
end_of_record
TN:
SF:src\config\revocationReasons.js
FNF:0
FNH:0
DA:5,3
DA:13,3
LF:2
LH:2
BRF:0
BRH:0
end_of_record
TN:
SF:src\config\transaction.js
FN:16,(anonymous_0)
FN:17,(anonymous_1)
FN:18,(anonymous_2)
FN:19,(anonymous_3)
FN:23,(anonymous_4)
FNF:5
FNH:5
FNDA:65,(anonymous_0)
FNDA:65,(anonymous_1)
FNDA:65,(anonymous_2)
FNDA:65,(anonymous_3)
FNDA:62,(anonymous_4)
DA:6,3
DA:16,3
DA:17,65
DA:18,65
DA:19,65
DA:20,65
DA:21,65
DA:22,65
DA:23,62
DA:24,62
DA:25,0
DA:26,0
DA:28,62
DA:32,3
DA:33,3
DA:40,3
LF:16
LH:14
BRDA:20,0,0,0
BRDA:20,0,1,65
BRDA:24,1,0,0
BRDA:24,1,1,62
BRF:4
BRH:2
end_of_record
TN:
SF:src\errors\AppError.js
FN:10,(anonymous_0)
FNF:1
FNH:1
FNDA:24,(anonymous_0)
DA:11,24
DA:12,24
DA:13,24
DA:14,24
DA:16,24
DA:20,4
LF:6
LH:6
BRDA:10,0,0,0
BRF:1
BRH:0
end_of_record
TN:
SF:src\errors\ConflictError.js
FN:12,(anonymous_0)
FNF:1
FNH:1
FNDA:5,(anonymous_0)
DA:6,4
DA:13,5
DA:14,5
DA:15,5
DA:19,4
LF:5
LH:5
BRF:0
BRH:0
end_of_record
TN:
SF:src\errors\RepositoryError.js
FN:11,(anonymous_0)
FNF:1
FNH:1
FNDA:1,(anonymous_0)
DA:12,1
DA:13,1
DA:14,1
DA:17,1
DA:18,1
DA:23,3
LF:6
LH:6
BRDA:11,0,0,0
BRDA:17,1,0,1
BRDA:17,1,1,0
BRF:3
BRH:1
end_of_record
TN:
SF:src\middleware\auth.middleware.js
FN:19,(anonymous_0)
FNF:1
FNH:1
FNDA:7,(anonymous_0)
DA:6,2
DA:7,2
DA:8,2
DA:19,2
DA:20,7
DA:21,7
DA:22,1
DA:23,1
DA:24,1
DA:27,6
DA:28,6
DA:29,6
DA:30,4
DA:31,0
DA:32,0
DA:33,0
DA:35,4
DA:40,4
DA:42,2
DA:43,2
DA:44,2
DA:48,2
LF:22
LH:19
BRDA:21,0,0,1
BRDA:21,0,1,6
BRDA:21,1,0,7
BRDA:21,1,1,6
BRDA:30,2,0,0
BRDA:30,2,1,4
BRDA:30,3,0,4
BRDA:30,3,1,4
BRF:8
BRH:7
end_of_record
TN:
SF:src\middleware\error.js
FN:18,(anonymous_0)
FNF:1
FNH:1
FNDA:25,(anonymous_0)
DA:6,2
DA:7,2
DA:18,2
DA:19,25
DA:20,25
DA:22,25
DA:23,25
DA:24,25
DA:25,25
DA:27,25
DA:29,25
DA:31,4
DA:32,4
DA:35,4
DA:42,4
DA:43,4
DA:46,21
DA:56,25
DA:65,25
DA:66,3
DA:69,25
DA:72,2
LF:22
LH:22
BRDA:20,0,0,25
BRDA:20,0,1,0
BRDA:22,1,0,25
BRDA:22,1,1,4
BRDA:22,1,2,4
BRDA:23,2,0,25
BRDA:23,2,1,4
BRDA:24,3,0,25
BRDA:24,3,1,0
BRDA:25,4,0,25
BRDA:25,4,1,25
BRDA:29,5,0,4
BRDA:29,5,1,21
BRDA:65,6,0,3
BRDA:65,6,1,22
BRDA:65,7,0,25
BRDA:65,7,1,24
BRF:17
BRH:15
end_of_record
TN:
SF:src\middleware\rateLimit.middleware.js
FN:19,(anonymous_0)
FN:29,(anonymous_1)
FN:34,(anonymous_2)
FN:46,(anonymous_3)
FN:55,(anonymous_4)
FN:76,(anonymous_5)
FN:83,(anonymous_6)
FNF:7
FNH:5
FNDA:0,(anonymous_0)
FNDA:4,(anonymous_1)
FNDA:59,(anonymous_2)
FNDA:0,(anonymous_3)
FNDA:94,(anonymous_4)
FNDA:4,(anonymous_5)
FNDA:59,(anonymous_6)
DA:6,2
DA:20,0
DA:30,4
DA:31,4
DA:35,59
DA:36,59
DA:38,59
DA:39,33
DA:40,33
DA:46,33
DA:48,33
DA:55,94
DA:56,26
DA:58,26
DA:76,2
DA:77,4
DA:78,4
DA:79,4
DA:80,4
DA:81,4
DA:83,4
DA:84,59
DA:85,59
DA:86,59
DA:89,59
DA:90,59
DA:91,59
DA:92,59
DA:95,59
DA:96,59
DA:98,59
DA:99,2
DA:100,2
DA:110,57
DA:112,0
DA:117,2
LF:36
LH:34
BRDA:38,0,0,33
BRDA:38,0,1,26
BRDA:76,1,0,0
BRDA:77,2,0,4
BRDA:77,2,1,0
BRDA:78,3,0,4
BRDA:78,3,1,0
BRDA:79,4,0,4
BRDA:79,4,1,0
BRDA:80,5,0,4
BRDA:80,5,1,4
BRDA:81,6,0,4
BRDA:81,6,1,4
BRDA:84,7,0,59
BRDA:84,7,1,10
BRDA:84,7,2,0
BRDA:85,8,0,59
BRDA:85,8,1,0
BRDA:85,9,0,59
BRDA:85,9,1,59
BRDA:98,10,0,2
BRDA:98,10,1,57
BRF:22
BRH:16
end_of_record
TN:
SF:src\middleware\requestId.middleware.js
FN:12,(anonymous_0)
FN:24,(anonymous_1)
FN:32,(anonymous_2)
FNF:3
FNH:3
FNDA:92,(anonymous_0)
FNDA:92,(anonymous_1)
FNDA:92,(anonymous_2)
DA:1,2
DA:2,2
DA:12,2
DA:14,92
DA:17,92
DA:20,92
DA:23,92
DA:24,92
DA:25,92
DA:26,32
DA:28,92
DA:32,92
DA:33,92
DA:37,2
LF:14
LH:14
BRDA:14,0,0,92
BRDA:14,0,1,91
BRDA:14,0,2,91
BRDA:25,1,0,32
BRDA:25,1,1,60
BRDA:25,2,0,92
BRDA:25,2,1,92
BRDA:25,2,2,92
BRF:8
BRH:8
end_of_record
TN:
SF:src\modules\auth\auth.controller.js
FN:11,(anonymous_0)
FN:49,(anonymous_1)
FN:87,(anonymous_2)
FN:108,(anonymous_3)
FN:142,(anonymous_4)
FN:159,(anonymous_5)
FN:166,(anonymous_6)
FN:173,(anonymous_7)
FN:180,(anonymous_8)
FN:187,(anonymous_9)
FN:194,(anonymous_10)
FNF:11
FNH:5
FNDA:19,(anonymous_0)
FNDA:39,(anonymous_1)
FNDA:8,(anonymous_2)
FNDA:17,(anonymous_3)
FNDA:4,(anonymous_4)
FNDA:0,(anonymous_5)
FNDA:0,(anonymous_6)
FNDA:0,(anonymous_7)
FNDA:0,(anonymous_8)
FNDA:0,(anonymous_9)
FNDA:0,(anonymous_10)
DA:1,3
DA:2,3
DA:11,3
DA:13,19
DA:14,19
DA:15,19
DA:18,19
DA:24,19
DA:30,19
DA:33,14
DA:35,13
DA:49,3
DA:51,39
DA:52,39
DA:53,39
DA:56,39
DA:63,39
DA:68,39
DA:71,33
DA:73,32
DA:87,3
DA:88,8
DA:90,8
DA:94,8
DA:97,8
DA:99,8
DA:108,3
DA:109,17
DA:112,17
DA:113,17
DA:114,17
DA:117,17
DA:123,17
DA:126,8
DA:128,8
DA:142,3
DA:143,4
DA:145,4
DA:147,1
DA:159,3
DA:160,0
DA:166,3
DA:167,0
DA:173,3
DA:174,0
DA:180,3
DA:181,0
DA:187,3
DA:188,0
DA:194,3
DA:195,0
DA:198,3
LF:52
LH:46
BRDA:13,0,0,19
BRDA:13,0,1,3
BRDA:13,0,2,0
BRDA:14,1,0,19
BRDA:14,1,1,0
BRDA:14,2,0,19
BRDA:14,2,1,19
BRDA:20,3,0,19
BRDA:20,3,1,0
BRDA:51,4,0,39
BRDA:51,4,1,5
BRDA:51,4,2,0
BRDA:52,5,0,39
BRDA:52,5,1,0
BRDA:52,6,0,39
BRDA:52,6,1,39
BRDA:58,7,0,39
BRDA:58,7,1,0
BRDA:88,8,0,8
BRDA:88,8,1,0
BRDA:112,9,0,17
BRDA:112,9,1,0
BRDA:112,9,2,0
BRDA:113,10,0,17
BRDA:113,10,1,0
BRDA:113,11,0,17
BRDA:113,11,1,17
BRDA:119,12,0,17
BRDA:119,12,1,0
BRDA:143,13,0,4
BRDA:143,13,1,0
BRF:31
BRH:19
end_of_record
TN:
SF:src\modules\auth\auth.repository.js
FN:27,(anonymous_0)
FN:52,(anonymous_1)
FN:53,(anonymous_2)
FN:72,(anonymous_3)
FN:101,(anonymous_4)
FN:102,(anonymous_5)
FN:116,(anonymous_6)
FN:126,(anonymous_7)
FN:127,(anonymous_8)
FN:144,(anonymous_9)
FN:151,(anonymous_10)
FN:152,(anonymous_11)
FN:169,(anonymous_12)
FN:177,(anonymous_13)
FN:178,(anonymous_14)
FN:191,(anonymous_15)
FN:209,(anonymous_16)
FN:210,(anonymous_17)
FN:237,(anonymous_18)
FN:247,(anonymous_19)
FN:248,(anonymous_20)
FN:262,(anonymous_21)
FN:272,(anonymous_22)
FN:273,(anonymous_23)
FN:287,(anonymous_24)
FN:295,(anonymous_25)
FN:296,(anonymous_26)
FN:313,(anonymous_27)
FN:332,(anonymous_28)
FN:333,(anonymous_29)
FN:365,(anonymous_30)
FN:374,(anonymous_31)
FN:375,(anonymous_32)
FN:394,(anonymous_33)
FN:405,(anonymous_34)
FN:406,(anonymous_35)
FN:420,(anonymous_36)
FN:434,(anonymous_37)
FN:435,(anonymous_38)
FN:445,(anonymous_39)
FN:459,(anonymous_40)
FN:460,(anonymous_41)
FN:479,(anonymous_42)
FN:489,(anonymous_43)
FN:490,(anonymous_44)
FN:504,(anonymous_45)
FN:518,(anonymous_46)
FN:519,(anonymous_47)
FN:529,(anonymous_48)
FN:543,(anonymous_49)
FN:544,(anonymous_50)
FN:563,(anonymous_51)
FN:573,(anonymous_52)
FN:574,(anonymous_53)
FNF:54
FNH:21
FNDA:14,(anonymous_0)
FNDA:14,(anonymous_1)
FNDA:14,(anonymous_2)
FNDA:48,(anonymous_3)
FNDA:48,(anonymous_4)
FNDA:48,(anonymous_5)
FNDA:0,(anonymous_6)
FNDA:0,(anonymous_7)
FNDA:0,(anonymous_8)
FNDA:39,(anonymous_9)
FNDA:39,(anonymous_10)
FNDA:39,(anonymous_11)
FNDA:0,(anonymous_12)
FNDA:0,(anonymous_13)
FNDA:0,(anonymous_14)
FNDA:1,(anonymous_15)
FNDA:1,(anonymous_16)
FNDA:1,(anonymous_17)
FNDA:0,(anonymous_18)
FNDA:0,(anonymous_19)
FNDA:0,(anonymous_20)
FNDA:0,(anonymous_21)
FNDA:0,(anonymous_22)
FNDA:0,(anonymous_23)
FNDA:0,(anonymous_24)
FNDA:0,(anonymous_25)
FNDA:0,(anonymous_26)
FNDA:22,(anonymous_27)
FNDA:22,(anonymous_28)
FNDA:22,(anonymous_29)
FNDA:8,(anonymous_30)
FNDA:8,(anonymous_31)
FNDA:8,(anonymous_32)
FNDA:6,(anonymous_33)
FNDA:6,(anonymous_34)
FNDA:6,(anonymous_35)
FNDA:0,(anonymous_36)
FNDA:0,(anonymous_37)
FNDA:0,(anonymous_38)
FNDA:0,(anonymous_39)
FNDA:0,(anonymous_40)
FNDA:0,(anonymous_41)
FNDA:0,(anonymous_42)
FNDA:0,(anonymous_43)
FNDA:0,(anonymous_44)
FNDA:0,(anonymous_45)
FNDA:0,(anonymous_46)
FNDA:0,(anonymous_47)
FNDA:0,(anonymous_48)
FNDA:0,(anonymous_49)
FNDA:0,(anonymous_50)
FNDA:0,(anonymous_51)
FNDA:0,(anonymous_52)
FNDA:0,(anonymous_53)
DA:14,3
DA:15,3
DA:16,3
DA:27,3
DA:28,14
DA:29,0
DA:31,14
DA:32,0
DA:35,14
DA:44,14
DA:52,14
DA:53,14
DA:54,14
DA:55,0
DA:57,14
DA:72,3
DA:73,48
DA:74,0
DA:76,48
DA:77,0
DA:80,48
DA:91,48
DA:101,48
DA:102,48
DA:103,48
DA:104,0
DA:106,48
DA:116,3
DA:117,0
DA:118,0
DA:121,0
DA:126,0
DA:127,0
DA:128,0
DA:129,0
DA:131,0
DA:144,3
DA:145,39
DA:146,39
DA:151,39
DA:152,39
DA:153,39
DA:154,0
DA:156,39
DA:169,3
DA:170,0
DA:171,0
DA:177,0
DA:178,0
DA:179,0
DA:180,0
DA:182,0
DA:191,3
DA:192,1
DA:193,1
DA:194,1
DA:209,1
DA:210,1
DA:211,1
DA:212,0
DA:213,1
DA:214,0
DA:216,1
DA:237,3
DA:238,0
DA:239,0
DA:241,0
DA:242,0
DA:247,0
DA:248,0
DA:249,0
DA:250,0
DA:252,0
DA:262,3
DA:263,0
DA:264,0
DA:266,0
DA:267,0
DA:272,0
DA:273,0
DA:274,0
DA:275,0
DA:277,0
DA:287,3
DA:288,0
DA:289,0
DA:291,0
DA:295,0
DA:296,0
DA:297,0
DA:298,0
DA:300,0
DA:313,3
DA:314,22
DA:315,22
DA:332,22
DA:333,22
DA:334,22
DA:335,0
DA:336,22
DA:337,2
DA:339,20
DA:365,3
DA:366,8
DA:367,0
DA:369,8
DA:374,8
DA:375,8
DA:376,8
DA:377,0
DA:379,8
DA:394,3
DA:395,6
DA:396,0
DA:398,6
DA:405,6
DA:406,6
DA:407,6
DA:408,0
DA:410,6
DA:420,3
DA:421,0
DA:422,0
DA:424,0
DA:425,0
DA:426,0
DA:434,0
DA:435,0
DA:436,0
DA:437,0
DA:439,0
DA:445,3
DA:446,0
DA:447,0
DA:448,0
DA:459,0
DA:460,0
DA:461,0
DA:462,0
DA:463,0
DA:464,0
DA:466,0
DA:479,3
DA:480,0
DA:481,0
DA:483,0
DA:484,0
DA:489,0
DA:490,0
DA:491,0
DA:492,0
DA:494,0
DA:504,3
DA:505,0
DA:506,0
DA:508,0
DA:509,0
DA:510,0
DA:518,0
DA:519,0
DA:520,0
DA:521,0
DA:523,0
DA:529,3
DA:530,0
DA:531,0
DA:532,0
DA:543,0
DA:544,0
DA:545,0
DA:546,0
DA:547,0
DA:548,0
DA:550,0
DA:563,3
DA:564,0
DA:565,0
DA:567,0
DA:568,0
DA:573,0
DA:574,0
DA:575,0
DA:576,0
DA:578,0
DA:584,3
LF:185
LH:72
BRDA:28,0,0,0
BRDA:28,0,1,14
BRDA:28,1,0,14
BRDA:28,1,1,14
BRDA:31,2,0,0
BRDA:31,2,1,14
BRDA:46,3,0,14
BRDA:46,3,1,0
BRDA:47,4,0,14
BRDA:47,4,1,14
BRDA:48,5,0,14
BRDA:48,5,1,14
BRDA:49,6,0,14
BRDA:49,6,1,0
BRDA:54,7,0,0
BRDA:54,7,1,14
BRDA:73,8,0,0
BRDA:73,8,1,48
BRDA:73,9,0,48
BRDA:73,9,1,48
BRDA:76,10,0,0
BRDA:76,10,1,48
BRDA:95,11,0,48
BRDA:95,11,1,45
BRDA:96,12,0,48
BRDA:96,12,1,0
BRDA:97,13,0,48
BRDA:97,13,1,0
BRDA:103,14,0,0
BRDA:103,14,1,48
BRDA:117,15,0,0
BRDA:117,15,1,0
BRDA:117,16,0,0
BRDA:117,16,1,0
BRDA:128,17,0,0
BRDA:128,17,1,0
BRDA:144,18,0,39
BRDA:145,19,0,39
BRDA:145,19,1,39
BRDA:153,20,0,0
BRDA:153,20,1,39
BRDA:169,21,0,0
BRDA:170,22,0,0
BRDA:170,22,1,0
BRDA:179,23,0,0
BRDA:179,23,1,0
BRDA:191,24,0,1
BRDA:192,25,0,1
BRDA:192,25,1,1
BRDA:211,26,0,0
BRDA:211,26,1,1
BRDA:213,27,0,0
BRDA:213,27,1,1
BRDA:238,28,0,0
BRDA:238,28,1,0
BRDA:238,29,0,0
BRDA:238,29,1,0
BRDA:249,30,0,0
BRDA:249,30,1,0
BRDA:263,31,0,0
BRDA:263,31,1,0
BRDA:263,32,0,0
BRDA:263,32,1,0
BRDA:274,33,0,0
BRDA:274,33,1,0
BRDA:288,34,0,0
BRDA:288,34,1,0
BRDA:288,35,0,0
BRDA:288,35,1,0
BRDA:297,36,0,0
BRDA:297,36,1,0
BRDA:313,37,0,22
BRDA:314,38,0,22
BRDA:314,38,1,22
BRDA:334,39,0,0
BRDA:334,39,1,22
BRDA:336,40,0,2
BRDA:336,40,1,20
BRDA:366,41,0,0
BRDA:366,41,1,8
BRDA:366,42,0,8
BRDA:366,42,1,8
BRDA:376,43,0,0
BRDA:376,43,1,8
BRDA:394,44,0,0
BRDA:395,45,0,0
BRDA:395,45,1,6
BRDA:395,46,0,6
BRDA:395,46,1,6
BRDA:407,47,0,0
BRDA:407,47,1,6
BRDA:421,48,0,0
BRDA:421,48,1,0
BRDA:421,49,0,0
BRDA:421,49,1,0
BRDA:436,50,0,0
BRDA:436,50,1,0
BRDA:445,51,0,0
BRDA:446,52,0,0
BRDA:446,52,1,0
BRDA:461,53,0,0
BRDA:461,53,1,0
BRDA:463,54,0,0
BRDA:463,54,1,0
BRDA:480,55,0,0
BRDA:480,55,1,0
BRDA:480,56,0,0
BRDA:480,56,1,0
BRDA:491,57,0,0
BRDA:491,57,1,0
BRDA:505,58,0,0
BRDA:505,58,1,0
BRDA:505,59,0,0
BRDA:505,59,1,0
BRDA:520,60,0,0
BRDA:520,60,1,0
BRDA:529,61,0,0
BRDA:530,62,0,0
BRDA:530,62,1,0
BRDA:545,63,0,0
BRDA:545,63,1,0
BRDA:547,64,0,0
BRDA:547,64,1,0
BRDA:564,65,0,0
BRDA:564,65,1,0
BRDA:564,66,0,0
BRDA:564,66,1,0
BRDA:575,67,0,0
BRDA:575,67,1,0
BRF:129
BRH:43
end_of_record
TN:
SF:src\modules\auth\auth.routes.js
FNF:0
FNH:0
DA:6,2
DA:7,2
DA:8,2
DA:9,2
DA:10,2
DA:11,2
DA:13,2
DA:15,2
DA:21,2
DA:28,2
DA:29,2
DA:30,2
DA:31,2
DA:34,2
DA:37,2
DA:38,2
DA:41,2
DA:42,2
DA:45,2
DA:46,2
DA:48,2
LF:21
LH:21
BRF:0
BRH:0
end_of_record
TN:
SF:src\modules\auth\auth.service.js
FN:40,(anonymous_0)
FN:74,(anonymous_1)
FN:170,(anonymous_2)
FN:173,(anonymous_3)
FN:218,(anonymous_4)
FN:271,(anonymous_5)
FN:295,(anonymous_6)
FN:322,(anonymous_7)
FN:323,(anonymous_8)
FN:396,(anonymous_9)
FN:405,(anonymous_10)
FN:450,(anonymous_11)
FN:477,(anonymous_12)
FN:484,(anonymous_13)
FN:491,(anonymous_14)
FN:498,(anonymous_15)
FN:505,(anonymous_16)
FN:512,(anonymous_17)
FN:526,(anonymous_18)
FN:527,(anonymous_19)
FNF:20
FNH:14
FNDA:19,(anonymous_0)
FNDA:16,(anonymous_1)
FNDA:39,(anonymous_2)
FNDA:4,(anonymous_3)
FNDA:34,(anonymous_4)
FNDA:8,(anonymous_5)
FNDA:4,(anonymous_6)
FNDA:17,(anonymous_7)
FNDA:8,(anonymous_8)
FNDA:11,(anonymous_9)
FNDA:2,(anonymous_10)
FNDA:9,(anonymous_11)
FNDA:0,(anonymous_12)
FNDA:0,(anonymous_13)
FNDA:0,(anonymous_14)
FNDA:0,(anonymous_15)
FNDA:0,(anonymous_16)
FNDA:0,(anonymous_17)
FNDA:4,(anonymous_18)
FNDA:2,(anonymous_19)
DA:16,3
DA:17,3
DA:18,3
DA:19,3
DA:20,3
DA:21,3
DA:22,3
DA:23,3
DA:24,3
DA:25,3
DA:26,3
DA:27,3
DA:28,3
DA:29,3
DA:30,3
DA:31,3
DA:40,3
DA:41,19
DA:43,19
DA:45,19
DA:46,19
DA:47,3
DA:52,3
DA:56,16
DA:59,16
DA:60,16
DA:63,16
DA:68,16
DA:70,16
DA:71,16
DA:74,16
DA:76,16
DA:85,14
DA:92,14
DA:102,14
DA:106,14
DA:113,13
DA:122,13
DA:127,13
DA:136,6
DA:141,6
DA:142,1
DA:147,1
DA:150,5
DA:151,3
DA:154,2
DA:159,2
DA:170,3
DA:171,39
DA:173,39
DA:174,4
DA:175,4
DA:176,4
DA:180,39
DA:181,39
DA:182,2
DA:186,37
DA:187,37
DA:188,1
DA:192,36
DA:193,36
DA:194,1
DA:198,35
DA:199,1
DA:200,1
DA:201,1
DA:205,34
DA:206,34
DA:211,34
DA:213,34
DA:214,34
DA:215,34
DA:218,34
DA:220,34
DA:231,34
DA:235,34
DA:242,33
DA:248,33
DA:256,33
DA:271,3
DA:272,8
DA:273,1
DA:277,7
DA:279,7
DA:282,1
DA:285,7
DA:286,0
DA:289,7
DA:292,7
DA:293,7
DA:295,4
DA:296,4
DA:300,4
DA:312,7
DA:322,3
DA:323,17
DA:324,8
DA:325,8
DA:326,8
DA:329,17
DA:330,0
DA:334,17
DA:336,17
DA:338,2
DA:343,2
DA:346,15
DA:347,15
DA:348,0
DA:352,15
DA:353,15
DA:354,1
DA:358,14
DA:359,14
DA:360,0
DA:366,0
DA:370,14
DA:371,3
DA:377,3
DA:381,11
DA:382,11
DA:383,0
DA:389,0
DA:393,11
DA:394,11
DA:396,11
DA:397,11
DA:398,11
DA:399,11
DA:402,11
DA:403,11
DA:405,2
DA:406,2
DA:410,2
DA:421,2
DA:432,2
DA:436,9
DA:441,9
DA:443,9
DA:450,9
DA:451,9
DA:455,8
DA:465,8
DA:466,8
DA:477,3
DA:478,0
DA:484,3
DA:485,0
DA:491,3
DA:492,0
DA:498,3
DA:499,0
DA:505,3
DA:506,0
DA:512,3
DA:513,0
DA:526,3
DA:527,4
DA:528,2
DA:529,2
DA:530,2
DA:533,4
DA:534,0
DA:538,4
DA:539,4
DA:540,1
DA:544,3
DA:546,1
DA:549,2
DA:550,1
DA:551,1
DA:552,1
DA:556,1
DA:557,1
DA:560,3
LF:174
LH:160
BRDA:40,0,0,0
BRDA:46,1,0,3
BRDA:46,1,1,16
BRDA:96,2,0,14
BRDA:96,2,1,11
BRDA:97,3,0,14
BRDA:97,3,1,0
BRDA:98,4,0,14
BRDA:98,4,1,0
BRDA:136,5,0,6
BRDA:136,5,1,6
BRDA:136,5,2,5
BRDA:136,5,3,0
BRDA:136,5,4,0
BRDA:136,5,5,5
BRDA:136,5,6,5
BRDA:136,5,7,0
BRDA:141,6,0,1
BRDA:141,6,1,5
BRDA:150,7,0,3
BRDA:150,7,1,2
BRDA:170,8,0,0
BRDA:181,9,0,2
BRDA:181,9,1,37
BRDA:181,10,0,39
BRDA:181,10,1,38
BRDA:187,11,0,1
BRDA:187,11,1,36
BRDA:193,12,0,1
BRDA:193,12,1,35
BRDA:198,13,0,1
BRDA:198,13,1,34
BRDA:213,14,0,34
BRDA:213,14,1,0
BRDA:224,15,0,34
BRDA:224,15,1,34
BRDA:225,16,0,34
BRDA:225,16,1,0
BRDA:226,17,0,34
BRDA:226,17,1,0
BRDA:271,18,0,0
BRDA:272,19,0,1
BRDA:272,19,1,7
BRDA:272,20,0,8
BRDA:272,20,1,7
BRDA:285,21,0,0
BRDA:285,21,1,7
BRDA:285,22,0,7
BRDA:285,22,1,7
BRDA:293,23,0,4
BRDA:293,23,1,3
BRDA:293,24,0,7
BRDA:293,24,1,6
BRDA:302,25,0,4
BRDA:302,25,1,0
BRDA:322,26,0,0
BRDA:329,27,0,0
BRDA:329,27,1,17
BRDA:329,28,0,17
BRDA:329,28,1,17
BRDA:347,29,0,0
BRDA:347,29,1,15
BRDA:347,30,0,15
BRDA:347,30,1,15
BRDA:353,31,0,1
BRDA:353,31,1,14
BRDA:359,32,0,0
BRDA:359,32,1,14
BRDA:370,33,0,3
BRDA:370,33,1,11
BRDA:382,34,0,0
BRDA:382,34,1,11
BRDA:382,35,0,11
BRDA:382,35,1,11
BRDA:382,35,2,11
BRDA:386,36,0,0
BRDA:386,36,1,0
BRDA:403,37,0,2
BRDA:403,37,1,9
BRDA:533,38,0,0
BRDA:533,38,1,4
BRDA:539,39,0,1
BRDA:539,39,1,3
BRDA:544,40,0,1
BRDA:544,40,1,2
BRDA:549,41,0,1
BRDA:549,41,1,1
BRF:87
BRH:66
end_of_record
TN:
SF:src\modules\auth\auth.validator.js
FN:19,(anonymous_0)
FN:107,(anonymous_1)
FN:151,(anonymous_2)
FN:162,(anonymous_3)
FN:173,(anonymous_4)
FNF:5
FNH:3
FNDA:18,(anonymous_0)
FNDA:39,(anonymous_1)
FNDA:0,(anonymous_2)
FNDA:0,(anonymous_3)
FNDA:18,(anonymous_4)
DA:6,2
DA:7,2
DA:18,2
DA:20,18
DA:22,18
DA:23,2
DA:31,16
DA:32,16
DA:33,0
DA:42,16
DA:43,16
DA:44,0
DA:52,16
DA:53,0
DA:61,16
DA:62,16
DA:63,1
DA:71,15
DA:72,0
DA:80,15
DA:81,0
DA:89,15
DA:90,1
DA:99,14
DA:100,14
DA:102,14
DA:106,2
DA:108,39
DA:110,39
DA:111,0
DA:119,39
DA:120,39
DA:121,0
DA:129,39
DA:130,0
DA:139,39
DA:141,39
DA:150,2
DA:152,0
DA:161,2
DA:163,0
DA:172,2
DA:174,18
DA:175,18
DA:176,1
DA:184,17
DA:188,2
LF:47
LH:37
BRDA:22,0,0,2
BRDA:22,0,1,16
BRDA:22,1,0,18
BRDA:22,1,1,16
BRDA:32,2,0,0
BRDA:32,2,1,16
BRDA:32,3,0,16
BRDA:32,3,1,16
BRDA:43,4,0,0
BRDA:43,4,1,16
BRDA:52,5,0,0
BRDA:52,5,1,16
BRDA:52,6,0,16
BRDA:52,6,1,16
BRDA:62,7,0,1
BRDA:62,7,1,15
BRDA:71,8,0,0
BRDA:71,8,1,15
BRDA:71,9,0,15
BRDA:71,9,1,15
BRDA:80,10,0,0
BRDA:80,10,1,15
BRDA:89,11,0,1
BRDA:89,11,1,14
BRDA:110,12,0,0
BRDA:110,12,1,39
BRDA:110,13,0,39
BRDA:110,13,1,39
BRDA:120,14,0,0
BRDA:120,14,1,39
BRDA:129,15,0,0
BRDA:129,15,1,39
BRDA:129,16,0,39
BRDA:129,16,1,39
BRDA:174,17,0,18
BRDA:174,17,1,0
BRDA:175,18,0,1
BRDA:175,18,1,17
BRDA:175,19,0,18
BRDA:175,19,1,17
BRF:40
BRH:31
end_of_record
TN:
SF:src\modules\beats\beats.controller.js
FN:7,(anonymous_0)
FN:19,(anonymous_1)
FN:32,(anonymous_2)
FN:44,(anonymous_3)
FN:56,(anonymous_4)
FN:68,(anonymous_5)
FNF:6
FNH:0
FNDA:0,(anonymous_0)
FNDA:0,(anonymous_1)
FNDA:0,(anonymous_2)
FNDA:0,(anonymous_3)
FNDA:0,(anonymous_4)
FNDA:0,(anonymous_5)
DA:1,2
DA:7,2
DA:8,0
DA:9,0
DA:19,2
DA:20,0
DA:21,0
DA:32,2
DA:33,0
DA:34,0
DA:44,2
DA:45,0
DA:46,0
DA:56,2
DA:57,0
DA:58,0
DA:68,2
DA:69,0
DA:71,0
DA:72,0
DA:75,2
LF:21
LH:8
BRDA:71,0,0,0
BRDA:71,0,1,0
BRF:2
BRH:0
end_of_record
TN:
SF:src\modules\beats\beats.repository.js
FN:61,(anonymous_0)
FN:62,(anonymous_1)
FN:63,(anonymous_2)
FN:80,(anonymous_3)
FN:81,(anonymous_4)
FN:82,(anonymous_5)
FN:99,(anonymous_6)
FN:100,(anonymous_7)
FN:101,(anonymous_8)
FN:122,(anonymous_9)
FN:139,(anonymous_10)
FN:156,(anonymous_11)
FN:209,(anonymous_12)
FN:227,(anonymous_13)
FN:231,(anonymous_14)
FN:265,(anonymous_15)
FN:280,(anonymous_16)
FN:289,(anonymous_17)
FN:290,(anonymous_18)
FNF:19
FNH:0
FNDA:0,(anonymous_0)
FNDA:0,(anonymous_1)
FNDA:0,(anonymous_2)
FNDA:0,(anonymous_3)
FNDA:0,(anonymous_4)
FNDA:0,(anonymous_5)
FNDA:0,(anonymous_6)
FNDA:0,(anonymous_7)
FNDA:0,(anonymous_8)
FNDA:0,(anonymous_9)
FNDA:0,(anonymous_10)
FNDA:0,(anonymous_11)
FNDA:0,(anonymous_12)
FNDA:0,(anonymous_13)
FNDA:0,(anonymous_14)
FNDA:0,(anonymous_15)
FNDA:0,(anonymous_16)
FNDA:0,(anonymous_17)
FNDA:0,(anonymous_18)
DA:1,2
DA:2,2
DA:9,2
DA:32,2
DA:61,2
DA:62,0
DA:63,0
DA:64,0
DA:65,0
DA:67,0
DA:80,2
DA:81,0
DA:82,0
DA:83,0
DA:84,0
DA:86,0
DA:99,2
DA:100,0
DA:101,0
DA:102,0
DA:103,0
DA:105,0
DA:122,2
DA:123,0
DA:130,0
DA:139,2
DA:140,0
DA:145,0
DA:146,0
DA:156,2
DA:157,0
DA:158,0
DA:181,0
DA:200,0
DA:201,0
DA:209,2
DA:210,0
DA:217,0
DA:227,2
DA:228,0
DA:229,0
DA:231,0
DA:232,0
DA:233,0
DA:234,0
DA:238,0
DA:239,0
DA:243,0
DA:246,0
DA:248,0
DA:255,0
DA:256,0
DA:265,2
DA:266,0
DA:273,0
DA:274,0
DA:280,2
DA:281,0
DA:288,0
DA:289,0
DA:290,0
DA:291,0
DA:292,0
DA:297,2
LF:64
LH:15
BRDA:61,0,0,0
BRDA:64,1,0,0
BRDA:64,1,1,0
BRDA:80,2,0,0
BRDA:83,3,0,0
BRDA:83,3,1,0
BRDA:99,4,0,0
BRDA:102,5,0,0
BRDA:102,5,1,0
BRDA:232,6,0,0
BRDA:232,6,1,0
BRDA:238,7,0,0
BRDA:238,7,1,0
BRDA:288,8,0,0
BRDA:288,8,1,0
BRDA:291,9,0,0
BRDA:291,9,1,0
BRF:17
BRH:0
end_of_record
TN:
SF:src\modules\beats\beats.routes.js
FNF:0
FNH:0
DA:1,2
DA:2,2
DA:3,2
DA:5,2
DA:7,2
DA:8,2
DA:9,2
DA:10,2
DA:11,2
DA:12,2
DA:14,2
LF:11
LH:11
BRF:0
BRH:0
end_of_record
TN:
SF:src\modules\beats\beats.service.js
FN:16,(anonymous_0)
FN:30,(anonymous_1)
FN:64,(anonymous_2)
FN:83,(anonymous_3)
FN:100,(anonymous_4)
FN:112,(anonymous_5)
FN:148,(anonymous_6)
FN:160,(anonymous_7)
FN:185,(anonymous_8)
FNF:9
FNH:0
FNDA:0,(anonymous_0)
FNDA:0,(anonymous_1)
FNDA:0,(anonymous_2)
FNDA:0,(anonymous_3)
FNDA:0,(anonymous_4)
FNDA:0,(anonymous_5)
FNDA:0,(anonymous_6)
FNDA:0,(anonymous_7)
FNDA:0,(anonymous_8)
DA:1,2
DA:2,2
DA:3,2
DA:4,2
DA:16,2
DA:17,0
DA:30,2
DA:31,0
DA:33,0
DA:34,0
DA:40,0
DA:41,0
DA:42,0
DA:45,0
DA:46,0
DA:47,0
DA:48,0
DA:51,0
DA:64,2
DA:65,0
DA:66,0
DA:69,0
DA:70,0
DA:71,0
DA:74,0
DA:83,2
DA:85,0
DA:88,0
DA:91,0
DA:92,0
DA:100,2
DA:101,0
DA:112,2
DA:114,0
DA:117,0
DA:120,0
DA:124,0
DA:128,0
DA:129,0
DA:133,0
DA:134,0
DA:135,0
DA:139,0
DA:148,2
DA:150,0
DA:151,0
DA:160,2
DA:161,0
DA:162,0
DA:165,0
DA:167,0
DA:168,0
DA:170,0
DA:175,0
DA:178,0
DA:185,2
DA:186,0
DA:188,0
DA:190,0
DA:191,0
DA:192,0
DA:197,2
LF:62
LH:14
BRDA:33,0,0,0
BRDA:33,0,1,0
BRDA:65,1,0,0
BRDA:65,1,1,0
BRDA:70,2,0,0
BRDA:70,2,1,0
BRDA:120,3,0,0
BRDA:120,3,1,0
BRDA:121,4,0,0
BRDA:121,4,1,0
BRDA:128,5,0,0
BRDA:128,5,1,0
BRDA:134,6,0,0
BRDA:134,6,1,0
BRDA:161,7,0,0
BRDA:161,7,1,0
BRDA:170,8,0,0
BRDA:170,8,1,0
BRDA:171,9,0,0
BRDA:171,9,1,0
BRDA:171,9,2,0
BRDA:186,10,0,0
BRDA:186,10,1,0
BRDA:186,11,0,0
BRDA:186,11,1,0
BRDA:191,12,0,0
BRDA:191,12,1,0
BRF:27
BRH:0
end_of_record
TN:
SF:src\modules\beats\beats.validator.js
FN:12,(anonymous_0)
FN:22,(anonymous_1)
FN:101,(anonymous_2)
FN:187,(anonymous_3)
FNF:4
FNH:0
FNDA:0,(anonymous_0)
FNDA:0,(anonymous_1)
FNDA:0,(anonymous_2)
FNDA:0,(anonymous_3)
DA:1,2
DA:3,2
DA:4,2
DA:12,2
DA:13,0
DA:22,2
DA:23,0
DA:24,0
DA:27,0
DA:28,0
DA:31,0
DA:32,0
DA:34,0
DA:35,0
DA:39,0
DA:40,0
DA:41,0
DA:42,0
DA:43,0
DA:48,0
DA:49,0
DA:50,0
DA:51,0
DA:52,0
DA:57,0
DA:58,0
DA:59,0
DA:60,0
DA:61,0
DA:66,0
DA:67,0
DA:68,0
DA:71,0
DA:72,0
DA:73,0
DA:76,0
DA:101,2
DA:102,0
DA:103,0
DA:106,0
DA:108,0
DA:109,0
DA:110,0
DA:111,0
DA:113,0
DA:116,0
DA:117,0
DA:118,0
DA:119,0
DA:121,0
DA:124,0
DA:125,0
DA:126,0
DA:128,0
DA:129,0
DA:130,0
DA:132,0
DA:136,0
DA:137,0
DA:138,0
DA:140,0
DA:141,0
DA:142,0
DA:144,0
DA:148,0
DA:149,0
DA:150,0
DA:152,0
DA:153,0
DA:154,0
DA:156,0
DA:160,0
DA:161,0
DA:162,0
DA:163,0
DA:165,0
DA:168,0
DA:169,0
DA:170,0
DA:171,0
DA:173,0
DA:177,0
DA:187,0
DA:188,0
DA:189,0
DA:193,0
DA:196,2
LF:87
LH:7
BRDA:13,0,0,0
BRDA:13,0,1,0
BRDA:23,1,0,0
BRDA:23,1,1,0
BRDA:31,2,0,0
BRDA:31,2,1,0
BRDA:34,3,0,0
BRDA:34,3,1,0
BRDA:40,4,0,0
BRDA:40,4,1,0
BRDA:40,5,0,0
BRDA:40,5,1,0
BRDA:40,5,2,0
BRDA:42,6,0,0
BRDA:42,6,1,0
BRDA:42,7,0,0
BRDA:42,7,1,0
BRDA:49,8,0,0
BRDA:49,8,1,0
BRDA:49,9,0,0
BRDA:49,9,1,0
BRDA:49,9,2,0
BRDA:51,10,0,0
BRDA:51,10,1,0
BRDA:51,11,0,0
BRDA:51,11,1,0
BRDA:51,11,2,0
BRDA:58,12,0,0
BRDA:58,12,1,0
BRDA:58,13,0,0
BRDA:58,13,1,0
BRDA:58,13,2,0
BRDA:60,14,0,0
BRDA:60,14,1,0
BRDA:60,15,0,0
BRDA:60,15,1,0
BRDA:60,15,2,0
BRDA:66,16,0,0
BRDA:66,16,1,0
BRDA:67,17,0,0
BRDA:67,17,1,0
BRDA:71,18,0,0
BRDA:71,18,1,0
BRDA:72,19,0,0
BRDA:72,19,1,0
BRDA:84,20,0,0
BRDA:84,20,1,0
BRDA:85,21,0,0
BRDA:85,21,1,0
BRDA:86,22,0,0
BRDA:86,22,1,0
BRDA:87,23,0,0
BRDA:87,23,1,0
BRDA:88,24,0,0
BRDA:88,24,1,0
BRDA:89,25,0,0
BRDA:89,25,1,0
BRDA:90,26,0,0
BRDA:90,26,1,0
BRDA:102,27,0,0
BRDA:102,27,1,0
BRDA:108,28,0,0
BRDA:108,28,1,0
BRDA:110,29,0,0
BRDA:110,29,1,0
BRDA:116,30,0,0
BRDA:116,30,1,0
BRDA:118,31,0,0
BRDA:118,31,1,0
BRDA:124,32,0,0
BRDA:124,32,1,0
BRDA:125,33,0,0
BRDA:125,33,1,0
BRDA:125,34,0,0
BRDA:125,34,1,0
BRDA:129,35,0,0
BRDA:129,35,1,0
BRDA:129,36,0,0
BRDA:129,36,1,0
BRDA:136,37,0,0
BRDA:136,37,1,0
BRDA:137,38,0,0
BRDA:137,38,1,0
BRDA:137,39,0,0
BRDA:137,39,1,0
BRDA:141,40,0,0
BRDA:141,40,1,0
BRDA:141,41,0,0
BRDA:141,41,1,0
BRDA:141,41,2,0
BRDA:148,42,0,0
BRDA:148,42,1,0
BRDA:149,43,0,0
BRDA:149,43,1,0
BRDA:149,44,0,0
BRDA:149,44,1,0
BRDA:153,45,0,0
BRDA:153,45,1,0
BRDA:153,46,0,0
BRDA:153,46,1,0
BRDA:153,46,2,0
BRDA:160,47,0,0
BRDA:160,47,1,0
BRDA:162,48,0,0
BRDA:162,48,1,0
BRDA:168,49,0,0
BRDA:168,49,1,0
BRDA:170,50,0,0
BRDA:170,50,1,0
BRDA:188,51,0,0
BRDA:188,51,1,0
BRF:111
BRH:0
end_of_record
TN:
SF:src\modules\downloads\downloads.controller.js
FN:6,(anonymous_0)
FN:29,(anonymous_1)
FNF:2
FNH:0
FNDA:0,(anonymous_0)
FNDA:0,(anonymous_1)
DA:1,2
DA:6,2
DA:7,0
DA:8,0
DA:9,0
DA:11,0
DA:14,0
DA:16,0
DA:22,0
DA:29,2
DA:30,0
DA:31,0
DA:32,0
DA:33,0
DA:35,0
DA:38,0
DA:40,0
DA:44,2
LF:18
LH:4
BRDA:8,0,0,0
BRDA:8,0,1,0
BRDA:32,1,0,0
BRDA:32,1,1,0
BRDA:32,1,2,0
BRDA:33,2,0,0
BRDA:33,2,1,0
BRF:7
BRH:0
end_of_record
TN:
SF:src\modules\downloads\downloads.repository.js
FN:4,(anonymous_0)
FN:5,(anonymous_1)
FN:6,(anonymous_2)
FN:13,(anonymous_3)
FN:14,(anonymous_4)
FN:15,(anonymous_5)
FN:22,(anonymous_6)
FN:23,(anonymous_7)
FN:24,(anonymous_8)
FN:34,(anonymous_9)
FN:49,(anonymous_10)
FN:62,(anonymous_11)
FN:75,(anonymous_12)
FN:88,(anonymous_13)
FN:100,(anonymous_14)
FN:112,(anonymous_15)
FN:135,(anonymous_16)
FN:148,(anonymous_17)
FNF:18
FNH:0
FNDA:0,(anonymous_0)
FNDA:0,(anonymous_1)
FNDA:0,(anonymous_2)
FNDA:0,(anonymous_3)
FNDA:0,(anonymous_4)
FNDA:0,(anonymous_5)
FNDA:0,(anonymous_6)
FNDA:0,(anonymous_7)
FNDA:0,(anonymous_8)
FNDA:0,(anonymous_9)
FNDA:0,(anonymous_10)
FNDA:0,(anonymous_11)
FNDA:0,(anonymous_12)
FNDA:0,(anonymous_13)
FNDA:0,(anonymous_14)
FNDA:0,(anonymous_15)
FNDA:0,(anonymous_16)
FNDA:0,(anonymous_17)
DA:1,2
DA:4,2
DA:5,0
DA:6,0
DA:7,0
DA:8,0
DA:13,2
DA:14,0
DA:15,0
DA:16,0
DA:17,0
DA:22,2
DA:23,0
DA:24,0
DA:25,0
DA:26,0
DA:34,2
DA:35,0
DA:42,0
DA:43,0
DA:49,2
DA:50,0
DA:56,0
DA:62,2
DA:63,0
DA:69,0
DA:75,2
DA:76,0
DA:81,0
DA:82,0
DA:88,2
DA:89,0
DA:93,0
DA:94,0
DA:100,2
DA:101,0
DA:105,0
DA:106,0
DA:112,2
DA:113,0
DA:122,0
DA:129,0
DA:135,2
DA:136,0
DA:142,0
DA:148,2
DA:149,0
DA:154,0
DA:155,0
DA:158,2
LF:50
LH:14
BRDA:4,0,0,0
BRDA:7,1,0,0
BRDA:7,1,1,0
BRDA:13,2,0,0
BRDA:16,3,0,0
BRDA:16,3,1,0
BRDA:22,4,0,0
BRDA:25,5,0,0
BRDA:25,5,1,0
BRDA:124,6,0,0
BRDA:124,6,1,0
BRDA:125,7,0,0
BRDA:125,7,1,0
BRDA:126,8,0,0
BRDA:126,8,1,0
BRDA:155,9,0,0
BRDA:155,9,1,0
BRF:17
BRH:0
end_of_record
TN:
SF:src\modules\downloads\downloads.routes.js
FNF:0
FNH:0
DA:1,2
DA:2,2
DA:4,2
DA:7,2
DA:10,2
DA:12,2
LF:6
LH:6
BRF:0
BRH:0
end_of_record
TN:
SF:src\modules\downloads\downloads.service.js
FN:11,(anonymous_0)
FN:44,(anonymous_1)
FN:119,(anonymous_2)
FN:126,(anonymous_3)
FNF:4
FNH:0
FNDA:0,(anonymous_0)
FNDA:0,(anonymous_1)
FNDA:0,(anonymous_2)
FNDA:0,(anonymous_3)
DA:1,2
DA:2,2
DA:3,2
DA:4,2
DA:5,2
DA:6,2
DA:11,2
DA:13,0
DA:14,0
DA:15,0
DA:19,0
DA:20,0
DA:21,0
DA:29,0
DA:30,0
DA:32,0
DA:34,0
DA:44,2
DA:46,0
DA:47,0
DA:48,0
DA:51,0
DA:52,0
DA:55,0
DA:56,0
DA:57,0
DA:64,0
DA:69,0
DA:70,0
DA:72,0
DA:78,0
DA:85,0
DA:89,0
DA:97,0
DA:100,0
DA:103,0
DA:104,0
DA:105,0
DA:108,0
DA:110,0
DA:119,2
DA:120,0
DA:126,2
DA:127,0
DA:130,2
LF:45
LH:11
BRDA:14,0,0,0
BRDA:14,0,1,0
BRDA:20,1,0,0
BRDA:20,1,1,0
BRDA:47,2,0,0
BRDA:47,2,1,0
BRDA:56,3,0,0
BRDA:56,3,1,0
BRDA:72,4,0,0
BRDA:72,4,1,0
BRDA:74,5,0,0
BRDA:74,5,1,0
BRDA:104,6,0,0
BRDA:104,6,1,0
BRF:14
BRH:0
end_of_record
TN:
SF:src\modules\orders\fulfillment.service.js
FN:16,(anonymous_0)
FN:21,(anonymous_1)
FN:26,(anonymous_2)
FN:37,(anonymous_3)
FN:74,(anonymous_4)
FNF:5
FNH:0
FNDA:0,(anonymous_0)
FNDA:0,(anonymous_1)
FNDA:0,(anonymous_2)
FNDA:0,(anonymous_3)
FNDA:0,(anonymous_4)
DA:1,2
DA:2,2
DA:3,2
DA:4,2
DA:6,2
DA:16,2
DA:18,0
DA:21,2
DA:23,0
DA:26,2
DA:28,0
DA:37,2
DA:38,0
DA:39,0
DA:43,0
DA:44,0
DA:55,0
DA:56,0
DA:57,0
DA:69,0
DA:70,0
DA:74,0
DA:76,0
DA:77,0
DA:78,0
DA:80,0
DA:83,0
DA:86,0
DA:89,0
DA:91,0
DA:98,0
DA:99,0
DA:100,0
DA:101,0
DA:103,0
DA:106,0
DA:117,2
LF:37
LH:10
BRDA:38,0,0,0
BRDA:38,0,1,0
BRDA:38,1,0,0
BRDA:38,1,1,0
BRDA:43,2,0,0
BRDA:43,2,1,0
BRDA:43,3,0,0
BRDA:43,3,1,0
BRDA:56,4,0,0
BRDA:56,4,1,0
BRDA:63,5,0,0
BRDA:63,5,1,0
BRDA:69,6,0,0
BRDA:69,6,1,0
BRDA:77,7,0,0
BRDA:77,7,1,0
BRDA:93,8,0,0
BRDA:93,8,1,0
BRDA:103,9,0,0
BRDA:103,9,1,0
BRF:20
BRH:0
end_of_record
TN:
SF:src\modules\orders\orders.controller.js
FN:7,(anonymous_0)
FN:19,(anonymous_1)
FN:32,(anonymous_2)
FN:44,(anonymous_3)
FN:56,(anonymous_4)
FN:68,(anonymous_5)
FNF:6
FNH:0
FNDA:0,(anonymous_0)
FNDA:0,(anonymous_1)
FNDA:0,(anonymous_2)
FNDA:0,(anonymous_3)
FNDA:0,(anonymous_4)
FNDA:0,(anonymous_5)
DA:1,2
DA:7,2
DA:8,0
DA:9,0
DA:19,2
DA:20,0
DA:21,0
DA:32,2
DA:33,0
DA:34,0
DA:44,2
DA:45,0
DA:46,0
DA:56,2
DA:57,0
DA:58,0
DA:68,2
DA:69,0
DA:70,0
DA:76,2
LF:20
LH:8
BRF:0
BRH:0
end_of_record
TN:
SF:src\modules\orders\orders.repository.js
FN:30,(anonymous_0)
FN:31,(anonymous_1)
FN:32,(anonymous_2)
FN:42,(anonymous_3)
FN:43,(anonymous_4)
FN:44,(anonymous_5)
FN:54,(anonymous_6)
FN:55,(anonymous_7)
FN:56,(anonymous_8)
FN:69,(anonymous_9)
FN:71,(anonymous_10)
FN:72,(anonymous_11)
FN:73,(anonymous_12)
FN:100,(anonymous_13)
FN:119,(anonymous_14)
FN:130,(anonymous_15)
FN:135,(anonymous_16)
FN:143,(anonymous_17)
FN:163,(anonymous_18)
FN:178,(anonymous_19)
FN:191,(anonymous_20)
FN:206,(anonymous_21)
FN:211,(anonymous_22)
FN:239,(anonymous_23)
FN:254,(anonymous_24)
FN:273,(anonymous_25)
FN:274,(anonymous_26)
FN:275,(anonymous_27)
FN:278,(anonymous_28)
FN:279,(anonymous_29)
FN:283,(anonymous_30)
FN:307,(anonymous_31)
FN:314,(anonymous_32)
FN:322,(anonymous_33)
FN:323,(anonymous_34)
FN:333,(anonymous_35)
FN:342,(anonymous_36)
FN:343,(anonymous_37)
FNF:38
FNH:0
FNDA:0,(anonymous_0)
FNDA:0,(anonymous_1)
FNDA:0,(anonymous_2)
FNDA:0,(anonymous_3)
FNDA:0,(anonymous_4)
FNDA:0,(anonymous_5)
FNDA:0,(anonymous_6)
FNDA:0,(anonymous_7)
FNDA:0,(anonymous_8)
FNDA:0,(anonymous_9)
FNDA:0,(anonymous_10)
FNDA:0,(anonymous_11)
FNDA:0,(anonymous_12)
FNDA:0,(anonymous_13)
FNDA:0,(anonymous_14)
FNDA:0,(anonymous_15)
FNDA:0,(anonymous_16)
FNDA:0,(anonymous_17)
FNDA:0,(anonymous_18)
FNDA:0,(anonymous_19)
FNDA:0,(anonymous_20)
FNDA:0,(anonymous_21)
FNDA:0,(anonymous_22)
FNDA:0,(anonymous_23)
FNDA:0,(anonymous_24)
FNDA:0,(anonymous_25)
FNDA:0,(anonymous_26)
FNDA:0,(anonymous_27)
FNDA:0,(anonymous_28)
FNDA:0,(anonymous_29)
FNDA:0,(anonymous_30)
FNDA:0,(anonymous_31)
FNDA:0,(anonymous_32)
FNDA:0,(anonymous_33)
FNDA:0,(anonymous_34)
FNDA:0,(anonymous_35)
FNDA:0,(anonymous_36)
FNDA:0,(anonymous_37)
DA:1,2
DA:2,2
DA:5,2
DA:20,2
DA:30,2
DA:31,0
DA:32,0
DA:33,0
DA:34,0
DA:36,0
DA:42,2
DA:43,0
DA:44,0
DA:45,0
DA:46,0
DA:48,0
DA:54,2
DA:55,0
DA:56,0
DA:57,0
DA:58,0
DA:60,0
DA:69,2
DA:70,0
DA:71,0
DA:72,0
DA:73,0
DA:74,0
DA:76,0
DA:88,0
DA:101,0
DA:102,0
DA:103,0
DA:105,0
DA:107,0
DA:117,0
DA:118,0
DA:119,0
DA:120,0
DA:121,0
DA:122,0
DA:124,0
DA:126,0
DA:129,0
DA:130,0
DA:131,0
DA:132,0
DA:136,0
DA:137,0
DA:138,0
DA:139,0
DA:141,0
DA:142,0
DA:143,0
DA:144,0
DA:145,0
DA:146,0
DA:148,0
DA:163,2
DA:164,0
DA:172,0
DA:178,2
DA:179,0
DA:185,0
DA:191,2
DA:192,0
DA:200,0
DA:206,2
DA:207,0
DA:208,0
DA:209,0
DA:211,0
DA:212,0
DA:213,0
DA:214,0
DA:218,0
DA:219,0
DA:222,0
DA:223,0
DA:225,0
DA:232,0
DA:233,0
DA:239,2
DA:240,0
DA:247,0
DA:248,0
DA:254,2
DA:255,0
DA:262,0
DA:263,0
DA:266,2
DA:273,2
DA:274,0
DA:275,0
DA:276,0
DA:277,0
DA:278,0
DA:279,0
DA:280,0
DA:281,0
DA:282,0
DA:283,0
DA:284,0
DA:285,0
DA:286,0
DA:288,0
DA:291,0
DA:293,0
DA:294,0
DA:299,0
DA:306,0
DA:307,0
DA:308,0
DA:314,2
DA:315,0
DA:322,0
DA:323,0
DA:324,0
DA:325,0
DA:333,2
DA:334,0
DA:342,0
DA:343,0
DA:344,0
DA:345,0
DA:350,2
LF:126
LH:19
BRDA:30,0,0,0
BRDA:33,1,0,0
BRDA:33,1,1,0
BRDA:42,2,0,0
BRDA:45,3,0,0
BRDA:45,3,1,0
BRDA:54,4,0,0
BRDA:57,5,0,0
BRDA:57,5,1,0
BRDA:69,6,0,0
BRDA:74,7,0,0
BRDA:74,7,1,0
BRDA:95,8,0,0
BRDA:95,8,1,0
BRDA:96,9,0,0
BRDA:96,9,1,0
BRDA:97,10,0,0
BRDA:97,10,1,0
BRDA:101,11,0,0
BRDA:101,11,1,0
BRDA:118,12,0,0
BRDA:118,12,1,0
BRDA:120,13,0,0
BRDA:120,13,1,0
BRDA:131,14,0,0
BRDA:131,14,1,0
BRDA:134,15,0,0
BRDA:134,15,1,0
BRDA:136,16,0,0
BRDA:136,16,1,0
BRDA:142,17,0,0
BRDA:142,17,1,0
BRDA:144,18,0,0
BRDA:144,18,1,0
BRDA:212,19,0,0
BRDA:212,19,1,0
BRDA:218,20,0,0
BRDA:218,20,1,0
BRDA:280,21,0,0
BRDA:280,21,1,0
BRDA:284,22,0,0
BRDA:284,22,1,0
BRDA:293,23,0,0
BRDA:293,23,1,0
BRDA:324,24,0,0
BRDA:324,24,1,0
BRDA:344,25,0,0
BRDA:344,25,1,0
BRF:48
BRH:0
end_of_record
TN:
SF:src\modules\orders\orders.routes.js
FNF:0
FNH:0
DA:1,2
DA:2,2
DA:3,2
DA:5,2
DA:7,2
DA:8,2
DA:9,2
DA:10,2
DA:11,2
DA:12,2
DA:14,2
LF:11
LH:11
BRF:0
BRH:0
end_of_record
TN:
SF:src\modules\orders\orders.service.js
FN:10,(anonymous_0)
FN:25,(anonymous_1)
FN:37,(anonymous_2)
FN:56,(anonymous_3)
FN:63,(anonymous_4)
FN:124,(anonymous_5)
FN:139,(anonymous_6)
FN:166,(anonymous_7)
FN:201,(anonymous_8)
FN:224,(anonymous_9)
FNF:10
FNH:0
FNDA:0,(anonymous_0)
FNDA:0,(anonymous_1)
FNDA:0,(anonymous_2)
FNDA:0,(anonymous_3)
FNDA:0,(anonymous_4)
FNDA:0,(anonymous_5)
FNDA:0,(anonymous_6)
FNDA:0,(anonymous_7)
FNDA:0,(anonymous_8)
FNDA:0,(anonymous_9)
DA:1,2
DA:2,2
DA:3,2
DA:4,2
DA:5,2
DA:10,2
DA:11,0
DA:25,0
DA:37,2
DA:38,0
DA:39,0
DA:42,0
DA:43,0
DA:44,0
DA:47,0
DA:48,0
DA:51,2
DA:56,2
DA:57,0
DA:63,2
DA:64,0
DA:67,0
DA:68,0
DA:69,0
DA:73,0
DA:74,0
DA:76,0
DA:77,0
DA:78,0
DA:79,0
DA:81,0
DA:82,0
DA:84,0
DA:85,0
DA:88,0
DA:89,0
DA:98,0
DA:111,0
DA:114,0
DA:115,0
DA:118,0
DA:124,2
DA:125,0
DA:126,0
DA:128,0
DA:129,0
DA:130,0
DA:133,0
DA:139,2
DA:140,0
DA:141,0
DA:142,0
DA:144,0
DA:145,0
DA:146,0
DA:147,0
DA:149,0
DA:152,0
DA:153,0
DA:154,0
DA:155,0
DA:157,0
DA:160,0
DA:166,2
DA:167,0
DA:168,0
DA:170,0
DA:171,0
DA:174,0
DA:175,0
DA:176,0
DA:177,0
DA:180,0
DA:181,0
DA:184,0
DA:185,0
DA:186,0
DA:189,0
DA:191,0
DA:192,0
DA:195,0
DA:201,2
DA:202,0
DA:203,0
DA:205,0
DA:207,0
DA:208,0
DA:209,0
DA:212,0
DA:214,0
DA:215,0
DA:218,0
DA:224,2
DA:225,0
DA:226,0
DA:227,0
DA:228,0
DA:230,0
DA:233,2
LF:99
LH:16
BRDA:38,0,0,0
BRDA:38,0,1,0
BRDA:43,1,0,0
BRDA:43,1,1,0
BRDA:68,2,0,0
BRDA:68,2,1,0
BRDA:78,3,0,0
BRDA:78,3,1,0
BRDA:81,4,0,0
BRDA:81,4,1,0
BRDA:84,5,0,0
BRDA:84,5,1,0
BRDA:105,6,0,0
BRDA:105,6,1,0
BRDA:106,7,0,0
BRDA:106,7,1,0
BRDA:107,8,0,0
BRDA:107,8,1,0
BRDA:114,9,0,0
BRDA:114,9,1,0
BRDA:142,10,0,0
BRDA:142,10,1,0
BRDA:144,11,0,0
BRDA:144,11,1,0
BRDA:146,12,0,0
BRDA:146,12,1,0
BRDA:152,13,0,0
BRDA:152,13,1,0
BRDA:154,14,0,0
BRDA:154,14,1,0
BRDA:170,15,0,0
BRDA:170,15,1,0
BRDA:174,16,0,0
BRDA:174,16,1,0
BRDA:180,17,0,0
BRDA:180,17,1,0
BRDA:185,18,0,0
BRDA:185,18,1,0
BRDA:191,19,0,0
BRDA:191,19,1,0
BRDA:208,20,0,0
BRDA:208,20,1,0
BRDA:214,21,0,0
BRDA:214,21,1,0
BRDA:227,22,0,0
BRDA:227,22,1,0
BRF:46
BRH:0
end_of_record
TN:
SF:src\modules\orders\orders.validator.js
FN:5,(anonymous_0)
FN:12,(anonymous_1)
FN:30,(anonymous_2)
FN:65,(anonymous_3)
FNF:4
FNH:0
FNDA:0,(anonymous_0)
FNDA:0,(anonymous_1)
FNDA:0,(anonymous_2)
FNDA:0,(anonymous_3)
DA:1,2
DA:3,2
DA:5,2
DA:6,0
DA:12,2
DA:13,0
DA:14,0
DA:17,0
DA:18,0
DA:19,0
DA:21,0
DA:22,0
DA:23,0
DA:26,0
DA:27,0
DA:30,0
DA:31,0
DA:32,0
DA:33,0
DA:35,0
DA:36,0
DA:37,0
DA:39,0
DA:42,0
DA:44,0
DA:46,0
DA:47,0
DA:50,0
DA:51,0
DA:54,0
DA:65,2
DA:66,0
DA:67,0
DA:69,0
DA:70,0
DA:71,0
DA:72,0
DA:73,0
DA:76,0
DA:77,0
DA:79,0
DA:82,2
LF:42
LH:6
BRDA:6,0,0,0
BRDA:6,0,1,0
BRDA:13,1,0,0
BRDA:13,1,1,0
BRDA:17,2,0,0
BRDA:17,2,1,0
BRDA:18,3,0,0
BRDA:18,3,1,0
BRDA:22,4,0,0
BRDA:22,4,1,0
BRDA:26,5,0,0
BRDA:26,5,1,0
BRDA:26,6,0,0
BRDA:26,6,1,0
BRDA:31,7,0,0
BRDA:31,7,1,0
BRDA:32,8,0,0
BRDA:32,8,1,0
BRDA:36,9,0,0
BRDA:36,9,1,0
BRDA:42,10,0,0
BRDA:42,10,1,0
BRDA:44,11,0,0
BRDA:44,11,1,0
BRDA:46,12,0,0
BRDA:46,12,1,0
BRDA:50,13,0,0
BRDA:50,13,1,0
BRDA:66,14,0,0
BRDA:66,14,1,0
BRDA:66,15,0,0
BRDA:66,15,1,0
BRDA:70,16,0,0
BRDA:70,16,1,0
BRDA:72,17,0,0
BRDA:72,17,1,0
BRDA:76,18,0,0
BRDA:76,18,1,0
BRF:38
BRH:0
end_of_record
TN:
SF:src\modules\ownerships\ownerships.controller.js
FN:3,(anonymous_0)
FN:12,(anonymous_1)
FN:21,(anonymous_2)
FN:30,(anonymous_3)
FN:39,(anonymous_4)
FN:48,(anonymous_5)
FN:57,(anonymous_6)
FN:66,(anonymous_7)
FNF:8
FNH:0
FNDA:0,(anonymous_0)
FNDA:0,(anonymous_1)
FNDA:0,(anonymous_2)
FNDA:0,(anonymous_3)
FNDA:0,(anonymous_4)
FNDA:0,(anonymous_5)
FNDA:0,(anonymous_6)
FNDA:0,(anonymous_7)
DA:1,2
DA:3,2
DA:4,0
DA:5,0
DA:6,0
DA:8,0
DA:12,2
DA:13,0
DA:14,0
DA:15,0
DA:17,0
DA:21,2
DA:22,0
DA:23,0
DA:24,0
DA:26,0
DA:30,2
DA:31,0
DA:32,0
DA:33,0
DA:35,0
DA:39,2
DA:40,0
DA:41,0
DA:42,0
DA:44,0
DA:48,2
DA:49,0
DA:50,0
DA:51,0
DA:53,0
DA:57,2
DA:58,0
DA:59,0
DA:60,0
DA:62,0
DA:66,2
DA:67,0
DA:68,0
DA:69,0
DA:70,0
DA:71,0
DA:73,0
DA:77,2
LF:44
LH:10
BRDA:68,0,0,0
BRDA:68,0,1,0
BRF:2
BRH:0
end_of_record
TN:
SF:src\modules\ownerships\ownerships.repository.js
FN:31,(anonymous_0)
FN:32,(anonymous_1)
FN:33,(anonymous_2)
FN:43,(anonymous_3)
FN:44,(anonymous_4)
FN:45,(anonymous_5)
FN:55,(anonymous_6)
FN:56,(anonymous_7)
FN:57,(anonymous_8)
FN:70,(anonymous_9)
FN:88,(anonymous_10)
FN:89,(anonymous_11)
FN:90,(anonymous_12)
FN:95,(anonymous_13)
FN:108,(anonymous_14)
FN:124,(anonymous_15)
FN:133,(anonymous_16)
FN:151,(anonymous_17)
FN:165,(anonymous_18)
FN:180,(anonymous_19)
FN:195,(anonymous_20)
FN:211,(anonymous_21)
FN:227,(anonymous_22)
FN:243,(anonymous_23)
FN:259,(anonymous_24)
FN:275,(anonymous_25)
FN:291,(anonymous_26)
FN:305,(anonymous_27)
FN:315,(anonymous_28)
FN:328,(anonymous_29)
FN:344,(anonymous_30)
FN:359,(anonymous_31)
FN:375,(anonymous_32)
FN:397,(anonymous_33)
FNF:34
FNH:0
FNDA:0,(anonymous_0)
FNDA:0,(anonymous_1)
FNDA:0,(anonymous_2)
FNDA:0,(anonymous_3)
FNDA:0,(anonymous_4)
FNDA:0,(anonymous_5)
FNDA:0,(anonymous_6)
FNDA:0,(anonymous_7)
FNDA:0,(anonymous_8)
FNDA:0,(anonymous_9)
FNDA:0,(anonymous_10)
FNDA:0,(anonymous_11)
FNDA:0,(anonymous_12)
FNDA:0,(anonymous_13)
FNDA:0,(anonymous_14)
FNDA:0,(anonymous_15)
FNDA:0,(anonymous_16)
FNDA:0,(anonymous_17)
FNDA:0,(anonymous_18)
FNDA:0,(anonymous_19)
FNDA:0,(anonymous_20)
FNDA:0,(anonymous_21)
FNDA:0,(anonymous_22)
FNDA:0,(anonymous_23)
FNDA:0,(anonymous_24)
FNDA:0,(anonymous_25)
FNDA:0,(anonymous_26)
FNDA:0,(anonymous_27)
FNDA:0,(anonymous_28)
FNDA:0,(anonymous_29)
FNDA:0,(anonymous_30)
FNDA:0,(anonymous_31)
FNDA:0,(anonymous_32)
FNDA:0,(anonymous_33)
DA:1,2
DA:2,2
DA:4,2
DA:31,2
DA:32,0
DA:33,0
DA:34,0
DA:35,0
DA:37,0
DA:43,2
DA:44,0
DA:45,0
DA:46,0
DA:47,0
DA:49,0
DA:55,2
DA:56,0
DA:57,0
DA:58,0
DA:59,0
DA:61,0
DA:70,2
DA:71,0
DA:87,0
DA:88,0
DA:89,0
DA:90,0
DA:91,0
DA:93,0
DA:94,0
DA:95,0
DA:96,0
DA:97,0
DA:98,0
DA:100,0
DA:102,0
DA:105,0
DA:106,0
DA:108,0
DA:109,0
DA:110,0
DA:111,0
DA:125,0
DA:126,0
DA:127,0
DA:128,0
DA:130,0
DA:131,0
DA:132,0
DA:133,0
DA:134,0
DA:135,0
DA:136,0
DA:138,0
DA:148,0
DA:149,0
DA:150,0
DA:151,0
DA:152,0
DA:166,0
DA:167,0
DA:171,0
DA:173,0
DA:180,2
DA:181,0
DA:189,0
DA:195,2
DA:196,0
DA:205,0
DA:211,2
DA:212,0
DA:221,0
DA:227,2
DA:228,0
DA:237,0
DA:243,2
DA:244,0
DA:253,0
DA:259,2
DA:260,0
DA:269,0
DA:275,2
DA:276,0
DA:285,0
DA:291,2
DA:292,0
DA:298,0
DA:299,0
DA:305,2
DA:306,0
DA:311,0
DA:312,0
DA:315,2
DA:316,0
DA:321,0
DA:322,0
DA:328,2
DA:329,0
DA:337,0
DA:338,0
DA:344,2
DA:345,0
DA:352,0
DA:353,0
DA:359,2
DA:360,0
DA:368,0
DA:369,0
DA:375,2
DA:376,0
DA:396,0
DA:397,0
DA:415,2
LF:113
LH:22
BRDA:31,0,0,0
BRDA:34,1,0,0
BRDA:34,1,1,0
BRDA:43,2,0,0
BRDA:46,3,0,0
BRDA:46,3,1,0
BRDA:55,4,0,0
BRDA:58,5,0,0
BRDA:58,5,1,0
BRDA:87,6,0,0
BRDA:87,6,1,0
BRDA:91,7,0,0
BRDA:91,7,1,0
BRDA:94,8,0,0
BRDA:94,8,1,0
BRDA:96,9,0,0
BRDA:96,9,1,0
BRDA:109,10,0,0
BRDA:109,10,1,0
BRDA:121,11,0,0
BRDA:121,11,1,0
BRDA:122,12,0,0
BRDA:122,12,1,0
BRDA:125,13,0,0
BRDA:125,13,1,0
BRDA:132,14,0,0
BRDA:132,14,1,0
BRDA:134,15,0,0
BRDA:134,15,1,0
BRDA:162,16,0,0
BRDA:162,16,1,0
BRDA:163,17,0,0
BRDA:163,17,1,0
BRDA:166,18,0,0
BRDA:166,18,1,0
BRDA:312,19,0,0
BRDA:312,19,1,0
BRDA:322,20,0,0
BRDA:322,20,1,0
BRDA:402,21,0,0
BRDA:402,21,1,0
BRDA:408,22,0,0
BRDA:408,22,1,0
BRF:43
BRH:0
end_of_record
TN:
SF:src\modules\ownerships\ownerships.routes.js
FNF:0
FNH:0
DA:1,2
DA:2,2
DA:4,2
DA:7,2
DA:8,2
DA:9,2
DA:12,2
DA:13,2
DA:14,2
DA:17,2
DA:19,2
LF:11
LH:11
BRF:0
BRH:0
end_of_record
TN:
SF:src\modules\ownerships\ownerships.service.js
FN:15,(anonymous_0)
FN:26,(anonymous_1)
FN:55,(anonymous_2)
FN:89,(anonymous_3)
FN:135,(anonymous_4)
FN:143,(anonymous_5)
FN:154,(anonymous_6)
FN:161,(anonymous_7)
FN:165,(anonymous_8)
FN:172,(anonymous_9)
FN:193,(anonymous_10)
FN:214,(anonymous_11)
FN:221,(anonymous_12)
FN:240,(anonymous_13)
FNF:14
FNH:0
FNDA:0,(anonymous_0)
FNDA:0,(anonymous_1)
FNDA:0,(anonymous_2)
FNDA:0,(anonymous_3)
FNDA:0,(anonymous_4)
FNDA:0,(anonymous_5)
FNDA:0,(anonymous_6)
FNDA:0,(anonymous_7)
FNDA:0,(anonymous_8)
FNDA:0,(anonymous_9)
FNDA:0,(anonymous_10)
FNDA:0,(anonymous_11)
FNDA:0,(anonymous_12)
FNDA:0,(anonymous_13)
DA:1,2
DA:2,2
DA:3,2
DA:5,2
DA:10,2
DA:15,2
DA:16,0
DA:17,0
DA:26,2
DA:27,0
DA:28,0
DA:29,0
DA:33,0
DA:34,0
DA:35,0
DA:36,0
DA:37,0
DA:42,0
DA:43,0
DA:44,0
DA:48,0
DA:55,2
DA:57,0
DA:59,0
DA:60,0
DA:61,0
DA:64,0
DA:65,0
DA:69,0
DA:89,2
DA:90,0
DA:91,0
DA:94,0
DA:95,0
DA:96,0
DA:98,0
DA:99,0
DA:100,0
DA:104,0
DA:105,0
DA:106,0
DA:109,0
DA:111,0
DA:122,0
DA:124,0
DA:125,0
DA:126,0
DA:127,0
DA:129,0
DA:135,2
DA:136,0
DA:137,0
DA:143,2
DA:144,0
DA:145,0
DA:146,0
DA:148,0
DA:154,2
DA:155,0
DA:161,2
DA:162,0
DA:165,2
DA:166,0
DA:172,2
DA:173,0
DA:174,0
DA:175,0
DA:178,0
DA:179,0
DA:180,0
DA:181,0
DA:184,0
DA:193,2
DA:194,0
DA:195,0
DA:196,0
DA:199,0
DA:200,0
DA:201,0
DA:205,0
DA:206,0
DA:208,0
DA:214,2
DA:215,0
DA:221,2
DA:222,0
DA:228,0
DA:229,0
DA:231,0
DA:232,0
DA:234,0
DA:240,2
DA:241,0
DA:244,2
LF:94
LH:20
BRDA:16,0,0,0
BRDA:16,0,1,0
BRDA:17,1,0,0
BRDA:17,1,1,0
BRDA:28,2,0,0
BRDA:28,2,1,0
BRDA:28,3,0,0
BRDA:28,3,1,0
BRDA:33,4,0,0
BRDA:33,4,1,0
BRDA:36,5,0,0
BRDA:36,5,1,0
BRDA:42,6,0,0
BRDA:42,6,1,0
BRDA:42,7,0,0
BRDA:42,7,1,0
BRDA:43,8,0,0
BRDA:43,8,1,0
BRDA:60,9,0,0
BRDA:60,9,1,0
BRDA:65,10,0,0
BRDA:65,10,1,0
BRDA:90,11,0,0
BRDA:90,11,1,0
BRDA:90,12,0,0
BRDA:90,12,1,0
BRDA:90,12,2,0
BRDA:90,12,3,0
BRDA:90,12,4,0
BRDA:99,13,0,0
BRDA:99,13,1,0
BRDA:99,14,0,0
BRDA:99,14,1,0
BRDA:99,14,2,0
BRDA:105,15,0,0
BRDA:105,15,1,0
BRDA:145,16,0,0
BRDA:145,16,1,0
BRDA:174,17,0,0
BRDA:174,17,1,0
BRDA:174,18,0,0
BRDA:174,18,1,0
BRDA:180,19,0,0
BRDA:180,19,1,0
BRDA:195,20,0,0
BRDA:195,20,1,0
BRDA:195,21,0,0
BRDA:195,21,1,0
BRDA:200,22,0,0
BRDA:200,22,1,0
BRDA:221,23,0,0
BRDA:221,24,0,0
BRDA:221,25,0,0
BRDA:221,26,0,0
BRDA:228,27,0,0
BRDA:228,27,1,0
BRDA:229,28,0,0
BRDA:229,28,1,0
BRDA:231,29,0,0
BRDA:231,29,1,0
BRDA:232,30,0,0
BRDA:232,30,1,0
BRF:62
BRH:0
end_of_record
TN:
SF:src\modules\ownerships\ownerships.validator.js
FN:3,(anonymous_0)
FNF:1
FNH:0
FNDA:0,(anonymous_0)
DA:1,2
DA:3,2
DA:4,0
DA:5,0
DA:8,0
DA:9,0
DA:10,0
DA:11,0
DA:12,0
DA:16,0
DA:19,2
LF:11
LH:3
BRDA:4,0,0,0
BRDA:4,0,1,0
BRDA:4,1,0,0
BRDA:4,1,1,0
BRDA:9,2,0,0
BRDA:9,2,1,0
BRDA:11,3,0,0
BRDA:11,3,1,0
BRF:8
BRH:0
end_of_record
TN:
SF:src\modules\uploads\uploads.controller.js
FN:7,(anonymous_0)
FN:16,(anonymous_1)
FN:28,(anonymous_2)
FNF:3
FNH:0
FNDA:0,(anonymous_0)
FNDA:0,(anonymous_1)
FNDA:0,(anonymous_2)
DA:1,2
DA:7,2
DA:8,0
DA:9,0
DA:16,2
DA:17,0
DA:18,0
DA:20,0
DA:21,0
DA:28,2
DA:29,0
DA:30,0
DA:33,2
LF:13
LH:5
BRF:0
BRH:0
end_of_record
TN:
SF:src\modules\uploads\uploads.routes.js
FNF:0
FNH:0
DA:1,2
DA:2,2
DA:3,2
DA:4,2
DA:6,2
DA:9,2
DA:17,2
DA:24,2
DA:31,2
DA:37,2
LF:10
LH:10
BRF:0
BRH:0
end_of_record
TN:
SF:src\modules\uploads\uploads.service.js
FN:9,(anonymous_0)
FN:17,(anonymous_1)
FN:42,(anonymous_2)
FN:67,(anonymous_3)
FN:76,(anonymous_4)
FNF:5
FNH:0
FNDA:0,(anonymous_0)
FNDA:0,(anonymous_1)
FNDA:0,(anonymous_2)
FNDA:0,(anonymous_3)
FNDA:0,(anonymous_4)
DA:1,2
DA:9,2
DA:10,0
DA:11,0
DA:17,2
DA:18,0
DA:19,0
DA:20,0
DA:21,0
DA:24,0
DA:25,0
DA:26,0
DA:27,0
DA:30,0
DA:31,0
DA:33,0
DA:42,2
DA:43,0
DA:44,0
DA:45,0
DA:46,0
DA:49,0
DA:50,0
DA:51,0
DA:52,0
DA:55,0
DA:56,0
DA:58,0
DA:67,2
DA:68,0
DA:69,0
DA:70,0
DA:71,0
DA:75,0
DA:76,0
DA:78,0
DA:79,0
DA:80,0
DA:81,0
DA:84,0
DA:85,0
DA:87,0
DA:93,2
LF:43
LH:6
BRDA:18,0,0,0
BRDA:18,0,1,0
BRDA:24,1,0,0
BRDA:24,1,1,0
BRDA:43,2,0,0
BRDA:43,2,1,0
BRDA:49,3,0,0
BRDA:49,3,1,0
BRDA:68,4,0,0
BRDA:68,4,1,0
BRDA:76,5,0,0
BRDA:76,5,1,0
BRDA:78,6,0,0
BRDA:78,6,1,0
BRF:14
BRH:0
end_of_record
TN:
SF:src\modules\users\user.mapper.js
FN:12,(anonymous_0)
FNF:1
FNH:1
FNDA:55,(anonymous_0)
DA:12,3
DA:13,55
DA:14,55
DA:23,3
LF:4
LH:4
BRDA:13,0,0,0
BRDA:13,0,1,55
BRDA:18,1,0,55
BRDA:18,1,1,0
BRDA:19,2,0,55
BRDA:19,2,1,0
BRF:6
BRH:3
end_of_record
TN:
SF:src\modules\users\users.controller.js
FN:7,(anonymous_0)
FN:19,(anonymous_1)
FN:32,(anonymous_2)
FN:44,(anonymous_3)
FN:56,(anonymous_4)
FNF:5
FNH:0
FNDA:0,(anonymous_0)
FNDA:0,(anonymous_1)
FNDA:0,(anonymous_2)
FNDA:0,(anonymous_3)
FNDA:0,(anonymous_4)
DA:1,2
DA:7,2
DA:8,0
DA:9,0
DA:19,2
DA:20,0
DA:21,0
DA:32,2
DA:33,0
DA:34,0
DA:44,2
DA:45,0
DA:46,0
DA:56,2
DA:57,0
DA:58,0
DA:64,2
LF:17
LH:7
BRF:0
BRH:0
end_of_record
TN:
SF:src\modules\users\users.repository.js
FN:44,(anonymous_0)
FN:52,(anonymous_1)
FN:53,(anonymous_2)
FN:70,(anonymous_3)
FN:78,(anonymous_4)
FN:79,(anonymous_5)
FN:100,(anonymous_6)
FN:130,(anonymous_7)
FN:131,(anonymous_8)
FN:149,(anonymous_9)
FN:156,(anonymous_10)
FN:157,(anonymous_11)
FN:170,(anonymous_12)
FN:183,(anonymous_13)
FN:192,(anonymous_14)
FN:193,(anonymous_15)
FN:210,(anonymous_16)
FN:218,(anonymous_17)
FN:219,(anonymous_18)
FNF:19
FNH:15
FNDA:11,(anonymous_0)
FNDA:11,(anonymous_1)
FNDA:11,(anonymous_2)
FNDA:59,(anonymous_3)
FNDA:59,(anonymous_4)
FNDA:59,(anonymous_5)
FNDA:15,(anonymous_6)
FNDA:15,(anonymous_7)
FNDA:15,(anonymous_8)
FNDA:0,(anonymous_9)
FNDA:0,(anonymous_10)
FNDA:0,(anonymous_11)
FNDA:0,(anonymous_12)
FNDA:34,(anonymous_13)
FNDA:34,(anonymous_14)
FNDA:34,(anonymous_15)
FNDA:4,(anonymous_16)
FNDA:4,(anonymous_17)
FNDA:4,(anonymous_18)
DA:14,3
DA:15,3
DA:16,3
DA:19,3
DA:44,3
DA:45,11
DA:46,11
DA:52,11
DA:53,11
DA:54,11
DA:55,0
DA:57,11
DA:70,3
DA:71,59
DA:72,59
DA:78,59
DA:79,59
DA:80,59
DA:81,0
DA:83,59
DA:90,3
DA:100,3
DA:101,15
DA:102,0
DA:104,15
DA:105,0
DA:108,15
DA:109,15
DA:120,15
DA:130,15
DA:131,15
DA:132,15
DA:133,1
DA:135,14
DA:149,3
DA:150,0
DA:156,0
DA:157,0
DA:158,0
DA:159,0
DA:161,0
DA:170,3
DA:171,0
DA:183,3
DA:184,34
DA:185,0
DA:187,34
DA:192,34
DA:193,34
DA:194,34
DA:195,0
DA:197,34
DA:210,3
DA:211,4
DA:212,4
DA:218,4
DA:219,4
DA:220,4
DA:221,0
DA:223,4
DA:229,3
DA:231,3
LF:62
LH:48
BRDA:44,0,0,11
BRDA:45,1,0,11
BRDA:45,1,1,11
BRDA:54,2,0,0
BRDA:54,2,1,11
BRDA:70,3,0,59
BRDA:71,4,0,59
BRDA:71,4,1,59
BRDA:80,5,0,0
BRDA:80,5,1,59
BRDA:101,6,0,0
BRDA:101,6,1,15
BRDA:101,7,0,15
BRDA:101,7,1,15
BRDA:104,8,0,0
BRDA:104,8,1,15
BRDA:108,9,0,15
BRDA:108,9,1,0
BRDA:123,10,0,15
BRDA:123,10,1,15
BRDA:125,11,0,15
BRDA:125,11,1,0
BRDA:126,12,0,15
BRDA:126,12,1,0
BRDA:127,13,0,15
BRDA:127,13,1,15
BRDA:132,14,0,1
BRDA:132,14,1,14
BRDA:158,15,0,0
BRDA:158,15,1,0
BRDA:184,16,0,0
BRDA:184,16,1,34
BRDA:184,17,0,34
BRDA:184,17,1,34
BRDA:194,18,0,0
BRDA:194,18,1,34
BRDA:210,19,0,4
BRDA:211,20,0,4
BRDA:211,20,1,4
BRDA:220,21,0,0
BRDA:220,21,1,4
BRDA:223,22,0,4
BRDA:223,22,1,1
BRF:43
BRH:31
end_of_record
TN:
SF:src\modules\users\users.routes.js
FNF:0
FNH:0
DA:1,2
DA:2,2
DA:3,2
DA:5,2
DA:7,2
DA:8,2
DA:9,2
DA:10,2
DA:11,2
DA:13,2
LF:10
LH:10
BRF:0
BRH:0
end_of_record
TN:
SF:src\modules\users\users.service.js
FN:9,(anonymous_0)
FN:25,(anonymous_1)
FN:44,(anonymous_2)
FN:51,(anonymous_3)
FN:83,(anonymous_4)
FNF:5
FNH:0
FNDA:0,(anonymous_0)
FNDA:0,(anonymous_1)
FNDA:0,(anonymous_2)
FNDA:0,(anonymous_3)
FNDA:0,(anonymous_4)
DA:1,2
DA:2,2
DA:3,2
DA:4,2
DA:9,2
DA:10,0
DA:11,0
DA:14,0
DA:15,0
DA:16,0
DA:19,0
DA:25,2
DA:26,0
DA:29,0
DA:30,0
DA:31,0
DA:35,0
DA:37,0
DA:38,0
DA:44,2
DA:45,0
DA:51,2
DA:52,0
DA:53,0
DA:56,0
DA:57,0
DA:58,0
DA:59,0
DA:64,0
DA:65,0
DA:68,0
DA:69,0
DA:72,0
DA:73,0
DA:74,0
DA:77,0
DA:83,2
DA:84,0
DA:85,0
DA:87,0
DA:88,0
DA:89,0
DA:92,0
DA:95,2
LF:44
LH:10
BRDA:10,0,0,0
BRDA:10,0,1,0
BRDA:15,1,0,0
BRDA:15,1,1,0
BRDA:30,2,0,0
BRDA:30,2,1,0
BRDA:56,3,0,0
BRDA:56,3,1,0
BRDA:56,4,0,0
BRDA:56,4,1,0
BRDA:58,5,0,0
BRDA:58,5,1,0
BRDA:64,6,0,0
BRDA:64,6,1,0
BRDA:68,7,0,0
BRDA:68,7,1,0
BRDA:73,8,0,0
BRDA:73,8,1,0
BRDA:88,9,0,0
BRDA:88,9,1,0
BRF:20
BRH:0
end_of_record
TN:
SF:src\modules\users\users.validator.js
FN:6,(anonymous_0)
FN:9,(anonymous_1)
FN:18,(anonymous_2)
FN:65,(anonymous_3)
FN:128,(anonymous_4)
FNF:5
FNH:0
FNDA:0,(anonymous_0)
FNDA:0,(anonymous_1)
FNDA:0,(anonymous_2)
FNDA:0,(anonymous_3)
FNDA:0,(anonymous_4)
DA:1,2
DA:3,2
DA:4,2
DA:6,2
DA:7,0
DA:9,2
DA:10,0
DA:11,0
DA:18,2
DA:19,0
DA:20,0
DA:23,0
DA:24,0
DA:25,0
DA:27,0
DA:28,0
DA:30,0
DA:31,0
DA:33,0
DA:34,0
DA:36,0
DA:37,0
DA:40,0
DA:41,0
DA:42,0
DA:45,0
DA:46,0
DA:47,0
DA:50,0
DA:65,2
DA:66,0
DA:67,0
DA:70,0
DA:72,0
DA:73,0
DA:74,0
DA:75,0
DA:77,0
DA:80,0
DA:81,0
DA:82,0
DA:83,0
DA:85,0
DA:86,0
DA:88,0
DA:91,0
DA:92,0
DA:93,0
DA:95,0
DA:98,0
DA:99,0
DA:100,0
DA:101,0
DA:103,0
DA:106,0
DA:107,0
DA:108,0
DA:109,0
DA:111,0
DA:114,0
DA:115,0
DA:118,0
DA:119,0
DA:122,0
DA:128,2
DA:129,0
DA:130,0
DA:132,0
DA:133,0
DA:134,0
DA:136,0
DA:139,2
LF:72
LH:9
BRDA:7,0,0,0
BRDA:7,0,1,0
BRDA:19,1,0,0
BRDA:19,1,1,0
BRDA:27,2,0,0
BRDA:27,2,1,0
BRDA:30,3,0,0
BRDA:30,3,1,0
BRDA:33,4,0,0
BRDA:33,4,1,0
BRDA:36,5,0,0
BRDA:36,5,1,0
BRDA:40,6,0,0
BRDA:40,6,1,0
BRDA:41,7,0,0
BRDA:41,7,1,0
BRDA:45,8,0,0
BRDA:45,8,1,0
BRDA:46,9,0,0
BRDA:46,9,1,0
BRDA:54,10,0,0
BRDA:54,10,1,0
BRDA:55,11,0,0
BRDA:55,11,1,0
BRDA:66,12,0,0
BRDA:66,12,1,0
BRDA:72,13,0,0
BRDA:72,13,1,0
BRDA:74,14,0,0
BRDA:74,14,1,0
BRDA:80,15,0,0
BRDA:80,15,1,0
BRDA:82,16,0,0
BRDA:82,16,1,0
BRDA:85,17,0,0
BRDA:85,17,1,0
BRDA:91,18,0,0
BRDA:91,18,1,0
BRDA:92,19,0,0
BRDA:92,19,1,0
BRDA:92,20,0,0
BRDA:92,20,1,0
BRDA:98,21,0,0
BRDA:98,21,1,0
BRDA:100,22,0,0
BRDA:100,22,1,0
BRDA:106,23,0,0
BRDA:106,23,1,0
BRDA:108,24,0,0
BRDA:108,24,1,0
BRDA:114,25,0,0
BRDA:114,25,1,0
BRDA:115,26,0,0
BRDA:115,26,1,0
BRDA:118,27,0,0
BRDA:118,27,1,0
BRDA:119,28,0,0
BRDA:119,28,1,0
BRDA:129,29,0,0
BRDA:129,29,1,0
BRDA:129,30,0,0
BRDA:129,30,1,0
BRDA:133,31,0,0
BRDA:133,31,1,0
BRF:64
BRH:0
end_of_record
TN:
SF:src\storage\r2.service.js
FN:18,(anonymous_0)
FN:34,(anonymous_1)
FN:49,(anonymous_2)
FN:58,(anonymous_3)
FN:59,(anonymous_4)
FN:61,(anonymous_5)
FN:63,(anonymous_6)
FN:79,(anonymous_7)
FNF:8
FNH:0
FNDA:0,(anonymous_0)
FNDA:0,(anonymous_1)
FNDA:0,(anonymous_2)
FNDA:0,(anonymous_3)
FNDA:0,(anonymous_4)
FNDA:0,(anonymous_5)
FNDA:0,(anonymous_6)
FNDA:0,(anonymous_7)
DA:1,2
DA:2,2
DA:18,2
DA:19,0
DA:25,0
DA:34,2
DA:35,0
DA:39,0
DA:49,2
DA:50,0
DA:55,0
DA:58,0
DA:59,0
DA:60,0
DA:61,0
DA:62,0
DA:63,0
DA:66,0
DA:67,0
DA:79,2
DA:80,0
DA:87,0
DA:91,0
DA:94,2
LF:24
LH:7
BRDA:79,0,0,0
BRDA:82,1,0,0
BRDA:82,1,1,0
BRDA:83,2,0,0
BRDA:83,2,1,0
BRDA:84,3,0,0
BRDA:84,3,1,0
BRF:7
BRH:0
end_of_record
TN:
SF:src\storage\storage.service.js
FN:8,(anonymous_0)
FN:18,(anonymous_1)
FN:39,(anonymous_2)
FN:52,(anonymous_3)
FN:66,(anonymous_4)
FNF:5
FNH:0
FNDA:0,(anonymous_0)
FNDA:0,(anonymous_1)
FNDA:0,(anonymous_2)
FNDA:0,(anonymous_3)
FNDA:0,(anonymous_4)
DA:1,2
DA:2,2
DA:3,2
DA:8,2
DA:9,0
DA:18,2
DA:19,0
DA:20,0
DA:25,0
DA:26,0
DA:39,2
DA:40,0
DA:41,0
DA:46,0
DA:52,2
DA:53,0
DA:54,0
DA:60,0
DA:66,2
DA:67,0
DA:68,0
DA:72,0
DA:75,2
LF:23
LH:9
BRDA:28,0,0,0
BRDA:28,0,1,0
BRDA:39,1,0,0
BRF:3
BRH:0
end_of_record
TN:
SF:src\utils\audit.js
FN:16,(anonymous_0)
FN:45,(anonymous_1)
FN:59,(anonymous_2)
FN:72,(anonymous_3)
FN:86,(anonymous_4)
FNF:5
FNH:3
FNDA:62,(anonymous_0)
FNDA:13,(anonymous_1)
FNDA:33,(anonymous_2)
FNDA:0,(anonymous_3)
FNDA:0,(anonymous_4)
DA:6,3
DA:16,3
DA:17,62
DA:18,0
DA:23,0
DA:27,62
DA:36,3
DA:46,13
DA:60,33
DA:73,0
DA:87,0
DA:96,3
LF:12
LH:8
BRDA:17,0,0,0
BRDA:17,0,1,62
BRDA:17,1,0,62
BRDA:17,1,1,62
BRDA:17,1,2,62
BRDA:30,2,0,62
BRDA:30,2,1,0
BRDA:31,3,0,62
BRDA:31,3,1,0
BRDA:32,4,0,62
BRDA:32,4,1,33
BRDA:45,5,0,0
BRDA:59,6,0,0
BRDA:72,7,0,0
BRDA:86,8,0,0
BRF:15
BRH:8
end_of_record
TN:
SF:src\utils\catchAsync.js
FN:5,(anonymous_0)
FN:6,(anonymous_1)
FNF:2
FNH:2
FNDA:62,(anonymous_0)
FNDA:82,(anonymous_1)
DA:5,2
DA:6,62
DA:7,82
DA:11,2
LF:4
LH:4
BRF:0
BRH:0
end_of_record
TN:
SF:src\utils\cookie.js
FN:8,(anonymous_0)
FN:25,(anonymous_1)
FN:35,(anonymous_2)
FNF:3
FNH:1
FNDA:0,(anonymous_0)
FNDA:0,(anonymous_1)
FNDA:8,(anonymous_2)
DA:6,2
DA:8,2
DA:9,0
DA:25,2
DA:26,0
DA:35,2
DA:36,8
DA:44,2
LF:8
LH:6
BRDA:11,0,0,0
BRDA:11,0,1,0
BRDA:39,1,0,8
BRDA:39,1,1,8
BRF:4
BRH:2
end_of_record
TN:
SF:src\utils\email.js
FN:12,(anonymous_0)
FN:23,(anonymous_1)
FNF:2
FNH:2
FNDA:113,(anonymous_0)
FNDA:55,(anonymous_1)
DA:12,3
DA:13,113
DA:14,113
DA:23,3
DA:24,55
DA:25,55
DA:27,55
DA:28,55
DA:31,3
LF:9
LH:9
BRDA:13,0,0,0
BRDA:13,0,1,113
BRDA:24,1,0,0
BRDA:24,1,1,55
BRDA:25,2,0,0
BRDA:25,2,1,55
BRF:6
BRH:3
end_of_record
TN:
SF:src\utils\id.js
FN:12,(anonymous_0)
FN:20,(anonymous_1)
FNF:2
FNH:2
FNDA:16,(anonymous_0)
FNDA:109,(anonymous_1)
DA:6,3
DA:12,3
DA:13,16
DA:20,3
DA:21,109
DA:24,3
LF:6
LH:6
BRF:0
BRH:0
end_of_record
TN:
SF:src\utils\jwt.js
FN:14,(anonymous_0)
FN:30,(anonymous_1)
FN:44,(anonymous_2)
FN:60,(anonymous_3)
FN:74,(anonymous_4)
FNF:5
FNH:5
FNDA:55,(anonymous_0)
FNDA:6,(anonymous_1)
FNDA:59,(anonymous_2)
FNDA:24,(anonymous_3)
FNDA:1,(anonymous_4)
DA:6,3
DA:14,3
DA:15,55
DA:16,55
DA:17,0
DA:19,55
DA:30,3
DA:31,6
DA:32,6
DA:33,0
DA:35,6
DA:44,3
DA:45,59
DA:46,59
DA:47,0
DA:49,59
DA:60,3
DA:61,24
DA:62,24
DA:63,0
DA:65,24
DA:74,3
DA:75,1
DA:78,3
LF:24
LH:20
BRDA:16,0,0,0
BRDA:16,0,1,55
BRDA:20,1,0,55
BRDA:20,1,1,55
BRDA:32,2,0,0
BRDA:32,2,1,6
BRDA:46,3,0,0
BRDA:46,3,1,59
BRDA:50,4,0,59
BRDA:50,4,1,59
BRDA:62,5,0,0
BRDA:62,5,1,24
BRF:12
BRH:8
end_of_record
TN:
SF:src\utils\logger.js
FN:17,(anonymous_0)
FN:49,(anonymous_1)
FN:53,(anonymous_2)
FN:57,(anonymous_3)
FNF:4
FNH:4
FNDA:92,(anonymous_0)
FNDA:60,(anonymous_1)
FNDA:28,(anonymous_2)
FNDA:4,(anonymous_3)
DA:6,3
DA:9,3
DA:17,3
DA:18,92
DA:19,92
DA:20,92
DA:22,92
DA:27,92
DA:28,92
DA:31,92
DA:33,92
DA:34,92
DA:40,0
DA:46,3
DA:50,60
DA:54,28
DA:58,4
DA:62,3
LF:18
LH:17
BRDA:18,0,0,92
BRDA:18,0,1,0
BRDA:20,1,0,92
BRDA:20,1,1,0
BRDA:27,2,0,92
BRDA:27,2,1,0
BRDA:31,3,0,92
BRDA:31,3,1,0
BRDA:31,4,0,92
BRDA:31,4,1,92
BRF:10
BRH:6
end_of_record
TN:
SF:src\utils\password.js
FN:14,(anonymous_0)
FN:25,(anonymous_1)
FNF:2
FNH:2
FNDA:16,(anonymous_0)
FNDA:36,(anonymous_1)
DA:6,3
DA:14,3
DA:15,16
DA:25,3
DA:26,36
DA:29,3
LF:6
LH:6
BRF:0
BRH:0
end_of_record
TN:
SF:src\utils\passwordPolicy.js
FN:18,(anonymous_0)
FNF:1
FNH:1
FNDA:15,(anonymous_0)
DA:18,2
DA:19,15
DA:20,15
DA:22,14
DA:23,14
DA:24,14
DA:25,14
DA:27,14
DA:30,2
LF:9
LH:9
BRDA:19,0,0,0
BRDA:19,0,1,15
BRDA:20,1,0,1
BRDA:20,1,1,14
BRDA:20,2,0,15
BRDA:20,2,1,14
BRDA:27,3,0,14
BRDA:27,3,1,14
BRDA:27,3,2,14
BRDA:27,3,3,14
BRF:10
BRH:9
end_of_record
TN:
SF:src\utils\token.js
FN:13,(anonymous_0)
FN:24,(anonymous_1)
FNF:2
FNH:1
FNDA:70,(anonymous_0)
FNDA:0,(anonymous_1)
DA:6,3
DA:13,3
DA:14,70
DA:15,70
DA:24,3
DA:25,0
DA:27,0
DA:28,0
DA:29,0
DA:31,0
DA:32,0
DA:35,0
DA:38,3
LF:13
LH:6
BRDA:14,0,0,0
BRDA:14,0,1,70
BRDA:25,1,0,0
BRDA:25,1,1,0
BRDA:25,2,0,0
BRDA:25,2,1,0
BRDA:31,3,0,0
BRDA:31,3,1,0
BRF:8
BRH:1
end_of_record
